---- START at 2025-09-08 15:20:44, Target=369/369 ----
[3/369] RONZOJ_clean_DDEC_CO2_298.0K_5.0bar_12.5 Done. TimeForThis=667.1s, Completed=1/369, ETA=2025-09-11 11:43:20
[8/369] TIQGIK_clean_DDEC_CO2_298.0K_5.0bar_12.5 Done. TimeForThis=1081.9s, Completed=2/369, ETA=2025-09-10 22:47:30
[20/369] YARYUL_clean_DDEC_CO2_298.0K_5.0bar_12.5 Done. TimeForThis=1221.4s, Completed=3/369, ETA=2025-09-10 09:04:40
[17/369] EDAVOV_clean_DDEC_CO2_298.0K_5.0bar_12.5 Done. TimeForThis=1259.7s, Completed=4/369, ETA=2025-09-09 23:37:32
[13/369] QUGBUQ_clean_DDEC_CO2_298.0K_5.0bar_12.5 Done. TimeForThis=1538.5s, Completed=5/369, ETA=2025-09-09 22:53:09
[28/369] SOPPOD_clean_DDEC_CO2_298.0K_5.0bar_12.5 Done. TimeForThis=2343.9s, Completed=6/369, ETA=2025-09-10 07:23:14
[9/369] WOHBIF_clean_DDEC_CO2_298.0K_5.0bar_12.5 Done. TimeForThis=3390.8s, Completed=7/369, ETA=2025-09-10 16:59:49
[18/369] ATIRUS_clean_DDEC_CO2_298.0K_5.0bar_12.5 Done. TimeForThis=3527.9s, Completed=8/369, ETA=2025-09-10 12:32:50
[1/369] REYCEF_clean_DDEC_CO2_298.0K_5.0bar_12.5 Done. TimeForThis=3696.4s, Completed=9/369, ETA=2025-09-10 09:26:37
[11/369] LORMOW_clean_DDEC_CO2_298.0K_5.0bar_12.5 Done. TimeForThis=3784.7s, Completed=10/369, ETA=2025-09-10 06:08:19
[27/369] KOFPEB03_clean_DDEC_CO2_298.0K_5.0bar_12.5 Done. TimeForThis=4578.6s, Completed=11/369, ETA=2025-09-10 10:00:35
[26/369] ULEHEA_clean_DDEC_CO2_298.0K_5.0bar_12.5 Done. TimeForThis=4796.2s, Completed=12/369, ETA=2025-09-10 08:18:48
[25/369] XUMVAD_clean_DDEC_CO2_298.0K_5.0bar_12.5 Done. TimeForThis=4869.3s, Completed=13/369, ETA=2025-09-10 05:44:17
[4/369] ELIKIU_clean_DDEC_CO2_298.0K_5.0bar_12.5 Done. TimeForThis=4876.2s, Completed=14/369, ETA=2025-09-10 03:02:49
[21/369] BUQWER_clean_DDEC_CO2_298.0K_5.0bar_12.5 Done. TimeForThis=5118.0s, Completed=15/369, ETA=2025-09-10 02:19:07
[15/369] GEDSAL_clean_DDEC_CO2_298.0K_5.0bar_12.5 Done. TimeForThis=5373.8s, Completed=16/369, ETA=2025-09-10 01:46:19
[12/369] GEDRAK_clean_DDEC_CO2_298.0K_5.0bar_12.5 Done. TimeForThis=5482.4s, Completed=17/369, ETA=2025-09-10 00:24:06
[2/369] QADWOK_clean_DDEC_CO2_298.0K_5.0bar_12.5 Done. TimeForThis=5484.9s, Completed=18/369, ETA=2025-09-09 22:34:46
[33/369] HADLOQ01_clean_DDEC_CO2_298.0K_5.0bar_12.5 Done. TimeForThis=4167.2s, Completed=19/369, ETA=2025-09-09 22:07:35
[29/369] TACPET_clean_DDEC_CO2_298.0K_5.0bar_12.5 Done. TimeForThis=5234.7s, Completed=20/369, ETA=2025-09-09 21:35:32
[23/369] WENKOR_clean_DDEC_CO2_298.0K_5.0bar_12.5 Done. TimeForThis=5976.0s, Completed=21/369, ETA=2025-09-09 20:30:52
[22/369] ZEJCUO_clean_DDEC_CO2_298.0K_5.0bar_12.5 Done. TimeForThis=6440.7s, Completed=22/369, ETA=2025-09-09 21:21:13
[32/369] BETGAK_clean_DDEC_CO2_298.0K_5.0bar_12.5 Done. TimeForThis=5863.0s, Completed=23/369, ETA=2025-09-09 23:05:17
[16/369] NARNAY_clean_DDEC_CO2_298.0K_5.0bar_12.5 Done. TimeForThis=7421.8s, Completed=24/369, ETA=2025-09-09 23:02:34
[39/369] XAMLUS_clean_DDEC_CO2_298.0K_5.0bar_12.5 Done. TimeForThis=2843.7s, Completed=25/369, ETA=2025-09-09 21:46:37
[30/369] MASZUD_clean_DDEC_CO2_298.0K_5.0bar_12.5 Done. TimeForThis=6847.1s, Completed=26/369, ETA=2025-09-09 22:36:15
[49/369] IJENER_clean_DDEC_CO2_298.0K_5.0bar_12.5 Done. TimeForThis=2077.3s, Completed=27/369, ETA=2025-09-09 21:55:07
[46/369] FECYIX_clean_DDEC_CO2_298.0K_5.0bar_12.5 Done. TimeForThis=2660.7s, Completed=28/369, ETA=2025-09-09 21:09:52
[55/369] ISIMAZ_clean_DDEC_CO2_298.0K_5.0bar_12.5 Done. TimeForThis=356.5s, Completed=29/369, ETA=2025-09-09 21:04:13
[43/369] NOCZAI_clean_DDEC_CO2_298.0K_5.0bar_12.5 Done. TimeForThis=3368.2s, Completed=30/369, ETA=2025-09-09 20:20:24
[50/369] RALZEL_clean_DDEC_CO2_298.0K_5.0bar_12.5 Done. TimeForThis=2196.5s, Completed=31/369, ETA=2025-09-09 19:54:15
[45/369] MOYYEF_clean_DDEC_CO2_298.0K_5.0bar_12.5 Done. TimeForThis=3430.2s, Completed=32/369, ETA=2025-09-09 19:53:38
[42/369] MUVHAN_clean_DDEC_CO2_298.0K_5.0bar_12.5 Done. TimeForThis=4240.7s, Completed=33/369, ETA=2025-09-09 19:39:48
[37/369] EGELUY_SL_DDEC_CO2_298.0K_5.0bar_12.5 Done. TimeForThis=5591.0s, Completed=34/369, ETA=2025-09-09 19:20:40
[41/369] ADODUU_clean_DDEC_CO2_298.0K_5.0bar_12.5 Done. TimeForThis=4439.8s, Completed=35/369, ETA=2025-09-09 18:36:29
[47/369] ZONBAH_clean_DDEC_CO2_298.0K_5.0bar_12.5 Done. TimeForThis=3752.9s, Completed=36/369, ETA=2025-09-09 18:16:36
[36/369] LAGMUD_clean_DDEC_CO2_298.0K_5.0bar_12.5 Done. TimeForThis=6902.5s, Completed=37/369, ETA=2025-09-09 20:14:26
[40/369] GAWJEV_clean_DDEC_CO2_298.0K_5.0bar_12.5 Done. TimeForThis=5892.7s, Completed=38/369, ETA=2025-09-09 20:10:40
[52/369] XUMVOS_clean_DDEC_CO2_298.0K_5.0bar_12.5 Done. TimeForThis=3651.2s, Completed=39/369, ETA=2025-09-09 20:26:52
[19/369] ABUWOJ_clean_DDEC_CO2_298.0K_5.0bar_12.5 Done. TimeForThis=11113.5s, Completed=40/369, ETA=2025-09-09 19:49:27
[56/369] OKAYOQ_clean_DDEC_CO2_298.0K_5.0bar_12.5 Done. TimeForThis=3025.9s, Completed=41/369, ETA=2025-09-09 19:16:28
[59/369] RUBHUS_clean_DDEC_CO2_298.0K_5.0bar_12.5 Done. TimeForThis=3145.4s, Completed=42/369, ETA=2025-09-09 20:06:03
[57/369] SISFEH_clean_DDEC_CO2_298.0K_5.0bar_12.5 Done. TimeForThis=3525.0s, Completed=43/369, ETA=2025-09-09 19:47:42
[61/369] UJEFOE_clean_DDEC_CO2_298.0K_5.0bar_12.5 Done. TimeForThis=3396.9s, Completed=44/369, ETA=2025-09-09 20:29:50
[10/369] KUJMEJ_clean_DDEC_CO2_298.0K_5.0bar_12.5 Done. TimeForThis=12605.6s, Completed=45/369, ETA=2025-09-09 20:03:31
[31/369] BOWNUY_clean_DDEC_CO2_298.0K_5.0bar_12.5 Done. TimeForThis=11606.4s, Completed=46/369, ETA=2025-09-09 19:55:46
[66/369] VAGJET_clean_DDEC_CO2_298.0K_5.0bar_12.5 Done. TimeForThis=2560.5s, Completed=47/369, ETA=2025-09-09 20:14:26
[5/369] OPAGIX_clean_DDEC_CO2_298.0K_5.0bar_12.5 Done. TimeForThis=13326.1s, Completed=48/369, ETA=2025-09-09 19:48:09
[64/369] AMALND_clean_DDEC_CO2_298.0K_5.0bar_12.5 Done. TimeForThis=3926.2s, Completed=49/369, ETA=2025-09-09 19:20:40
[7/369] DARSEV_SL_DDEC_CO2_298.0K_5.0bar_12.5 Done. TimeForThis=13565.7s, Completed=50/369, ETA=2025-09-09 19:09:19
[34/369] COKQEA_clean_DDEC_CO2_298.0K_5.0bar_12.5 Done. TimeForThis=11751.8s, Completed=51/369, ETA=2025-09-09 19:40:31
[77/369] ZELROZ__clean_DDEC_CO2_298.0K_5.0bar_12.5 Done. TimeForThis=929.2s, Completed=52/369, ETA=2025-09-09 19:33:39
[6/369] RUSXAG_clean_DDEC_CO2_298.0K_5.0bar_12.5 Done. TimeForThis=14424.2s, Completed=53/369, ETA=2025-09-09 19:14:30
[35/369] VAGTAA01_clean_DDEC_CO2_298.0K_5.0bar_12.5 Done. TimeForThis=11316.8s, Completed=54/369, ETA=2025-09-09 19:15:47
[60/369] QIVBUT_clean_DDEC_CO2_298.0K_5.0bar_12.5 Done. TimeForThis=5847.2s, Completed=55/369, ETA=2025-09-09 18:51:10
[44/369] EWASIG_clean_DDEC_CO2_298.0K_5.0bar_12.5 Done. TimeForThis=9505.7s, Completed=56/369, ETA=2025-09-09 18:34:50
[72/369] KEHGOV__clean_DDEC_CO2_298.0K_5.0bar_12.5 Done. TimeForThis=2504.3s, Completed=57/369, ETA=2025-09-09 18:21:07
[53/369] DAWWIJ_clean_DDEC_CO2_298.0K_5.0bar_12.5 Done. TimeForThis=8098.0s, Completed=58/369, ETA=2025-09-09 18:46:25
[54/369] QITYOI_clean_DDEC_CO2_298.0K_5.0bar_12.5 Done. TimeForThis=8217.4s, Completed=59/369, ETA=2025-09-09 19:23:48
[78/369] FECWOB01_clean_DDEC_CO2_298.0K_5.0bar_12.5 Done. TimeForThis=3674.5s, Completed=60/369, ETA=2025-09-09 20:47:52
[70/369] TORPUN_clean_DDEC_CO2_298.0K_5.0bar_12.5 Done. TimeForThis=5651.2s, Completed=61/369, ETA=2025-09-09 20:38:25
[63/369] QUKYUR_clean_DDEC_CO2_298.0K_5.0bar_12.5 Done. TimeForThis=8266.2s, Completed=62/369, ETA=2025-09-09 20:24:06
[76/369] REDROI_clean_DDEC_CO2_298.0K_5.0bar_12.5 Done. TimeForThis=4659.6s, Completed=63/369, ETA=2025-09-09 20:36:30
[74/369] KOSJOT_clean_DDEC_CO2_298.0K_5.0bar_12.5 Done. TimeForThis=5538.8s, Completed=64/369, ETA=2025-09-09 20:45:39
[69/369] KAPHAL_clean_DDEC_CO2_298.0K_5.0bar_12.5 Done. TimeForThis=7314.1s, Completed=65/369, ETA=2025-09-09 20:29:46
[83/369] XUNGUJ_clean_DDEC_CO2_298.0K_5.0bar_12.5 Done. TimeForThis=3867.2s, Completed=66/369, ETA=2025-09-09 20:16:27
[67/369] QUQGAL_clean_DDEC_CO2_298.0K_5.0bar_12.5 Done. TimeForThis=7559.6s, Completed=67/369, ETA=2025-09-09 19:51:02
[82/369] GIKMOD09_clean_DDEC_CO2_298.0K_5.0bar_12.5 Done. TimeForThis=4467.3s, Completed=68/369, ETA=2025-09-09 20:14:57
[73/369] AGARUW_clean_DDEC_CO2_298.0K_5.0bar_12.5 Done. TimeForThis=6629.7s, Completed=69/369, ETA=2025-09-09 19:55:11
[84/369] QUZVEO_clean_DDEC_CO2_298.0K_5.0bar_12.5 Done. TimeForThis=4357.6s, Completed=70/369, ETA=2025-09-09 19:30:51
[87/369] QIDDAI02_clean_DDEC_CO2_298.0K_5.0bar_12.5 Done. TimeForThis=3224.1s, Completed=71/369, ETA=2025-09-09 19:18:36
[88/369] VUNCAJ_clean_DDEC_CO2_298.0K_5.0bar_12.5 Done. TimeForThis=2605.9s, Completed=72/369, ETA=2025-09-09 19:35:56
[24/369] LONWIW_clean_DDEC_CO2_298.0K_5.0bar_12.5 Done. TimeForThis=19876.7s, Completed=73/369, ETA=2025-09-09 19:15:17
[71/369] ODODIW_clean_DDEC_CO2_298.0K_5.0bar_12.5 Done. TimeForThis=8220.6s, Completed=74/369, ETA=2025-09-09 19:15:49
[62/369] AVAQIX01_clean_DDEC_CO2_298.0K_5.0bar_12.5 Done. TimeForThis=10942.3s, Completed=75/369, ETA=2025-09-09 18:59:35
[90/369] NIVNOW_clean_DDEC_CO2_298.0K_5.0bar_12.5 Done. TimeForThis=3433.7s, Completed=76/369, ETA=2025-09-09 19:40:48
[80/369] UTEMAJ_clean_DDEC_CO2_298.0K_5.0bar_12.5 Done. TimeForThis=6842.9s, Completed=77/369, ETA=2025-09-09 19:30:33
[79/369] WEGGAS_clean_DDEC_CO2_298.0K_5.0bar_12.5 Done. TimeForThis=7443.4s, Completed=78/369, ETA=2025-09-09 19:39:01

---- RESTART at 2025-09-08 22:27:53, Remain=291/369 ----
[27/369] CISMEY_clean_DDEC_CO2_298.0K_5.0bar_12.5 Done. TimeForThis=2459.6s, Completed=79/369, ETA=2025-09-09 01:39:22
[16/369] XIPTIA_clean_DDEC_CO2_298.0K_5.0bar_12.5 Done. TimeForThis=4313.3s, Completed=80/369, ETA=2025-09-09 03:59:28
[21/369] GOSBOH_clean_DDEC_CO2_298.0K_5.0bar_12.5 Done. TimeForThis=4890.0s, Completed=81/369, ETA=2025-09-09 04:39:10
[19/369] XEXLIX_clean_DDEC_CO2_298.0K_5.0bar_12.5 Done. TimeForThis=4905.1s, Completed=82/369, ETA=2025-09-09 04:35:47
[14/369] IPIFAP_clean_manual_DDEC_CO2_298.0K_5.0bar_12.5 Done. TimeForThis=5659.8s, Completed=83/369, ETA=2025-09-09 05:27:16
[23/369] JUKKIL_clean_DDEC_CO2_298.0K_5.0bar_12.5 Done. TimeForThis=5695.9s, Completed=84/369, ETA=2025-09-09 05:24:55
[25/369] OKILEA_clean_DDEC_CO2_298.0K_5.0bar_12.5 Done. TimeForThis=5718.2s, Completed=85/369, ETA=2025-09-09 05:21:37
[13/369] QUXRAE_clean_DDEC_CO2_298.0K_5.0bar_12.5 Done. TimeForThis=5873.5s, Completed=86/369, ETA=2025-09-09 05:27:55
[29/369] BEPVOJ01_clean_DDEC_CO2_298.0K_5.0bar_12.5 Done. TimeForThis=5908.7s, Completed=87/369, ETA=2025-09-09 05:25:35
[17/369] EKOKIA_clean_DDEC_CO2_298.0K_5.0bar_12.5 Done. TimeForThis=5975.2s, Completed=88/369, ETA=2025-09-09 05:25:28
[34/369] POFSIN_clean_DDEC_CO2_298.0K_5.0bar_12.5 Done. TimeForThis=465.6s, Completed=89/369, ETA=2025-09-09 05:31:10
[24/369] EBATUY_clean_DDEC_CO2_298.0K_5.0bar_12.5 Done. TimeForThis=6554.5s, Completed=90/369, ETA=2025-09-09 05:55:47
[18/369] VOLPET_clean_DDEC_CO2_298.0K_5.0bar_12.5 Done. TimeForThis=6930.5s, Completed=91/369, ETA=2025-09-09 06:16:16
[28/369] KAYBIX_clean_DDEC_CO2_298.0K_5.0bar_12.5 Done. TimeForThis=7117.3s, Completed=92/369, ETA=2025-09-09 06:23:40
[12/369] KAYBUJ_clean_DDEC_CO2_298.0K_5.0bar_12.5 Done. TimeForThis=7161.8s, Completed=93/369, ETA=2025-09-09 06:21:30
[26/369] ACOLIP_clean_DDEC_CO2_298.0K_5.0bar_12.5 Done. TimeForThis=7497.5s, Completed=94/369, ETA=2025-09-09 06:38:25
[33/369] MICNOC_clean_DDEC_CO2_298.0K_5.0bar_12.5 Done. TimeForThis=3227.7s, Completed=95/369, ETA=2025-09-09 07:14:23
[39/369] XAPGUQ_clean_DDEC_CO2_298.0K_5.0bar_12.5 Done. TimeForThis=3450.4s, Completed=96/369, ETA=2025-09-09 08:31:43
[15/369] TAKHAR_clean_DDEC_CO2_298.0K_5.0bar_12.5 Done. TimeForThis=9935.7s, Completed=97/369, ETA=2025-09-09 08:57:50
[32/369] IXAKAU_clean_DDEC_CO2_298.0K_5.0bar_12.5 Done. TimeForThis=5825.1s, Completed=98/369, ETA=2025-09-09 09:40:19
[35/369] VAZMEQ_clean_DDEC_CO2_298.0K_5.0bar_12.5 Done. TimeForThis=5157.5s, Completed=99/369, ETA=2025-09-09 09:42:07
[44/369] MOCHUI_clean_DDEC_CO2_298.0K_5.0bar_12.5 Done. TimeForThis=3949.4s, Completed=100/369, ETA=2025-09-09 09:51:14
[22/369] WEMFAX_clean_DDEC_CO2_298.0K_5.0bar_12.5 Done. TimeForThis=11306.4s, Completed=101/369, ETA=2025-09-09 09:56:21
[30/369] RAPYUE_clean_DDEC_CO2_298.0K_5.0bar_12.5 Done. TimeForThis=9154.4s, Completed=102/369, ETA=2025-09-09 10:08:09
[9/369] SUJNUH_clean_DDEC_CO2_298.0K_5.0bar_12.5 Done. TimeForThis=11995.6s, Completed=103/369, ETA=2025-09-09 10:24:08
[51/369] NIMVEL_clean_DDEC_CO2_298.0K_5.0bar_12.5 Done. TimeForThis=955.7s, Completed=104/369, ETA=2025-09-09 10:21:28
[43/369] PESTUD_clean_DDEC_CO2_298.0K_5.0bar_12.5 Done. TimeForThis=5742.5s, Completed=105/369, ETA=2025-09-09 11:01:06
[10/369] ROQVIE_clean_DDEC_CO2_298.0K_5.0bar_12.5 Done. TimeForThis=12879.4s, Completed=106/369, ETA=2025-09-09 10:55:08
[55/369] UJOKIP02_clean_DDEC_CO2_298.0K_5.0bar_12.5 Done. TimeForThis=1043.4s, Completed=107/369, ETA=2025-09-09 11:01:26
[40/369] QIYQAR_clean_DDEC_CO2_298.0K_5.0bar_12.5 Done. TimeForThis=7031.0s, Completed=108/369, ETA=2025-09-09 10:57:05
[36/369] UMEXUF_clean_DDEC_CO2_298.0K_5.0bar_12.5 Done. TimeForThis=7627.3s, Completed=109/369, ETA=2025-09-09 11:00:52
[31/369] UKAQIH_clean_DDEC_CO2_298.0K_5.0bar_12.5 Done. TimeForThis=9387.6s, Completed=110/369, ETA=2025-09-09 11:13:54
[7/369] FITJAU_clean_DDEC_CO2_298.0K_5.0bar_12.5 Done. TimeForThis=13967.8s, Completed=111/369, ETA=2025-09-09 11:21:47
[42/369] WAZQUL_clean_DDEC_CO2_298.0K_5.0bar_12.5 Done. TimeForThis=7099.7s, Completed=112/369, ETA=2025-09-09 11:18:18
[46/369] TUKCUZ_clean_DDEC_CO2_298.0K_5.0bar_12.5 Done. TimeForThis=5940.1s, Completed=113/369, ETA=2025-09-09 11:13:48
[53/369] SOCWOX_clean_DDEC_CO2_298.0K_5.0bar_12.5 Done. TimeForThis=3028.1s, Completed=114/369, ETA=2025-09-09 11:37:48
[8/369] NIGGIU_clean_DDEC_CO2_298.0K_5.0bar_12.5 Done. TimeForThis=15009.5s, Completed=115/369, ETA=2025-09-09 11:50:34
[48/369] PEYPIU_clean_DDEC_CO2_298.0K_5.0bar_12.5 Done. TimeForThis=5410.7s, Completed=116/369, ETA=2025-09-09 12:01:31
[5/369] ETEJIX_clean_DDEC_CO2_298.0K_5.0bar_12.5 Done. TimeForThis=15608.0s, Completed=117/369, ETA=2025-09-09 12:08:19
[49/369] VASFUT_clean_DDEC_CO2_298.0K_5.0bar_12.5 Done. TimeForThis=5332.9s, Completed=118/369, ETA=2025-09-09 12:24:18
[37/369] ARAFOP_clean_DDEC_CO2_298.0K_5.0bar_12.5 Done. TimeForThis=10396.8s, Completed=119/369, ETA=2025-09-09 12:28:45
[50/369] KOSLEL_clean_DDEC_CO2_298.0K_5.0bar_12.5 Done. TimeForThis=5842.8s, Completed=120/369, ETA=2025-09-09 12:43:34
[6/369] NIGGAM_clean_DDEC_CO2_298.0K_5.0bar_12.5 Done. TimeForThis=16986.9s, Completed=121/369, ETA=2025-09-09 12:51:17
[58/369] CODKOX_clean_DDEC_CO2_298.0K_5.0bar_12.5 Done. TimeForThis=3936.6s, Completed=122/369, ETA=2025-09-09 12:47:13
[57/369] GAXQIH_clean_DDEC_CO2_298.0K_5.0bar_12.5 Done. TimeForThis=4182.2s, Completed=123/369, ETA=2025-09-09 12:40:58
[45/369] CUKYAJ_clean_DDEC_CO2_298.0K_5.0bar_12.5 Done. TimeForThis=9718.9s, Completed=124/369, ETA=2025-09-09 12:41:46
[56/369] RAJFAL_clean_DDEC_CO2_298.0K_5.0bar_12.5 Done. TimeForThis=4458.1s, Completed=125/369, ETA=2025-09-09 12:39:56
[65/369] QUGNOV_clean_DDEC_CO2_298.0K_5.0bar_12.5 Done. TimeForThis=2834.8s, Completed=126/369, ETA=2025-09-09 12:40:56
[4/369] COQTEJ_clean_DDEC_CO2_298.0K_5.0bar_12.5 Done. TimeForThis=17947.9s, Completed=127/369, ETA=2025-09-09 12:57:01
[11/369] PUWDAM_clean_manual_DDEC_CO2_298.0K_5.0bar_12.5 Done. TimeForThis=19167.7s, Completed=128/369, ETA=2025-09-09 13:48:50
[52/369] LUSHOX02_clean_DDEC_CO2_298.0K_5.0bar_12.5 Done. TimeForThis=8111.3s, Completed=129/369, ETA=2025-09-09 13:53:37
[59/369] KETHEY02_clean_DDEC_CO2_298.0K_5.0bar_12.5 Done. TimeForThis=6628.9s, Completed=130/369, ETA=2025-09-09 14:03:53
[63/369] OFEREX_clean_DDEC_CO2_298.0K_5.0bar_12.5 Done. TimeForThis=6864.7s, Completed=131/369, ETA=2025-09-09 14:48:50
[75/369] MODDEP_clean_DDEC_CO2_298.0K_5.0bar_12.5 Done. TimeForThis=3750.7s, Completed=132/369, ETA=2025-09-09 14:44:46
[38/369] GARLOD_clean_DDEC_CO2_298.0K_5.0bar_12.5 Done. TimeForThis=15387.6s, Completed=133/369, ETA=2025-09-09 14:52:39
[74/369] RICHIV_clean_DDEC_CO2_298.0K_5.0bar_12.5 Done. TimeForThis=4423.6s, Completed=134/369, ETA=2025-09-09 14:53:58
[41/369] GIQZIQ_clean_DDEC_CO2_298.0K_5.0bar_12.5 Done. TimeForThis=15108.2s, Completed=135/369, ETA=2025-09-09 14:54:45
[73/369] GIKMOD11_clean_DDEC_CO2_298.0K_5.0bar_12.5 Done. TimeForThis=4866.0s, Completed=136/369, ETA=2025-09-09 14:58:48
[47/369] FASHAK_clean_DDEC_CO2_298.0K_5.0bar_12.5 Done. TimeForThis=12494.2s, Completed=137/369, ETA=2025-09-09 14:51:53
[80/369] NASMIF_clean_DDEC_CO2_298.0K_5.0bar_12.5 Done. TimeForThis=2604.7s, Completed=138/369, ETA=2025-09-09 14:49:20
[70/369] PIJROR_clean_DDEC_CO2_298.0K_5.0bar_12.5 Done. TimeForThis=6157.7s, Completed=139/369, ETA=2025-09-09 15:00:13
[54/369] WAHFUJ01_clean_DDEC_CO2_298.0K_5.0bar_12.5 Done. TimeForThis=10723.0s, Completed=140/369, ETA=2025-09-09 15:05:53
[60/369] CEGFAW_clean_DDEC_CO2_298.0K_5.0bar_12.5 Done. TimeForThis=9671.8s, Completed=141/369, ETA=2025-09-09 15:11:50
[69/369] JAJKUD_clean_DDEC_CO2_298.0K_5.0bar_12.5 Done. TimeForThis=7075.4s, Completed=142/369, ETA=2025-09-09 15:09:22
[2/369] ASOSUY_clean_DDEC_CO2_298.0K_5.0bar_12.5 Done. TimeForThis=23481.9s, Completed=143/369, ETA=2025-09-09 15:17:47
[79/369] FIFPOA_clean_DDEC_CO2_298.0K_5.0bar_12.5 Done. TimeForThis=4520.1s, Completed=144/369, ETA=2025-09-09 15:19:34
[61/369] DONNAW01_SL_DDEC_CO2_298.0K_5.0bar_12.5 Done. TimeForThis=10285.4s, Completed=145/369, ETA=2025-09-09 15:25:14
[87/369] NINHOH_clean_DDEC_CO2_298.0K_5.0bar_12.5 Done. TimeForThis=2394.0s, Completed=146/369, ETA=2025-09-09 15:31:47
[78/369] WIDZUG_clean_DDEC_CO2_298.0K_5.0bar_12.5 Done. TimeForThis=6851.4s, Completed=147/369, ETA=2025-09-09 15:45:25
[62/369] HALVAU_clean_DDEC_CO2_298.0K_5.0bar_12.5 Done. TimeForThis=11267.2s, Completed=148/369, ETA=2025-09-09 15:56:30
[82/369] EVUNIT_clean_h_DDEC_CO2_298.0K_5.0bar_12.5 Done. TimeForThis=4896.1s, Completed=149/369, ETA=2025-09-09 16:12:25
[96/369] XENMOU_SL_DDEC_CO2_298.0K_5.0bar_12.5 Done. TimeForThis=2359.2s, Completed=150/369, ETA=2025-09-09 16:28:03
[89/369] MEHPAQ_clean_DDEC_CO2_298.0K_5.0bar_12.5 Done. TimeForThis=4410.5s, Completed=151/369, ETA=2025-09-09 16:24:28
[20/369] RIBTAZ_clean_DDEC_CO2_298.0K_5.0bar_12.5 Done. TimeForThis=26468.3s, Completed=152/369, ETA=2025-09-09 16:18:49
[67/369] FUHNED_clean_DDEC_CO2_298.0K_5.0bar_12.5 Done. TimeForThis=11197.6s, Completed=153/369, ETA=2025-09-09 16:14:51
[86/369] LUTCAF_clean_DDEC_CO2_298.0K_5.0bar_12.5 Done. TimeForThis=4920.9s, Completed=154/369, ETA=2025-09-09 16:09:30
[88/369] GIRHEW_clean_DDEC_CO2_298.0K_5.0bar_12.5 Done. TimeForThis=4770.2s, Completed=155/369, ETA=2025-09-09 16:06:53
[99/369] POSGEL_clean_DDEC_CO2_298.0K_5.0bar_12.5 Done. TimeForThis=1605.3s, Completed=156/369, ETA=2025-09-09 16:06:01
[76/369] CUKXOW_clean_DDEC_CO2_298.0K_5.0bar_12.5 Done. TimeForThis=9576.6s, Completed=157/369, ETA=2025-09-09 16:01:24
[92/369] SUWQEI_clean_DDEC_CO2_298.0K_5.0bar_12.5 Done. TimeForThis=3929.6s, Completed=158/369, ETA=2025-09-09 15:56:46
[66/369] OWIHOT_clean_DDEC_CO2_298.0K_5.0bar_12.5 Done. TimeForThis=12600.5s, Completed=159/369, ETA=2025-09-09 16:15:49
[91/369] YUKWUY_clean_DDEC_CO2_298.0K_5.0bar_12.5 Done. TimeForThis=5371.7s, Completed=160/369, ETA=2025-09-09 16:27:37
[64/369] QUDJOP_clean_DDEC_CO2_298.0K_5.0bar_12.5 Done. TimeForThis=14102.2s, Completed=161/369, ETA=2025-09-09 16:24:09
[105/369] ECIWUJ_clean_DDEC_CO2_298.0K_5.0bar_12.5 Done. TimeForThis=2099.2s, Completed=162/369, ETA=2025-09-09 16:36:46
[3/369] XEXLET_clean_DDEC_CO2_298.0K_5.0bar_12.5 Done. TimeForThis=28789.6s, Completed=163/369, ETA=2025-09-09 16:34:07
[77/369] XAPCOJ03_clean_DDEC_CO2_298.0K_5.0bar_12.5 Done. TimeForThis=11575.3s, Completed=164/369, ETA=2025-09-09 16:37:21
[107/369] AVESAW_clean_DDEC_CO2_298.0K_5.0bar_12.5 Done. TimeForThis=2545.1s, Completed=165/369, ETA=2025-09-09 16:43:10
[72/369] UVEWIC_clean_DDEC_CO2_298.0K_5.0bar_12.5 Done. TimeForThis=13482.7s, Completed=166/369, ETA=2025-09-09 17:16:44
[68/369] JOFKIA01_clean_DDEC_CO2_298.0K_5.0bar_12.5 Done. TimeForThis=14928.8s, Completed=167/369, ETA=2025-09-09 17:12:27
[81/369] TAYNEN_clean_DDEC_CO2_298.0K_5.0bar_12.5 Done. TimeForThis=10926.8s, Completed=168/369, ETA=2025-09-09 17:12:10
[94/369] ZEZPOL_clean_DDEC_CO2_298.0K_5.0bar_12.5 Done. TimeForThis=7379.4s, Completed=169/369, ETA=2025-09-09 17:10:57
[98/369] QOCRUW_clean_DDEC_CO2_298.0K_5.0bar_12.5 Done. TimeForThis=6119.8s, Completed=170/369, ETA=2025-09-09 17:06:26
[85/369] FUTZOK_clean_DDEC_CO2_298.0K_5.0bar_12.5 Done. TimeForThis=9673.4s, Completed=171/369, ETA=2025-09-09 17:08:30
[84/369] NUVYIN_clean_DDEC_CO2_298.0K_5.0bar_12.5 Done. TimeForThis=10887.3s, Completed=172/369, ETA=2025-09-09 17:38:39
[110/369] CEBDOD_clean_DDEC_CO2_298.0K_5.0bar_12.5 Done. TimeForThis=4677.0s, Completed=173/369, ETA=2025-09-09 17:35:40
[71/369] WODXEU_clean_DDEC_CO2_298.0K_5.0bar_12.5 Done. TimeForThis=15882.3s, Completed=174/369, ETA=2025-09-09 17:39:22
[106/369] YAWKOX_clean_DDEC_CO2_298.0K_5.0bar_12.5 Done. TimeForThis=6059.1s, Completed=175/369, ETA=2025-09-09 17:38:47
[108/369] DOMKEX_clean_DDEC_CO2_298.0K_5.0bar_12.5 Done. TimeForThis=6098.5s, Completed=176/369, ETA=2025-09-09 17:40:46
[126/369] OFUSEP_clean_manual_DDEC_CO2_298.0K_5.0bar_12.5 Done. TimeForThis=302.7s, Completed=177/369, ETA=2025-09-09 17:36:18
[112/369] VOTMAS_clean_DDEC_CO2_298.0K_5.0bar_12.5 Done. TimeForThis=5193.0s, Completed=178/369, ETA=2025-09-09 17:40:47
[1/369] DITTEH_clean_DDEC_CO2_298.0K_5.0bar_12.5 Done. TimeForThis=33739.4s, Completed=179/369, ETA=2025-09-09 17:47:06
[119/369] BUVWOF02_clean_DDEC_CO2_298.0K_5.0bar_12.5 Done. TimeForThis=3073.2s, Completed=180/369, ETA=2025-09-09 17:42:13
[104/369] COYTIU_clean_DDEC_CO2_298.0K_5.0bar_12.5 Done. TimeForThis=7283.0s, Completed=181/369, ETA=2025-09-09 17:37:16
[100/369] EHAFIE_clean_DDEC_CO2_298.0K_5.0bar_12.5 Done. TimeForThis=8111.8s, Completed=182/369, ETA=2025-09-09 17:33:31
[93/369] FINQOK_clean_DDEC_CO2_298.0K_5.0bar_12.5 Done. TimeForThis=10835.6s, Completed=183/369, ETA=2025-09-09 17:29:08
[102/369] AHOKOX_clean_DDEC_CO2_298.0K_5.0bar_12.5 Done. TimeForThis=7691.3s, Completed=184/369, ETA=2025-09-09 17:28:27
[113/369] IGUTUB_clean_DDEC_CO2_298.0K_5.0bar_12.5 Done. TimeForThis=5663.5s, Completed=185/369, ETA=2025-09-09 17:29:40
[103/369] ZEZPAX01_clean_DDEC_CO2_298.0K_5.0bar_12.5 Done. TimeForThis=8211.6s, Completed=186/369, ETA=2025-09-09 17:34:34
[115/369] DIMQOH_clean_DDEC_CO2_298.0K_5.0bar_12.5 Done. TimeForThis=5722.8s, Completed=187/369, ETA=2025-09-09 17:31:34
[127/369] TODVOZ_clean_DDEC_CO2_298.0K_5.0bar_12.5 Done. TimeForThis=1975.2s, Completed=188/369, ETA=2025-09-09 17:31:48
[118/369] RUNXUV_clean_DDEC_CO2_298.0K_5.0bar_12.5 Done. TimeForThis=4459.6s, Completed=189/369, ETA=2025-09-09 17:26:40
[83/369] FASVIH_clean_DDEC_CO2_298.0K_5.0bar_12.5 Done. TimeForThis=14544.2s, Completed=190/369, ETA=2025-09-09 17:37:20
[95/369] JUSHIQ_clean_DDEC_CO2_298.0K_5.0bar_12.5 Done. TimeForThis=12295.3s, Completed=191/369, ETA=2025-09-09 17:46:31
[111/369] KAPGUE_clean_DDEC_CO2_298.0K_5.0bar_12.5 Done. TimeForThis=7917.4s, Completed=192/369, ETA=2025-09-09 17:41:16
[90/369] PUZTOV_clean_DDEC_CO2_298.0K_5.0bar_12.5 Done. TimeForThis=13766.6s, Completed=193/369, ETA=2025-09-09 17:41:14
[120/369] CAYMIZ_clean_DDEC_CO2_298.0K_5.0bar_12.5 Done. TimeForThis=5612.3s, Completed=194/369, ETA=2025-09-09 17:44:09
[97/369] VAMQOS_clean_DDEC_CO2_298.0K_5.0bar_12.5 Done. TimeForThis=12289.9s, Completed=195/369, ETA=2025-09-09 17:42:06
[114/369] TERFUT_clean_DDEC_CO2_298.0K_5.0bar_12.5 Done. TimeForThis=7882.3s, Completed=196/369, ETA=2025-09-09 17:38:34
[101/369] COTVIS_clean_DDEC_CO2_298.0K_5.0bar_12.5 Done. TimeForThis=10395.6s, Completed=197/369, ETA=2025-09-09 17:34:53
[123/369] XOMCIL_clean_DDEC_CO2_298.0K_5.0bar_12.5 Done. TimeForThis=4852.7s, Completed=198/369, ETA=2025-09-09 17:38:16
[109/369] BUKMUQ01_clean_DDEC_CO2_298.0K_5.0bar_12.5 Done. TimeForThis=11259.5s, Completed=199/369, ETA=2025-09-09 18:08:39
[142/369] MOCHOC_clean_DDEC_CO2_298.0K_5.0bar_12.5 Done. TimeForThis=2407.4s, Completed=200/369, ETA=2025-09-09 18:08:24
[116/369] LELMIA_clean_DDEC_CO2_298.0K_5.0bar_12.5 Done. TimeForThis=9544.9s, Completed=201/369, ETA=2025-09-09 18:19:03
[128/369] XEXLOD_clean_DDEC_CO2_298.0K_5.0bar_12.5 Done. TimeForThis=5912.2s, Completed=202/369, ETA=2025-09-09 18:14:10
[121/369] GIQYEL_clean_DDEC_CO2_298.0K_5.0bar_12.5 Done. TimeForThis=8265.5s, Completed=203/369, ETA=2025-09-09 18:15:01
[143/369] XUBJAF_clean_DDEC_CO2_298.0K_5.0bar_12.5 Done. TimeForThis=3245.9s, Completed=204/369, ETA=2025-09-09 18:11:16
[125/369] HEZSEK_clean_DDEC_CO2_298.0K_5.0bar_12.5 Done. TimeForThis=6680.5s, Completed=205/369, ETA=2025-09-09 18:05:40
[124/369] KUFBEU_clean_DDEC_CO2_298.0K_5.0bar_12.5 Done. TimeForThis=7349.0s, Completed=206/369, ETA=2025-09-09 18:11:12
[135/369] NULMAJ_clean_DDEC_CO2_298.0K_5.0bar_12.5 Done. TimeForThis=6116.5s, Completed=207/369, ETA=2025-09-09 18:23:27
[134/369] VAHVOR_clean_DDEC_CO2_298.0K_5.0bar_12.5 Done. TimeForThis=6402.9s, Completed=208/369, ETA=2025-09-09 18:21:17
[148/369] AKUHOD01_clean_DDEC_CO2_298.0K_5.0bar_12.5 Done. TimeForThis=3709.2s, Completed=209/369, ETA=2025-09-09 18:18:10
[144/369] BEPVAV_clean_DDEC_CO2_298.0K_5.0bar_12.5 Done. TimeForThis=4690.1s, Completed=210/369, ETA=2025-09-09 18:25:14
[133/369] ZIMJOW_clean_DDEC_CO2_298.0K_5.0bar_12.5 Done. TimeForThis=7129.2s, Completed=211/369, ETA=2025-09-09 18:23:51
[149/369] FUJKUS_clean_DDEC_CO2_298.0K_5.0bar_12.5 Done. TimeForThis=4031.6s, Completed=212/369, ETA=2025-09-09 18:19:15
[132/369] QUTTII01_clean_DDEC_CO2_298.0K_5.0bar_12.5 Done. TimeForThis=7357.3s, Completed=213/369, ETA=2025-09-09 18:17:01
[146/369] WALBOC_clean_DDEC_CO2_298.0K_5.0bar_12.5 Done. TimeForThis=4666.2s, Completed=214/369, ETA=2025-09-09 18:13:43
[136/369] MAYPIM_clean_DDEC_CO2_298.0K_5.0bar_12.5 Done. TimeForThis=7589.4s, Completed=215/369, ETA=2025-09-09 18:27:27
[147/369] EVUQUI_clean_DDEC_CO2_298.0K_5.0bar_12.5 Done. TimeForThis=5377.3s, Completed=216/369, ETA=2025-09-09 18:25:07
[129/369] FIJDIM06_clean_DDEC_CO2_298.0K_5.0bar_12.5 Done. TimeForThis=8792.7s, Completed=217/369, ETA=2025-09-09 18:22:46
[141/369] XINJAH_clean_DDEC_CO2_298.0K_5.0bar_12.5 Done. TimeForThis=6655.3s, Completed=218/369, ETA=2025-09-09 18:17:27
[160/369] HIFTOG01_clean_DDEC_CO2_298.0K_5.0bar_12.5 Done. TimeForThis=2035.4s, Completed=219/369, ETA=2025-09-09 18:20:59
[139/369] FEFDAX_clean_DDEC_CO2_298.0K_5.0bar_12.5 Done. TimeForThis=7836.9s, Completed=220/369, ETA=2025-09-09 18:24:29
[155/369] FERVOP_clean_DDEC_CO2_298.0K_5.0bar_12.5 Done. TimeForThis=3570.4s, Completed=221/369, ETA=2025-09-09 18:19:36
[140/369] BEPVEZ_clean_DDEC_CO2_298.0K_5.0bar_12.5 Done. TimeForThis=7879.6s, Completed=222/369, ETA=2025-09-09 18:15:40
[131/369] YUTDUO_clean_DDEC_CO2_298.0K_5.0bar_12.5 Done. TimeForThis=9334.0s, Completed=223/369, ETA=2025-09-09 18:17:03
[122/369] PUFXUL_clean_DDEC_CO2_298.0K_5.0bar_12.5 Done. TimeForThis=12075.7s, Completed=224/369, ETA=2025-09-09 18:14:54
[158/369] MUFJAZ_clean_DDEC_CO2_298.0K_5.0bar_12.5 Done. TimeForThis=3700.8s, Completed=225/369, ETA=2025-09-09 18:28:58
[163/369] IQUNAJ_clean_DDEC_CO2_298.0K_5.0bar_12.5 Done. TimeForThis=2957.7s, Completed=226/369, ETA=2025-09-09 18:25:56
[138/369] UFUNIS_clean_DDEC_CO2_298.0K_5.0bar_12.5 Done. TimeForThis=9458.6s, Completed=227/369, ETA=2025-09-09 18:26:18
[137/369] ZETMOC_clean_DDEC_CO2_298.0K_5.0bar_12.5 Done. TimeForThis=9604.1s, Completed=228/369, ETA=2025-09-09 18:22:24
[130/369] PICTIG_clean_DDEC_CO2_298.0K_5.0bar_12.5 Done. TimeForThis=10820.4s, Completed=229/369, ETA=2025-09-09 18:24:35
[159/369] HOXSAQ_clean_DDEC_CO2_298.0K_5.0bar_12.5 Done. TimeForThis=4854.8s, Completed=230/369, ETA=2025-09-09 18:36:57
[154/369] CUVGIK_clean_DDEC_CO2_298.0K_5.0bar_12.5 Done. TimeForThis=6834.6s, Completed=231/369, ETA=2025-09-09 18:53:05
[117/369] FATKIW_clean_DDEC_CO2_298.0K_5.0bar_12.5 Done. TimeForThis=15839.5s, Completed=232/369, ETA=2025-09-09 18:55:29
[168/369] FAFDEX_clean_DDEC_CO2_298.0K_5.0bar_12.5 Done. TimeForThis=4451.9s, Completed=233/369, ETA=2025-09-09 18:58:14
[161/369] WEMDAV_clean_DDEC_CO2_298.0K_5.0bar_12.5 Done. TimeForThis=5758.0s, Completed=234/369, ETA=2025-09-09 18:53:45
[183/369] NIJZOV_clean_DDEC_CO2_298.0K_5.0bar_12.5 Done. TimeForThis=1033.5s, Completed=235/369, ETA=2025-09-09 19:06:51
[153/369] XEDLUN_clean_DDEC_CO2_298.0K_5.0bar_12.5 Done. TimeForThis=8641.2s, Completed=236/369, ETA=2025-09-09 19:08:27
[156/369] ATOWIQ_clean_DDEC_CO2_298.0K_5.0bar_12.5 Done. TimeForThis=8423.6s, Completed=237/369, ETA=2025-09-09 19:05:13
[171/369] KIBDIJ_clean_DDEC_CO2_298.0K_5.0bar_12.5 Done. TimeForThis=5347.5s, Completed=238/369, ETA=2025-09-09 19:12:10
[174/369] VIXGAM_clean_DDEC_CO2_298.0K_5.0bar_12.5 Done. TimeForThis=5298.2s, Completed=239/369, ETA=2025-09-09 19:13:47
[152/369] NOWGIR_clean_DDEC_CO2_298.0K_5.0bar_12.5 Done. TimeForThis=9591.8s, Completed=240/369, ETA=2025-09-09 19:11:16
[181/369] XINWUO_clean_DDEC_CO2_298.0K_5.0bar_12.5 Done. TimeForThis=3596.5s, Completed=241/369, ETA=2025-09-09 19:13:33
[166/369] SEHXIN_clean_DDEC_CO2_298.0K_5.0bar_12.5 Done. TimeForThis=7007.2s, Completed=242/369, ETA=2025-09-09 19:11:41
[162/369] NOSTUM01_clean_DDEC_CO2_298.0K_5.0bar_12.5 Done. TimeForThis=8048.4s, Completed=243/369, ETA=2025-09-09 19:10:03
[169/369] QUSRON_clean_DDEC_CO2_298.0K_5.0bar_12.5 Done. TimeForThis=7144.6s, Completed=244/369, ETA=2025-09-09 19:10:46
[172/369] ALUKIC_clean_DDEC_CO2_298.0K_5.0bar_12.5 Done. TimeForThis=6491.0s, Completed=245/369, ETA=2025-09-09 19:05:48
[150/369] RESSAK_clean_DDEC_CO2_298.0K_5.0bar_12.5 Done. TimeForThis=11286.0s, Completed=246/369, ETA=2025-09-09 19:05:12
[179/369] ELIKOA_clean_DDEC_CO2_298.0K_5.0bar_12.5 Done. TimeForThis=5371.3s, Completed=247/369, ETA=2025-09-09 19:04:15
[173/369] YILJAG_clean_DDEC_CO2_298.0K_5.0bar_12.5 Done. TimeForThis=7637.8s, Completed=248/369, ETA=2025-09-09 19:20:33
[178/369] EBOTOF_clean_DDEC_CO2_298.0K_5.0bar_12.5 Done. TimeForThis=6751.4s, Completed=249/369, ETA=2025-09-09 19:27:10
[145/369] YUSWIU_clean_DDEC_CO2_298.0K_5.0bar_12.5 Done. TimeForThis=14576.7s, Completed=250/369, ETA=2025-09-09 19:23:44
[196/369] EWUGEK_clean_DDEC_CO2_298.0K_5.0bar_12.5 Done. TimeForThis=1881.7s, Completed=251/369, ETA=2025-09-09 19:22:19
[185/369] OFERUN06_clean_DDEC_CO2_298.0K_5.0bar_12.5 Done. TimeForThis=5115.1s, Completed=252/369, ETA=2025-09-09 19:31:02
[188/369] WUTBEU_clean_DDEC_CO2_298.0K_5.0bar_12.5 Done. TimeForThis=4198.2s, Completed=253/369, ETA=2025-09-09 19:29:02
[177/369] NARPAA_clean_DDEC_CO2_298.0K_5.0bar_12.5 Done. TimeForThis=7999.7s, Completed=254/369, ETA=2025-09-09 19:27:33
[170/369] COWMIL_clean_DDEC_CO2_298.0K_5.0bar_12.5 Done. TimeForThis=9636.4s, Completed=255/369, ETA=2025-09-09 19:24:57
[176/369] OZAVUI_clean_DDEC_CO2_298.0K_5.0bar_12.5 Done. TimeForThis=8209.2s, Completed=256/369, ETA=2025-09-09 19:20:44
[180/369] FIJFEK__clean_DDEC_CO2_298.0K_5.0bar_12.5 Done. TimeForThis=7801.2s, Completed=257/369, ETA=2025-09-09 19:20:53
[157/369] OTEGUR_clean_DDEC_CO2_298.0K_5.0bar_12.5 Done. TimeForThis=12843.7s, Completed=258/369, ETA=2025-09-09 19:18:52
[182/369] EDUVOO_clean_DDEC_CO2_298.0K_5.0bar_12.5 Done. TimeForThis=6666.5s, Completed=259/369, ETA=2025-09-09 19:18:55
[187/369] VEHPUU_clean_DDEC_CO2_298.0K_5.0bar_12.5 Done. TimeForThis=5106.3s, Completed=260/369, ETA=2025-09-09 19:14:43
[184/369] SIVWUR_clean_DDEC_CO2_298.0K_5.0bar_12.5 Done. TimeForThis=6627.9s, Completed=261/369, ETA=2025-09-09 19:22:25
[208/369] HAJLIO_clean_DDEC_CO2_298.0K_5.0bar_12.5 Done. TimeForThis=1707.1s, Completed=262/369, ETA=2025-09-09 19:37:03
[189/369] QOCSAD_clean_DDEC_CO2_298.0K_5.0bar_12.5 Done. TimeForThis=6283.9s, Completed=263/369, ETA=2025-09-09 19:40:50
[202/369] NIKYUC_clean_DDEC_CO2_298.0K_5.0bar_12.5 Done. TimeForThis=3713.6s, Completed=264/369, ETA=2025-09-09 19:47:03
[192/369] MAZSUD_clean_DDEC_CO2_298.0K_5.0bar_12.5 Done. TimeForThis=6323.3s, Completed=265/369, ETA=2025-09-09 19:47:29
[194/369] MAHTAR01_clean_DDEC_CO2_298.0K_5.0bar_12.5 Done. TimeForThis=6118.6s, Completed=266/369, ETA=2025-09-09 19:44:06
[175/369] POKTAM_clean_DDEC_CO2_298.0K_5.0bar_12.5 Done. TimeForThis=13369.1s, Completed=267/369, ETA=2025-09-09 20:11:41
[167/369] XEGJOK_clean_DDEC_CO2_298.0K_5.0bar_12.5 Done. TimeForThis=14715.1s, Completed=268/369, ETA=2025-09-09 20:10:30
[207/369] HIMSAY_clean_DDEC_CO2_298.0K_5.0bar_12.5 Done. TimeForThis=4944.0s, Completed=269/369, ETA=2025-09-09 20:13:13
[186/369] PUFXIZ_clean_DDEC_CO2_298.0K_5.0bar_12.5 Done. TimeForThis=9830.3s, Completed=270/369, ETA=2025-09-09 20:10:10
[199/369] UXUZAP_clean_DDEC_CO2_298.0K_5.0bar_12.5 Done. TimeForThis=6682.4s, Completed=271/369, ETA=2025-09-09 20:05:53
[213/369] NUCYIV_clean_DDEC_CO2_298.0K_5.0bar_12.5 Done. TimeForThis=3317.4s, Completed=272/369, ETA=2025-09-09 20:05:24
[211/369] GIKMOD02_clean_DDEC_CO2_298.0K_5.0bar_12.5 Done. TimeForThis=4819.4s, Completed=273/369, ETA=2025-09-09 20:03:55
[203/369] IGUVIR_clean_DDEC_CO2_298.0K_5.0bar_12.5 Done. TimeForThis=5862.4s, Completed=274/369, ETA=2025-09-09 20:01:11
[205/369] EVUQOC_clean_DDEC_CO2_298.0K_5.0bar_12.5 Done. TimeForThis=5915.7s, Completed=275/369, ETA=2025-09-09 20:03:40
[197/369] LAGQER_clean_DDEC_CO2_298.0K_5.0bar_12.5 Done. TimeForThis=8481.6s, Completed=276/369, ETA=2025-09-09 19:59:42
[212/369] YARKEJ_clean_DDEC_CO2_298.0K_5.0bar_12.5 Done. TimeForThis=4754.9s, Completed=277/369, ETA=2025-09-09 19:55:31
[165/369] POKSIT_clean_DDEC_CO2_298.0K_5.0bar_12.5 Done. TimeForThis=16880.6s, Completed=278/369, ETA=2025-09-09 19:54:10
[229/369] __pycache__ FAILED: Command '/home/yongsang/PSID_SIMULATION_TOOLS/RASPA/bin/simulate simulation.input' died with <Signals.SIGSEGV: 11>.
[209/369] POLYEW_clean_DDEC_CO2_298.0K_5.0bar_12.5 Done. TimeForThis=6181.1s, Completed=279/369, ETA=2025-09-09 20:00:57
[190/369] FIRMUQ_clean_DDEC_CO2_298.0K_5.0bar_12.5 Done. TimeForThis=10341.7s, Completed=280/369, ETA=2025-09-09 19:58:30
[227/369] MIYWIB_clean_manual_DDEC_CO2_298.0K_5.0bar_12.5 Done. TimeForThis=1358.6s, Completed=281/369, ETA=2025-09-09 20:06:27
[226/369] IYIGEC_clean_DDEC_CO2_298.0K_5.0bar_12.5 Done. TimeForThis=1570.4s, Completed=282/369, ETA=2025-09-09 20:05:45
[201/369] CACBUG_clean_DDEC_CO2_298.0K_5.0bar_12.5 Done. TimeForThis=8469.3s, Completed=283/369, ETA=2025-09-09 20:01:20
[214/369] EBEMII_clean_DDEC_CO2_298.0K_5.0bar_12.5 Done. TimeForThis=5370.8s, Completed=284/369, ETA=2025-09-09 20:03:01
[231/369] RONZUP_clean_h_DDEC_CO2_298.0K_5.0bar_12.5 Done. TimeForThis=1279.0s, Completed=285/369, ETA=2025-09-09 20:01:20
[164/369] RUCGOM_clean_DDEC_CO2_298.0K_5.0bar_12.5 Done. TimeForThis=18859.2s, Completed=286/369, ETA=2025-09-09 19:59:02
[224/369] GOYYAW_clean_DDEC_CO2_298.0K_5.0bar_12.5 Done. TimeForThis=3641.9s, Completed=287/369, ETA=2025-09-09 20:18:44
[198/369] TUMRIE_clean_DDEC_CO2_298.0K_5.0bar_12.5 Done. TimeForThis=11555.8s, Completed=288/369, ETA=2025-09-09 20:15:00
[195/369] REFTON_SL_DDEC_CO2_298.0K_5.0bar_12.5 Done. TimeForThis=12037.8s, Completed=289/369, ETA=2025-09-09 20:13:25
[210/369] AROFET_clean_DDEC_CO2_298.0K_5.0bar_12.5 Done. TimeForThis=8820.0s, Completed=290/369, ETA=2025-09-09 20:12:14
[234/369] RAVWIW_clean_DDEC_CO2_298.0K_5.0bar_12.5 Done. TimeForThis=2119.7s, Completed=291/369, ETA=2025-09-09 20:10:24
[223/369] YASPEP_clean_DDEC_CO2_298.0K_5.0bar_12.5 Done. TimeForThis=4257.1s, Completed=292/369, ETA=2025-09-09 20:06:11
[206/369] HIYBUN_clean_DDEC_CO2_298.0K_5.0bar_12.5 Done. TimeForThis=9693.0s, Completed=293/369, ETA=2025-09-09 20:05:22
[191/369] TEJGAS_clean_DDEC_CO2_298.0K_5.0bar_12.5 Done. TimeForThis=13469.8s, Completed=294/369, ETA=2025-09-09 20:04:40
[228/369] LACJAC_clean_DDEC_CO2_298.0K_5.0bar_12.5 Done. TimeForThis=4113.2s, Completed=295/369, ETA=2025-09-09 20:02:42
[225/369] LUSZOP_clean_DDEC_CO2_298.0K_5.0bar_12.5 Done. TimeForThis=4802.4s, Completed=296/369, ETA=2025-09-09 20:04:51
[215/369] LUSHOX01_clean_DDEC_CO2_298.0K_5.0bar_12.5 Done. TimeForThis=7684.7s, Completed=297/369, ETA=2025-09-09 20:04:03
[220/369] GITTOT01__clean_DDEC_CO2_298.0K_5.0bar_12.5 Done. TimeForThis=5811.2s, Completed=298/369, ETA=2025-09-09 20:06:07
[193/369] OJONOQ_clean_DDEC_CO2_298.0K_5.0bar_12.5 Done. TimeForThis=14178.0s, Completed=299/369, ETA=2025-09-09 20:06:12
[221/369] PIHWAG_clean_DDEC_CO2_298.0K_5.0bar_12.5 Done. TimeForThis=5956.6s, Completed=300/369, ETA=2025-09-09 20:02:03
[204/369] HUCXUA_clean_DDEC_CO2_298.0K_5.0bar_12.5 Done. TimeForThis=11513.5s, Completed=301/369, ETA=2025-09-09 20:03:09
[235/369] FERVIJ_clean_DDEC_CO2_298.0K_5.0bar_12.5 Done. TimeForThis=4067.8s, Completed=302/369, ETA=2025-09-09 20:02:48
[236/369] XUNSIK_clean_DDEC_CO2_298.0K_5.0bar_12.5 Done. TimeForThis=4589.4s, Completed=303/369, ETA=2025-09-09 20:14:57
[219/369] PURJES_clean_DDEC_CO2_298.0K_5.0bar_12.5 Done. TimeForThis=7658.2s, Completed=304/369, ETA=2025-09-09 20:11:10
[238/369] XUNGOD_clean_DDEC_CO2_298.0K_5.0bar_12.5 Done. TimeForThis=4511.8s, Completed=305/369, ETA=2025-09-09 20:09:35
[247/369] MUHPAI_clean_DDEC_CO2_298.0K_5.0bar_12.5 Done. TimeForThis=3351.7s, Completed=306/369, ETA=2025-09-09 20:23:31
[217/369] DURDAX_clean_DDEC_CO2_298.0K_5.0bar_12.5 Done. TimeForThis=10760.4s, Completed=307/369, ETA=2025-09-09 20:29:14
[232/369] KAVTUY_clean_DDEC_CO2_298.0K_5.0bar_12.5 Done. TimeForThis=7212.4s, Completed=308/369, ETA=2025-09-09 20:25:11
[248/369] MIMDAP_clean_DDEC_CO2_298.0K_5.0bar_12.5 Done. TimeForThis=3601.2s, Completed=309/369, ETA=2025-09-09 20:21:57
[237/369] XOVYIR_clean_DDEC_CO2_298.0K_5.0bar_12.5 Done. TimeForThis=6148.9s, Completed=310/369, ETA=2025-09-09 20:19:00
[200/369] VIQQUJ_clean_DDEC_CO2_298.0K_5.0bar_12.5 Done. TimeForThis=15214.6s, Completed=311/369, ETA=2025-09-09 20:16:59
[216/369] EZEQIL_clean_DDEC_CO2_298.0K_5.0bar_12.5 Done. TimeForThis=11102.7s, Completed=312/369, ETA=2025-09-09 20:13:34
[244/369] MIKJAR_clean_DDEC_CO2_298.0K_5.0bar_12.5 Done. TimeForThis=4669.6s, Completed=313/369, ETA=2025-09-09 20:10:50
[241/369] OTAXOX_clean_DDEC_CO2_298.0K_5.0bar_12.5 Done. TimeForThis=5308.5s, Completed=314/369, ETA=2025-09-09 20:13:26
[230/369] SOPLAM_clean_DDEC_CO2_298.0K_5.0bar_12.5 Done. TimeForThis=9252.1s, Completed=315/369, ETA=2025-09-09 20:23:43
[253/369] OQESAF_clean_DDEC_CO2_298.0K_5.0bar_12.5 Done. TimeForThis=4273.2s, Completed=316/369, ETA=2025-09-09 20:24:50
[257/369] GEPDEM_clean_DDEC_CO2_298.0K_5.0bar_12.5 Done. TimeForThis=3258.0s, Completed=317/369, ETA=2025-09-09 20:23:31
[242/369] WAMRIN_clean_DDEC_CO2_298.0K_5.0bar_12.5 Done. TimeForThis=6409.2s, Completed=318/369, ETA=2025-09-09 20:21:21
[254/369] QUVDUH_clean_DDEC_CO2_298.0K_5.0bar_12.5 Done. TimeForThis=4829.7s, Completed=319/369, ETA=2025-09-09 20:26:54
[246/369] TEBSAW_clean_DDEC_CO2_298.0K_5.0bar_12.5 Done. TimeForThis=6495.2s, Completed=320/369, ETA=2025-09-09 20:24:08
[222/369] YAHPED_clean_DDEC_CO2_298.0K_5.0bar_12.5 Done. TimeForThis=11416.3s, Completed=321/369, ETA=2025-09-09 20:22:26
[261/369] NEGMUI_clean_DDEC_CO2_298.0K_5.0bar_12.5 Done. TimeForThis=2760.9s, Completed=322/369, ETA=2025-09-09 20:21:38
[252/369] MEXJAC_clean_DDEC_CO2_298.0K_5.0bar_12.5 Done. TimeForThis=6355.3s, Completed=323/369, ETA=2025-09-09 20:30:54
[245/369] EHAFUQ_clean_DDEC_CO2_298.0K_5.0bar_12.5 Done. TimeForThis=8002.2s, Completed=324/369, ETA=2025-09-09 20:33:07
[240/369] OGAGIN_clean_DDEC_CO2_298.0K_5.0bar_12.5 Done. TimeForThis=8944.5s, Completed=325/369, ETA=2025-09-09 20:35:27
[264/369] XOVYUD_clean_DDEC_CO2_298.0K_5.0bar_12.5 Done. TimeForThis=4102.7s, Completed=326/369, ETA=2025-09-09 20:34:54
[259/369] FUBNOH_clean_DDEC_CO2_298.0K_5.0bar_12.5 Done. TimeForThis=4696.6s, Completed=327/369, ETA=2025-09-09 20:36:44
[266/369] OJAKOA_clean_DDEC_CO2_298.0K_5.0bar_12.5 Done. TimeForThis=4246.4s, Completed=328/369, ETA=2025-09-09 20:37:20
[258/369] ILOJOJ_clean_DDEC_CO2_298.0K_5.0bar_12.5 Done. TimeForThis=5641.5s, Completed=329/369, ETA=2025-09-09 20:37:00
[263/369] EGUNAX_clean_DDEC_CO2_298.0K_5.0bar_12.5 Done. TimeForThis=5021.7s, Completed=330/369, ETA=2025-09-09 20:35:12
[239/369] KAFTUI_clean_DDEC_CO2_298.0K_5.0bar_12.5 Done. TimeForThis=10121.6s, Completed=331/369, ETA=2025-09-09 20:32:33
[262/369] OTOVAW_clean_DDEC_CO2_298.0K_5.0bar_12.5 Done. TimeForThis=5346.3s, Completed=332/369, ETA=2025-09-09 20:31:10
[269/369] OSIXEU_clean_DDEC_CO2_298.0K_5.0bar_12.5 Done. TimeForThis=3663.3s, Completed=333/369, ETA=2025-09-09 20:27:57
[255/369] MEJQID_clean_DDEC_CO2_298.0K_5.0bar_12.5 Done. TimeForThis=7190.6s, Completed=334/369, ETA=2025-09-09 20:26:02
[233/369] QIWPET_clean_DDEC_CO2_298.0K_5.0bar_12.5 Done. TimeForThis=12261.2s, Completed=335/369, ETA=2025-09-09 20:22:13
[280/369] HUHJAW_clean_DDEC_CO2_298.0K_5.0bar_12.5 Done. TimeForThis=2433.2s, Completed=336/369, ETA=2025-09-09 20:50:13
[243/369] REYPIW_clean_DDEC_CO2_298.0K_5.0bar_12.5 Done. TimeForThis=11721.9s, Completed=337/369, ETA=2025-09-09 20:46:32
[249/369] SISQAO_clean_DDEC_CO2_298.0K_5.0bar_12.5 Done. TimeForThis=10801.1s, Completed=338/369, ETA=2025-09-09 20:43:21
[273/369] QUPDEL01_clean_DDEC_CO2_298.0K_5.0bar_12.5 Done. TimeForThis=5264.3s, Completed=339/369, ETA=2025-09-09 20:48:08
[284/369] NUCYAN_clean_DDEC_CO2_298.0K_5.0bar_12.5 Done. TimeForThis=2703.8s, Completed=340/369, ETA=2025-09-09 20:48:56
[272/369] PEGQAV_clean_DDEC_CO2_298.0K_5.0bar_12.5 Done. TimeForThis=5683.4s, Completed=341/369, ETA=2025-09-09 20:45:34
[276/369] DOQHEX_clean_DDEC_CO2_298.0K_5.0bar_12.5 Done. TimeForThis=4395.6s, Completed=342/369, ETA=2025-09-09 20:42:25
[271/369] SABYIG_clean_DDEC_CO2_298.0K_5.0bar_12.5 Done. TimeForThis=5843.4s, Completed=343/369, ETA=2025-09-09 20:39:23
[256/369] YOYBUL_clean_DDEC_CO2_298.0K_5.0bar_12.5 Done. TimeForThis=9926.0s, Completed=344/369, ETA=2025-09-09 20:37:05
[275/369] NAPZUB_clean_DDEC_CO2_298.0K_5.0bar_12.5 Done. TimeForThis=4876.7s, Completed=345/369, ETA=2025-09-09 20:33:28
[287/369] NUYWOU_clean_DDEC_CO2_298.0K_5.0bar_12.5 Done. TimeForThis=2959.6s, Completed=346/369, ETA=2025-09-09 20:33:03
[279/369] MIVPEN_clean_DDEC_CO2_298.0K_5.0bar_12.5 Done. TimeForThis=4246.6s, Completed=347/369, ETA=2025-09-09 20:35:25
[285/369] NOJBOF_clean_DDEC_CO2_298.0K_5.0bar_12.5 Done. TimeForThis=3648.8s, Completed=348/369, ETA=2025-09-09 20:35:32
[268/369] KOCCUC_clean_DDEC_CO2_298.0K_5.0bar_12.5 Done. TimeForThis=7632.0s, Completed=349/369, ETA=2025-09-09 20:34:48
[274/369] CAKYEU_clean_DDEC_CO2_298.0K_5.0bar_12.5 Done. TimeForThis=6757.4s, Completed=350/369, ETA=2025-09-09 20:35:16
[286/369] XOJWEZ_clean_DDEC_CO2_298.0K_5.0bar_12.5 Done. TimeForThis=4097.7s, Completed=351/369, ETA=2025-09-09 20:34:00
[250/369] COKPOJ_clean_DDEC_CO2_298.0K_5.0bar_12.5 Done. TimeForThis=12782.8s, Completed=352/369, ETA=2025-09-09 20:30:18
[267/369] PAMHES_clean_DDEC_CO2_298.0K_5.0bar_12.5 Done. TimeForThis=8555.0s, Completed=353/369, ETA=2025-09-09 20:31:07
[277/369] KINDOC_clean_DDEC_CO2_298.0K_5.0bar_12.5 Done. TimeForThis=6065.0s, Completed=354/369, ETA=2025-09-09 20:32:04
[151/369] HAPNUK_clean_DDEC_CO2_298.0K_5.0bar_12.5 Done. TimeForThis=37888.7s, Completed=355/369, ETA=2025-09-09 20:29:21
[278/369] CIGFAB_clean_DDEC_CO2_298.0K_5.0bar_12.5 Done. TimeForThis=5952.0s, Completed=356/369, ETA=2025-09-09 20:25:54
[282/369] GAFBEX_clean_DDEC_CO2_298.0K_5.0bar_12.5 Done. TimeForThis=5090.2s, Completed=357/369, ETA=2025-09-09 20:22:30
[218/369] XEKCAT_clean_DDEC_CO2_298.0K_5.0bar_12.5 Done. TimeForThis=19779.0s, Completed=358/369, ETA=2025-09-09 20:20:03
[290/369] KIHTOL01_clean_DDEC_CO2_298.0K_5.0bar_12.5 Done. TimeForThis=3892.4s, Completed=359/369, ETA=2025-09-09 20:31:55
[270/369] TUMREA_clean_DDEC_CO2_298.0K_5.0bar_12.5 Done. TimeForThis=9643.4s, Completed=360/369, ETA=2025-09-09 20:32:51
[283/369] FIJDOS_clean_DDEC_CO2_298.0K_5.0bar_12.5 Done. TimeForThis=6500.7s, Completed=361/369, ETA=2025-09-09 20:33:13
[265/369] TUWPIL_clean_DDEC_CO2_298.0K_5.0bar_12.5 Done. TimeForThis=13509.5s, Completed=362/369, ETA=2025-09-09 21:03:59
[260/369] PEDMOB_clean_DDEC_CO2_298.0K_5.0bar_12.5 Done. TimeForThis=15118.5s, Completed=363/369, ETA=2025-09-09 21:21:44
[251/369] SABKIS_clean_DDEC_CO2_298.0K_5.0bar_12.5 Done. TimeForThis=18778.2s, Completed=364/369, ETA=2025-09-09 21:31:37
[289/369] FASHUD_SL_DDEC_CO2_298.0K_5.0bar_12.5 Done. TimeForThis=8910.9s, Completed=365/369, ETA=2025-09-09 21:33:59
[288/369] XISVUR_clean_DDEC_CO2_298.0K_5.0bar_12.5 Done. TimeForThis=11545.8s, Completed=366/369, ETA=2025-09-09 22:14:12
[291/369] AKEDIF_clean_DDEC_CO2_298.0K_5.0bar_12.5 Done. TimeForThis=13364.6s, Completed=367/369, ETA=2025-09-09 22:49:50
[281/369] XINZEB_clean_DDEC_CO2_298.0K_5.0bar_12.5 Done. TimeForThis=16282.5s, Completed=368/369, ETA=2025-09-09 22:48:15
---- ALL DONE at 2025-09-09 22:44:18 ----
