---- START at 2025-09-08 15:21:35, Target=369/369 ----
[11/369] SABWAU01_clean_DDEC_CO2_298.0K_5.0bar_12.5 Done. TimeForThis=1165.9s, Completed=1/369, ETA=2025-09-13 14:51:43
[2/369] LARZEL_SL_part_DDEC_CO2_298.0K_5.0bar_12.5 Done. TimeForThis=1440.8s, Completed=2/369, ETA=2025-09-11 17:11:58
[7/369] PEVLIN_clean_DDEC_CO2_298.0K_5.0bar_12.5 Done. TimeForThis=2845.9s, Completed=3/369, ETA=2025-09-12 16:35:43
[18/369] ECUCOV_clean_DDEC_CO2_298.0K_5.0bar_12.5 Done. TimeForThis=2973.7s, Completed=4/369, ETA=2025-09-11 19:33:43
[3/369] SADMIV_clean_DDEC_CO2_298.0K_5.0bar_12.5 Done. TimeForThis=3300.4s, Completed=5/369, ETA=2025-09-11 11:01:07
[25/369] TEVZIE_clean_DDEC_CO2_298.0K_5.0bar_12.5 Done. TimeForThis=3602.1s, Completed=6/369, ETA=2025-09-11 04:53:42
[19/369] GEDREO_clean_DDEC_CO2_298.0K_5.0bar_12.5 Done. TimeForThis=3854.5s, Completed=7/369, ETA=2025-09-10 23:48:04
[16/369] POMSOB_clean_DDEC_CO2_298.0K_5.0bar_12.5 Done. TimeForThis=3869.4s, Completed=8/369, ETA=2025-09-10 16:56:13
[14/369] WECBAJ_clean_DDEC_CO2_298.0K_5.0bar_12.5 Done. TimeForThis=3927.8s, Completed=9/369, ETA=2025-09-10 12:05:37
[5/369] OQESEJ_clean_DDEC_CO2_298.0K_5.0bar_12.5 Done. TimeForThis=4192.6s, Completed=10/369, ETA=2025-09-10 10:20:03
[4/369] IBASOV_clean_DDEC_CO2_298.0K_5.0bar_12.5 Done. TimeForThis=4315.1s, Completed=11/369, ETA=2025-09-10 07:34:08
[1/369] OFESIC_clean_DDEC_CO2_298.0K_5.0bar_12.5 Done. TimeForThis=4472.0s, Completed=12/369, ETA=2025-09-10 05:33:30
[23/369] SABWUQ_clean_DDEC_CO2_298.0K_5.0bar_12.5 Done. TimeForThis=4745.8s, Completed=13/369, ETA=2025-09-10 04:46:42
[8/369] PURSOK_clean_DDEC_CO2_298.0K_5.0bar_12.5 Done. TimeForThis=4751.8s, Completed=14/369, ETA=2025-09-10 02:08:59
[6/369] IFOSIG_clean_DDEC_CO2_298.0K_5.0bar_12.5 Done. TimeForThis=4911.4s, Completed=15/369, ETA=2025-09-10 00:55:15
[27/369] JUMDEC_clean_DDEC_CO2_298.0K_5.0bar_12.5 Done. TimeForThis=5051.4s, Completed=16/369, ETA=2025-09-09 23:43:14
[20/369] XAKQOR_clean_DDEC_CO2_298.0K_5.0bar_12.5 Done. TimeForThis=5224.5s, Completed=17/369, ETA=2025-09-09 22:51:37
[12/369] HUCFAO_clean_DDEC_CO2_298.0K_5.0bar_12.5 Done. TimeForThis=6055.1s, Completed=18/369, ETA=2025-09-10 01:50:25
[37/369] HAJJAE_clean_DDEC_CO2_298.0K_5.0bar_12.5 Done. TimeForThis=2145.7s, Completed=19/369, ETA=2025-09-10 00:07:30
[29/369] LAGBUS_clean_DDEC_CO2_298.0K_5.0bar_12.5 Done. TimeForThis=5323.7s, Completed=20/369, ETA=2025-09-10 00:37:08
[31/369] HORCUN_clean_DDEC_CO2_298.0K_5.0bar_12.5 Done. TimeForThis=3910.6s, Completed=21/369, ETA=2025-09-10 00:20:17
[43/369] HOVJIN_clean_DDEC_CO2_298.0K_5.0bar_12.5 Done. TimeForThis=2066.2s, Completed=22/369, ETA=2025-09-09 23:52:09
[22/369] LIBJAJ_clean_DDEC_CO2_298.0K_5.0bar_12.5 Done. TimeForThis=7167.6s, Completed=23/369, ETA=2025-09-09 23:18:08
[10/369] XASFAY_clean_DDEC_CO2_298.0K_5.0bar_12.5 Done. TimeForThis=7362.3s, Completed=24/369, ETA=2025-09-09 22:48:10
[33/369] LEDHEJ_clean_DDEC_CO2_298.0K_5.0bar_12.5 Done. TimeForThis=4174.2s, Completed=25/369, ETA=2025-09-09 22:00:20
[44/369] ZAXWAY_clean_DDEC_CO2_298.0K_5.0bar_12.5 Done. TimeForThis=2897.6s, Completed=26/369, ETA=2025-09-09 22:41:50
[38/369] UBACOR_clean_DDEC_CO2_298.0K_5.0bar_12.5 Done. TimeForThis=3859.3s, Completed=27/369, ETA=2025-09-09 21:55:38
[34/369] LAGHIL_clean_DDEC_CO2_298.0K_5.0bar_12.5 Done. TimeForThis=4622.3s, Completed=28/369, ETA=2025-09-09 21:28:00
[17/369] FIJDIM07_clean_DDEC_CO2_298.0K_5.0bar_12.5 Done. TimeForThis=8294.1s, Completed=29/369, ETA=2025-09-09 20:40:30
[9/369] POKTUG_clean_DDEC_CO2_298.0K_5.0bar_12.5 Done. TimeForThis=8644.8s, Completed=30/369, ETA=2025-09-09 20:53:47
[57/369] RONZID_clean_DDEC_CO2_298.0K_5.0bar_12.5 Done. TimeForThis=626.0s, Completed=31/369, ETA=2025-09-09 20:51:13
[30/369] UZAMUE_clean_DDEC_CO2_298.0K_5.0bar_12.5 Done. TimeForThis=7491.0s, Completed=32/369, ETA=2025-09-09 19:58:09
[39/369] ESUMOU_clean_DDEC_CO2_298.0K_5.0bar_12.5 Done. TimeForThis=4902.2s, Completed=33/369, ETA=2025-09-09 19:59:21
[35/369] DUZWOM_clean_DDEC_CO2_298.0K_5.0bar_12.5 Done. TimeForThis=5616.1s, Completed=34/369, ETA=2025-09-09 19:54:39
[42/369] SABYUS_clean_DDEC_CO2_298.0K_5.0bar_12.5 Done. TimeForThis=4774.5s, Completed=35/369, ETA=2025-09-09 19:15:30
[54/369] HAJMAH_clean_DDEC_CO2_298.0K_5.0bar_12.5 Done. TimeForThis=1618.1s, Completed=36/369, ETA=2025-09-09 18:35:58
[48/369] IDAZEU_clean_DDEC_CO2_298.0K_5.0bar_12.5 Done. TimeForThis=3237.9s, Completed=37/369, ETA=2025-09-09 18:18:27
[21/369] WIJDAV_clean_DDEC_CO2_298.0K_5.0bar_12.5 Done. TimeForThis=10042.8s, Completed=38/369, ETA=2025-09-09 18:26:55
[53/369] MEJZOS_clean_DDEC_CO2_298.0K_5.0bar_12.5 Done. TimeForThis=2807.7s, Completed=39/369, ETA=2025-09-09 18:23:01
[36/369] QOJTUE_clean_DDEC_CO2_298.0K_5.0bar_12.5 Done. TimeForThis=6514.0s, Completed=40/369, ETA=2025-09-09 17:58:02
[50/369] ATIBOU_clean_DDEC_CO2_298.0K_5.0bar_12.5 Done. TimeForThis=3459.4s, Completed=41/369, ETA=2025-09-09 17:27:08
[24/369] ZEZPEB_clean_DDEC_CO2_298.0K_5.0bar_12.5 Done. TimeForThis=10600.7s, Completed=42/369, ETA=2025-09-09 17:13:50
[52/369] CODQOD_clean_DDEC_CO2_298.0K_5.0bar_12.5 Done. TimeForThis=3646.5s, Completed=43/369, ETA=2025-09-09 17:36:06
[32/369] XOHTUJ_clean_DDEC_CO2_298.0K_5.0bar_12.5 Done. TimeForThis=8094.9s, Completed=44/369, ETA=2025-09-09 17:08:41
[40/369] UCEXEG_clean_DDEC_CO2_298.0K_5.0bar_12.5 Done. TimeForThis=6783.1s, Completed=45/369, ETA=2025-09-09 16:59:47
[26/369] ORIVUI_clean_DDEC_CO2_298.0K_5.0bar_12.5 Done. TimeForThis=11301.4s, Completed=46/369, ETA=2025-09-09 16:32:32
[46/369] ALUKOI_clean_DDEC_CO2_298.0K_5.0bar_12.5 Done. TimeForThis=5895.2s, Completed=47/369, ETA=2025-09-09 17:25:18
[58/369] ORANAY_clean_DDEC_CO2_298.0K_5.0bar_12.5 Done. TimeForThis=4729.5s, Completed=48/369, ETA=2025-09-09 19:55:10
[51/369] MATTOR_clean_DDEC_CO2_298.0K_5.0bar_12.5 Done. TimeForThis=6253.6s, Completed=49/369, ETA=2025-09-09 19:26:05
[65/369] BIMDEF_clean_DDEC_CO2_298.0K_5.0bar_12.5 Done. TimeForThis=3817.4s, Completed=50/369, ETA=2025-09-09 19:07:36
[28/369] RANNUS_clean_DDEC_CO2_298.0K_5.0bar_12.5 Done. TimeForThis=13815.9s, Completed=51/369, ETA=2025-09-09 19:07:37
[69/369] FIQZAH_clean_DDEC_CO2_298.0K_5.0bar_12.5 Done. TimeForThis=3624.3s, Completed=52/369, ETA=2025-09-09 19:04:36
[64/369] OVICUS_clean_DDEC_CO2_298.0K_5.0bar_12.5 Done. TimeForThis=4524.9s, Completed=53/369, ETA=2025-09-09 18:36:47
[70/369] OSIWUJ_clean_DDEC_CO2_298.0K_5.0bar_12.5 Done. TimeForThis=3670.4s, Completed=54/369, ETA=2025-09-09 18:26:55
[68/369] HAMRIY_clean_DDEC_CO2_298.0K_5.0bar_12.5 Done. TimeForThis=4024.9s, Completed=55/369, ETA=2025-09-09 18:12:42
[45/369] JOVDON_clean_DDEC_CO2_298.0K_5.0bar_12.5 Done. TimeForThis=9894.6s, Completed=56/369, ETA=2025-09-09 19:01:59
[56/369] YAPXIX_clean_DDEC_CO2_298.0K_5.0bar_12.5 Done. TimeForThis=6941.5s, Completed=57/369, ETA=2025-09-09 18:37:54
[83/369] UJOKIP04_clean_DDEC_CO2_298.0K_5.0bar_12.5 Done. TimeForThis=817.6s, Completed=58/369, ETA=2025-09-09 18:16:03
[71/369] SIVGIP_clean_DDEC_CO2_298.0K_5.0bar_12.5 Done. TimeForThis=4334.0s, Completed=59/369, ETA=2025-09-09 18:00:52
[41/369] AVAQIX_clean_DDEC_CO2_298.0K_5.0bar_12.5 Done. TimeForThis=11366.1s, Completed=60/369, ETA=2025-09-09 18:53:03
[55/369] ESUVAR_clean_DDEC_CO2_298.0K_5.0bar_12.5 Done. TimeForThis=8433.3s, Completed=61/369, ETA=2025-09-09 19:03:37
[15/369] UZIJUJ_clean_DDEC_CO2_298.0K_5.0bar_12.5 Done. TimeForThis=16570.7s, Completed=62/369, ETA=2025-09-09 18:45:17
[82/369] ACAJOF_clean_DDEC_CO2_298.0K_5.0bar_12.5 Done. TimeForThis=2463.2s, Completed=63/369, ETA=2025-09-09 18:35:11
[73/369] FAWCEN03_SL_DDEC_CO2_298.0K_5.0bar_12.5 Done. TimeForThis=5849.4s, Completed=64/369, ETA=2025-09-09 18:45:13
[62/369] VIWHUG_clean_DDEC_CO2_298.0K_5.0bar_12.5 Done. TimeForThis=8169.9s, Completed=65/369, ETA=2025-09-09 19:10:39
[78/369] TUMGUD_clean_DDEC_CO2_298.0K_5.0bar_12.5 Done. TimeForThis=4364.6s, Completed=66/369, ETA=2025-09-09 19:10:25
[77/369] DOGZIJ_clean_DDEC_CO2_298.0K_5.0bar_12.5 Done. TimeForThis=4968.4s, Completed=67/369, ETA=2025-09-09 19:29:35
[75/369] GEHSAN_clean_manual_DDEC_CO2_298.0K_5.0bar_12.5 Done. TimeForThis=6551.2s, Completed=68/369, ETA=2025-09-09 19:14:53
[66/369] DICVAO_clean_DDEC_CO2_298.0K_5.0bar_12.5 Done. TimeForThis=8713.3s, Completed=69/369, ETA=2025-09-09 19:13:19
[74/369] QOJVAM_clean_DDEC_CO2_298.0K_5.0bar_12.5 Done. TimeForThis=7655.0s, Completed=70/369, ETA=2025-09-09 19:07:02
[90/369] HAZNED_clean_DDEC_CO2_298.0K_5.0bar_12.5 Done. TimeForThis=2912.3s, Completed=71/369, ETA=2025-09-09 19:29:12
[86/369] ZUSBOG_clean_DDEC_CO2_298.0K_5.0bar_12.5 Done. TimeForThis=4610.3s, Completed=72/369, ETA=2025-09-09 19:35:56
[88/369] XUPCAM_clean_DDEC_CO2_298.0K_5.0bar_12.5 Done. TimeForThis=3928.3s, Completed=73/369, ETA=2025-09-09 19:29:54
[100/369] YUWHOO_SL_DDEC_CO2_298.0K_5.0bar_12.5 Done. TimeForThis=300.3s, Completed=74/369, ETA=2025-09-09 19:15:05
[84/369] QOMTET_clean_DDEC_CO2_298.0K_5.0bar_12.5 Done. TimeForThis=5366.5s, Completed=75/369, ETA=2025-09-09 19:21:24
[96/369] ZECKID_clean_DDEC_CO2_298.0K_5.0bar_12.5 Done. TimeForThis=2536.9s, Completed=76/369, ETA=2025-09-09 19:44:02
[63/369] ORIWAP_clean_DDEC_CO2_298.0K_5.0bar_12.5 Done. TimeForThis=11896.8s, Completed=77/369, ETA=2025-09-09 19:52:39
[94/369] CUGFAN_clean_DDEC_CO2_298.0K_5.0bar_12.5 Done. TimeForThis=3556.9s, Completed=78/369, ETA=2025-09-09 19:34:08
[76/369] POKVES_clean_DDEC_CO2_298.0K_5.0bar_12.5 Done. TimeForThis=8164.3s, Completed=79/369, ETA=2025-09-09 19:18:20
[49/369] WOJZIG_clean_DDEC_CO2_298.0K_5.0bar_12.5 Done. TimeForThis=14916.3s, Completed=80/369, ETA=2025-09-09 19:07:41
[85/369] FIBHIJ_clean_DDEC_CO2_298.0K_5.0bar_12.5 Done. TimeForThis=6513.4s, Completed=81/369, ETA=2025-09-09 18:47:36
[59/369] RANNOM_clean_DDEC_CO2_298.0K_5.0bar_12.5 Done. TimeForThis=12963.6s, Completed=82/369, ETA=2025-09-09 18:42:51
[89/369] QUXROS_clean_DDEC_CO2_298.0K_5.0bar_12.5 Done. TimeForThis=5461.3s, Completed=83/369, ETA=2025-09-09 18:27:44
[61/369] YEKXET_clean_DDEC_CO2_298.0K_5.0bar_12.5 Done. TimeForThis=12978.8s, Completed=84/369, ETA=2025-09-09 18:26:39
[72/369] IVUVIG_clean_DDEC_CO2_298.0K_5.0bar_12.5 Done. TimeForThis=11398.7s, Completed=85/369, ETA=2025-09-09 18:27:10
[81/369] FEDBEX_clean_DDEC_CO2_298.0K_5.0bar_12.5 Done. TimeForThis=8448.3s, Completed=86/369, ETA=2025-09-09 18:13:29
[102/369] EKETUL_clean_DDEC_CO2_298.0K_5.0bar_12.5 Done. TimeForThis=2560.5s, Completed=87/369, ETA=2025-09-09 18:06:02
[91/369] ITIBOD_clean_DDEC_CO2_298.0K_5.0bar_12.5 Done. TimeForThis=6394.4s, Completed=88/369, ETA=2025-09-09 18:17:58
[97/369] KIBDEF_clean_DDEC_CO2_298.0K_5.0bar_12.5 Done. TimeForThis=4518.2s, Completed=89/369, ETA=2025-09-09 18:09:51
[79/369] SAQQIL_clean_DDEC_CO2_298.0K_5.0bar_12.5 Done. TimeForThis=10686.6s, Completed=90/369, ETA=2025-09-09 19:15:55
[115/369] OPOBIF_clean_DDEC_CO2_298.0K_5.0bar_12.5 Done. TimeForThis=1874.9s, Completed=91/369, ETA=2025-09-09 19:02:13
[80/369] SAQQAD_clean_DDEC_CO2_298.0K_5.0bar_12.5 Done. TimeForThis=10580.0s, Completed=92/369, ETA=2025-09-09 18:48:48
[93/369] NASRIL_clean_DDEC_CO2_298.0K_5.0bar_12.5 Done. TimeForThis=7221.1s, Completed=93/369, ETA=2025-09-09 18:45:40
[60/369] POKSOZ_clean_DDEC_CO2_298.0K_5.0bar_12.5 Done. TimeForThis=16015.7s, Completed=94/369, ETA=2025-09-09 18:33:47
[99/369] KOSJAF_clean_DDEC_CO2_298.0K_5.0bar_12.5 Done. TimeForThis=5499.6s, Completed=95/369, ETA=2025-09-09 18:18:53
[67/369] LUYSEF_clean_DDEC_CO2_298.0K_5.0bar_12.5 Done. TimeForThis=14735.7s, Completed=96/369, ETA=2025-09-09 18:04:18
[117/369] SETWUL_clean_manual_DDEC_CO2_298.0K_5.0bar_12.5 Done. TimeForThis=1924.2s, Completed=97/369, ETA=2025-09-09 17:59:13
[47/369] ZIKJIO_clean_DDEC_CO2_298.0K_5.0bar_12.5 Done. TimeForThis=19503.4s, Completed=98/369, ETA=2025-09-09 18:06:40
[101/369] OFAWEZ_clean_DDEC_CO2_298.0K_5.0bar_12.5 Done. TimeForThis=5745.7s, Completed=99/369, ETA=2025-09-09 18:03:26
[98/369] PEXFAA_clean_DDEC_CO2_298.0K_5.0bar_12.5 Done. TimeForThis=6847.6s, Completed=100/369, ETA=2025-09-09 17:48:32
[87/369] WEMFOL_clean_DDEC_CO2_298.0K_5.0bar_12.5 Done. TimeForThis=10552.4s, Completed=101/369, ETA=2025-09-09 17:38:22
[121/369] FODCEI_clean_DDEC_CO2_298.0K_5.0bar_12.5 Done. TimeForThis=1310.0s, Completed=102/369, ETA=2025-09-09 17:39:35
[119/369] YOQYEK_clean_DDEC_CO2_298.0K_5.0bar_12.5 Done. TimeForThis=2196.3s, Completed=103/369, ETA=2025-09-09 17:59:53
[123/369] QOJYEV_clean_DDEC_CO2_298.0K_5.0bar_12.5 Done. TimeForThis=2186.6s, Completed=104/369, ETA=2025-09-09 18:08:13
[108/369] DEJRUH_clean_DDEC_CO2_298.0K_5.0bar_12.5 Done. TimeForThis=5695.7s, Completed=105/369, ETA=2025-09-09 18:04:36
[127/369] HAJLUA_clean_DDEC_CO2_298.0K_5.0bar_12.5 Done. TimeForThis=1612.3s, Completed=106/369, ETA=2025-09-09 17:51:12
[105/369] FUTCAZ_clean_DDEC_CO2_298.0K_5.0bar_12.5 Done. TimeForThis=6147.2s, Completed=107/369, ETA=2025-09-09 17:46:14
[131/369] BALMUW_clean_DDEC_CO2_298.0K_5.0bar_12.5 Done. TimeForThis=1027.3s, Completed=108/369, ETA=2025-09-09 17:44:23
[129/369] EDUSIF_clean_DDEC_CO2_298.0K_5.0bar_12.5 Done. TimeForThis=2060.7s, Completed=109/369, ETA=2025-09-09 17:38:54
[110/369] IZEBAR_clean_DDEC_CO2_298.0K_5.0bar_12.5 Done. TimeForThis=6226.4s, Completed=110/369, ETA=2025-09-09 17:33:12
[114/369] IGAHED_clean_DDEC_CO2_298.0K_5.0bar_12.5 Done. TimeForThis=6033.2s, Completed=111/369, ETA=2025-09-09 17:44:43
[103/369] OXAZIX_clean_DDEC_CO2_298.0K_5.0bar_12.5 Done. TimeForThis=8652.8s, Completed=112/369, ETA=2025-09-09 18:01:35
[109/369] NUNCEG_clean_DDEC_CO2_298.0K_5.0bar_12.5 Done. TimeForThis=7586.4s, Completed=113/369, ETA=2025-09-09 17:54:22
[104/369] EBOBIJ_clean_DDEC_CO2_298.0K_5.0bar_12.5 Done. TimeForThis=8254.1s, Completed=114/369, ETA=2025-09-09 17:41:50
[95/369] OWIJAH_clean_DDEC_CO2_298.0K_5.0bar_12.5 Done. TimeForThis=11063.1s, Completed=115/369, ETA=2025-09-09 17:36:40
[92/369] YEGTEK_clean_DDEC_CO2_298.0K_5.0bar_12.5 Done. TimeForThis=12684.8s, Completed=116/369, ETA=2025-09-09 17:40:56
[125/369] MITGUR01_clean_DDEC_CO2_298.0K_5.0bar_12.5 Done. TimeForThis=4776.6s, Completed=117/369, ETA=2025-09-09 17:37:11
[132/369] NIHBEM01_clean_DDEC_CO2_298.0K_5.0bar_12.5 Done. TimeForThis=3368.0s, Completed=118/369, ETA=2025-09-09 17:53:08
[111/369] IXURID_clean_DDEC_CO2_298.0K_5.0bar_12.5 Done. TimeForThis=8917.0s, Completed=119/369, ETA=2025-09-09 17:56:38
[118/369] KEFBOO_clean_DDEC_CO2_298.0K_5.0bar_12.5 Done. TimeForThis=6738.5s, Completed=120/369, ETA=2025-09-09 18:02:41
[139/369] YEZKOF_clean_DDEC_CO2_298.0K_5.0bar_12.5 Done. TimeForThis=2884.8s, Completed=121/369, ETA=2025-09-09 18:00:30
[116/369] TUMRAW_clean_DDEC_CO2_298.0K_5.0bar_12.5 Done. TimeForThis=8366.2s, Completed=122/369, ETA=2025-09-09 17:49:14
[140/369] OKAYUW_clean_DDEC_CO2_298.0K_5.0bar_12.5 Done. TimeForThis=3001.2s, Completed=123/369, ETA=2025-09-09 18:08:34
[144/369] JALPAQ_clean_DDEC_CO2_298.0K_5.0bar_12.5 Done. TimeForThis=2505.7s, Completed=124/369, ETA=2025-09-09 18:03:18
[141/369] UVASAM01_clean_DDEC_CO2_298.0K_5.0bar_12.5 Done. TimeForThis=3134.1s, Completed=125/369, ETA=2025-09-09 17:55:39
[106/369] PARHAS_clean_DDEC_CO2_298.0K_5.0bar_12.5 Done. TimeForThis=11057.9s, Completed=126/369, ETA=2025-09-09 17:49:05
[137/369] GELVID01_clean_DDEC_CO2_298.0K_5.0bar_12.5 Done. TimeForThis=4605.1s, Completed=127/369, ETA=2025-09-09 17:38:21
[133/369] CETVAA_clean_DDEC_CO2_298.0K_5.0bar_12.5 Done. TimeForThis=5439.1s, Completed=128/369, ETA=2025-09-09 17:37:53
[135/369] KOSJEJ_clean_DDEC_CO2_298.0K_5.0bar_12.5 Done. TimeForThis=5547.8s, Completed=129/369, ETA=2025-09-09 17:40:28
[138/369] ROSKER_clean_DDEC_CO2_298.0K_5.0bar_12.5 Done. TimeForThis=5057.0s, Completed=130/369, ETA=2025-09-09 17:30:38
[130/369] PETWOC_clean_DDEC_CO2_298.0K_5.0bar_12.5 Done. TimeForThis=7108.0s, Completed=131/369, ETA=2025-09-09 17:23:57
[148/369] NUZSAD_clean_DDEC_CO2_298.0K_5.0bar_12.5 Done. TimeForThis=2061.8s, Completed=132/369, ETA=2025-09-09 17:13:12
[107/369] SISQES_clean_DDEC_CO2_298.0K_5.0bar_12.5 Done. TimeForThis=12033.0s, Completed=133/369, ETA=2025-09-09 17:13:57
[126/369] SOTXAC_clean_DDEC_CO2_298.0K_5.0bar_12.5 Done. TimeForThis=8157.9s, Completed=134/369, ETA=2025-09-09 17:09:52
[124/369] RABHAZ_clean_DDEC_CO2_298.0K_5.0bar_12.5 Done. TimeForThis=8775.4s, Completed=135/369, ETA=2025-09-09 17:01:04
[128/369] BUGSIG_clean_DDEC_CO2_298.0K_5.0bar_12.5 Done. TimeForThis=8278.0s, Completed=136/369, ETA=2025-09-09 17:02:47
[159/369] JEMQEY_clean_DDEC_CO2_298.0K_5.0bar_12.5 Done. TimeForThis=1031.3s, Completed=137/369, ETA=2025-09-09 17:01:49
[150/369] ZERNUH_clean_DDEC_CO2_298.0K_5.0bar_12.5 Done. TimeForThis=2832.4s, Completed=138/369, ETA=2025-09-09 16:51:23
[147/369] IJATIW_clean_DDEC_CO2_298.0K_5.0bar_12.5 Done. TimeForThis=3680.6s, Completed=139/369, ETA=2025-09-09 16:49:58
[142/369] XADGAM_clean_DDEC_CO2_298.0K_5.0bar_12.5 Done. TimeForThis=5275.4s, Completed=140/369, ETA=2025-09-09 16:40:06
[134/369] EHAFOK_clean_DDEC_CO2_298.0K_5.0bar_12.5 Done. TimeForThis=7400.4s, Completed=141/369, ETA=2025-09-09 16:39:24
[13/369] HAPNOE_clean_DDEC_CO2_298.0K_5.0bar_12.5 Done. TimeForThis=35341.2s, Completed=142/369, ETA=2025-09-09 16:52:12
[122/369] TOKDON_clean_DDEC_CO2_298.0K_5.0bar_12.5 Done. TimeForThis=10708.8s, Completed=143/369, ETA=2025-09-09 16:55:03
[149/369] ZERQOE_clean_DDEC_CO2_298.0K_5.0bar_12.5 Done. TimeForThis=4948.6s, Completed=144/369, ETA=2025-09-09 17:16:28
[112/369] GARLAP_clean_DDEC_CO2_298.0K_5.0bar_12.5 Done. TimeForThis=14416.2s, Completed=145/369, ETA=2025-09-09 17:14:27
[146/369] EDADIX_clean_DDEC_CO2_298.0K_5.0bar_12.5 Done. TimeForThis=6214.4s, Completed=146/369, ETA=2025-09-09 17:09:41
[162/369] HAZGOF01_clean_h_DDEC_CO2_298.0K_5.0bar_12.5 Done. TimeForThis=3208.0s, Completed=147/369, ETA=2025-09-09 17:07:09
[113/369] LADQUF_clean_DDEC_CO2_298.0K_5.0bar_12.5 Done. TimeForThis=14501.6s, Completed=148/369, ETA=2025-09-09 16:57:47
[152/369] QOVWOP_clean_DDEC_CO2_298.0K_5.0bar_12.5 Done. TimeForThis=4828.0s, Completed=149/369, ETA=2025-09-09 16:53:50
[154/369] USUQOQ_clean_DDEC_CO2_298.0K_5.0bar_12.5 Done. TimeForThis=4599.5s, Completed=150/369, ETA=2025-09-09 16:43:40
[157/369] MUXHUI02_clean_DDEC_CO2_298.0K_5.0bar_12.5 Done. TimeForThis=4208.5s, Completed=151/369, ETA=2025-09-09 16:41:50
[161/369] RURPEA_clean_DDEC_CO2_298.0K_5.0bar_12.5 Done. TimeForThis=3889.4s, Completed=152/369, ETA=2025-09-09 16:37:17
[160/369] IBASUB_clean_DDEC_CO2_298.0K_5.0bar_12.5 Done. TimeForThis=4307.0s, Completed=153/369, ETA=2025-09-09 16:33:21
[166/369] BOWQAG_SL_DDEC_CO2_298.0K_5.0bar_12.5 Done. TimeForThis=3345.2s, Completed=154/369, ETA=2025-09-09 16:26:03
[170/369] XEHSIN_clean_DDEC_CO2_298.0K_5.0bar_12.5 Done. TimeForThis=3571.4s, Completed=155/369, ETA=2025-09-09 17:05:32
[173/369] OBAFEF_clean_DDEC_CO2_298.0K_5.0bar_12.5 Done. TimeForThis=2513.1s, Completed=156/369, ETA=2025-09-09 17:04:01
[143/369] SETWOF_clean_DDEC_CO2_298.0K_5.0bar_12.5 Done. TimeForThis=10340.3s, Completed=157/369, ETA=2025-09-09 17:20:21
[156/369] NARVUA_clean_DDEC_CO2_298.0K_5.0bar_12.5 Done. TimeForThis=7375.6s, Completed=158/369, ETA=2025-09-09 17:25:41
[185/369] WAHMEY_clean_DDEC_CO2_298.0K_5.0bar_12.5 Done. TimeForThis=645.7s, Completed=159/369, ETA=2025-09-09 17:25:43
[182/369] ATULIM_clean_DDEC_CO2_298.0K_5.0bar_12.5 Done. TimeForThis=2892.7s, Completed=160/369, ETA=2025-09-09 17:20:49
[179/369] TEVZEA_clean_DDEC_CO2_298.0K_5.0bar_12.5 Done. TimeForThis=3423.7s, Completed=161/369, ETA=2025-09-09 17:18:11
[176/369] KUDMAY_clean_DDEC_CO2_298.0K_5.0bar_12.5 Done. TimeForThis=4138.8s, Completed=162/369, ETA=2025-09-09 17:22:09
[153/369] COKMOG_clean_DDEC_CO2_298.0K_5.0bar_12.5 Done. TimeForThis=8809.5s, Completed=163/369, ETA=2025-09-09 17:16:25
[168/369] CAKXET_clean_DDEC_CO2_298.0K_5.0bar_12.5 Done. TimeForThis=6767.6s, Completed=164/369, ETA=2025-09-09 17:11:40
[169/369] EBOCOQ_clean_DDEC_CO2_298.0K_5.0bar_12.5 Done. TimeForThis=7098.0s, Completed=165/369, ETA=2025-09-09 17:23:11
[145/369] TOVHUJ_clean_DDEC_CO2_298.0K_5.0bar_12.5 Done. TimeForThis=12111.6s, Completed=166/369, ETA=2025-09-09 17:20:49
[181/369] OGIYAF_clean_DDEC_CO2_298.0K_5.0bar_12.5 Done. TimeForThis=4781.8s, Completed=167/369, ETA=2025-09-09 17:22:43
[171/369] INIRAY01_clean_DDEC_CO2_298.0K_5.0bar_12.5 Done. TimeForThis=6765.3s, Completed=168/369, ETA=2025-09-09 17:14:31
[180/369] KOSMAI_clean_DDEC_CO2_298.0K_5.0bar_12.5 Done. TimeForThis=5257.3s, Completed=169/369, ETA=2025-09-09 17:16:08
[193/369] SOCLAZ_clean_DDEC_CO2_298.0K_5.0bar_12.5 Done. TimeForThis=2053.3s, Completed=170/369, ETA=2025-09-09 17:51:32
[151/369] POKTEQ_clean_DDEC_CO2_298.0K_5.0bar_12.5 Done. TimeForThis=12070.3s, Completed=171/369, ETA=2025-09-09 17:51:35
[191/369] WEDXEK_clean_DDEC_CO2_298.0K_5.0bar_12.5 Done. TimeForThis=3229.7s, Completed=172/369, ETA=2025-09-09 17:50:32
[120/369] WAMREJ_clean_DDEC_CO2_298.0K_5.0bar_12.5 Done. TimeForThis=19969.8s, Completed=173/369, ETA=2025-09-09 17:47:28
[175/369] RATSAI_clean_DDEC_CO2_298.0K_5.0bar_12.5 Done. TimeForThis=8009.1s, Completed=174/369, ETA=2025-09-09 17:50:24
[172/369] DIXKOL_clean_DDEC_CO2_298.0K_5.0bar_12.5 Done. TimeForThis=8577.5s, Completed=175/369, ETA=2025-09-09 17:42:28
[187/369] HEZKIH_clean_DDEC_CO2_298.0K_5.0bar_12.5 Done. TimeForThis=4758.6s, Completed=176/369, ETA=2025-09-09 17:40:55
[167/369] IDUDIW_clean_DDEC_CO2_298.0K_5.0bar_12.5 Done. TimeForThis=10739.1s, Completed=177/369, ETA=2025-09-09 17:34:59
[158/369] MASMIC_clean_DDEC_CO2_298.0K_5.0bar_12.5 Done. TimeForThis=12174.5s, Completed=178/369, ETA=2025-09-09 17:28:10
[196/369] MAYXUG_clean_DDEC_CO2_298.0K_5.0bar_12.5 Done. TimeForThis=3298.0s, Completed=179/369, ETA=2025-09-09 17:32:24
[188/369] KAVKIC_clean_DDEC_CO2_298.0K_5.0bar_12.5 Done. TimeForThis=5307.0s, Completed=180/369, ETA=2025-09-09 17:28:53
[202/369] CADPII_clean_DDEC_CO2_298.0K_5.0bar_12.5 Done. TimeForThis=1385.8s, Completed=181/369, ETA=2025-09-09 17:36:03
[178/369] CUQRIR_clean_DDEC_CO2_298.0K_5.0bar_12.5 Done. TimeForThis=9218.7s, Completed=182/369, ETA=2025-09-09 17:27:33
[136/369] HEDBUP_clean_DDEC_CO2_298.0K_5.0bar_12.5 Done. TimeForThis=18619.4s, Completed=183/369, ETA=2025-09-09 17:21:26
[210/369] LAMFIO_clean_DDEC_CO2_298.0K_5.0bar_12.5 Done. TimeForThis=727.1s, Completed=184/369, ETA=2025-09-09 17:34:50
[165/369] ETEJIX01_clean_DDEC_CO2_298.0K_5.0bar_12.5 Done. TimeForThis=12900.0s, Completed=185/369, ETA=2025-09-09 17:31:02
[194/369] KOSJIN_clean_DDEC_CO2_298.0K_5.0bar_12.5 Done. TimeForThis=5266.1s, Completed=186/369, ETA=2025-09-09 17:27:16
[184/369] ROTQIC_clean_DDEC_CO2_298.0K_5.0bar_12.5 Done. TimeForThis=8374.6s, Completed=187/369, ETA=2025-09-09 17:23:45
[207/369] VAZTOG_clean_DDEC_CO2_298.0K_5.0bar_12.5 Done. TimeForThis=1868.1s, Completed=188/369, ETA=2025-09-09 17:18:18
[197/369] GIYSUD_clean_DDEC_CO2_298.0K_5.0bar_12.5 Done. TimeForThis=5424.0s, Completed=189/369, ETA=2025-09-09 17:28:07
[195/369] TUZVUH_clean_DDEC_CO2_298.0K_5.0bar_12.5 Done. TimeForThis=5797.9s, Completed=190/369, ETA=2025-09-09 17:21:24
[192/369] YAZZAC_clean_DDEC_CO2_298.0K_5.0bar_12.5 Done. TimeForThis=7316.2s, Completed=191/369, ETA=2025-09-09 17:28:07
[164/369] POKVAO_clean_DDEC_CO2_298.0K_5.0bar_12.5 Done. TimeForThis=15370.8s, Completed=192/369, ETA=2025-09-09 17:45:37
[206/369] LUFCAS_clean_DDEC_CO2_298.0K_5.0bar_12.5 Done. TimeForThis=4345.8s, Completed=193/369, ETA=2025-09-09 17:44:53
[209/369] YAVVUP_clean_DDEC_CO2_298.0K_5.0bar_12.5 Done. TimeForThis=3441.4s, Completed=194/369, ETA=2025-09-09 17:39:38
[198/369] BETFEN_clean_DDEC_CO2_298.0K_5.0bar_12.5 Done. TimeForThis=5868.6s, Completed=195/369, ETA=2025-09-09 17:32:47
[183/369] XUDYEC_clean_DDEC_CO2_298.0K_5.0bar_12.5 Done. TimeForThis=11173.7s, Completed=196/369, ETA=2025-09-09 17:33:10
[208/369] GIKMOD06_clean_DDEC_CO2_298.0K_5.0bar_12.5 Done. TimeForThis=4470.1s, Completed=197/369, ETA=2025-09-09 17:33:11
[220/369] KECRAL11_clean_manual_DDEC_CO2_298.0K_5.0bar_12.5 Done. TimeForThis=1012.1s, Completed=198/369, ETA=2025-09-09 17:29:03
[189/369] DOTTEM_clean_DDEC_CO2_298.0K_5.0bar_12.5 Done. TimeForThis=9763.0s, Completed=199/369, ETA=2025-09-09 17:22:40
[204/369] PARPII_clean_DDEC_CO2_298.0K_5.0bar_12.5 Done. TimeForThis=5631.4s, Completed=200/369, ETA=2025-09-09 17:24:34
[203/369] TEXTOH_clean_DDEC_CO2_298.0K_5.0bar_12.5 Done. TimeForThis=5857.5s, Completed=201/369, ETA=2025-09-09 17:17:12
[163/369] LEVNOQ01_clean_DDEC_CO2_298.0K_5.0bar_12.5 Done. TimeForThis=17101.5s, Completed=202/369, ETA=2025-09-09 17:11:06
[186/369] VOTKEW_clean_DDEC_CO2_298.0K_5.0bar_12.5 Done. TimeForThis=10731.2s, Completed=203/369, ETA=2025-09-09 17:04:04
[155/369] MINCIX_clean_DDEC_CO2_298.0K_5.0bar_12.5 Done. TimeForThis=18556.1s, Completed=204/369, ETA=2025-09-09 17:02:37
[205/369] IFEYIB_clean_DDEC_CO2_298.0K_5.0bar_12.5 Done. TimeForThis=6365.3s, Completed=205/369, ETA=2025-09-09 17:11:02
[200/369] HEDBID_clean_DDEC_CO2_298.0K_5.0bar_12.5 Done. TimeForThis=7469.5s, Completed=206/369, ETA=2025-09-09 17:11:17
[213/369] OKAYAC_clean_DDEC_CO2_298.0K_5.0bar_12.5 Done. TimeForThis=5273.9s, Completed=207/369, ETA=2025-09-09 17:20:55
[215/369] KOSKIO01_clean_DDEC_CO2_298.0K_5.0bar_12.5 Done. TimeForThis=5205.4s, Completed=208/369, ETA=2025-09-09 17:19:56
[177/369] KESHAT_clean_DDEC_CO2_298.0K_5.0bar_12.5 Done. TimeForThis=15648.1s, Completed=209/369, ETA=2025-09-09 17:14:25
[230/369] PECMOB_clean_DDEC_CO2_298.0K_5.0bar_12.5 Done. TimeForThis=1965.7s, Completed=210/369, ETA=2025-09-09 17:09:39
[190/369] EKOPEA_clean_DDEC_CO2_298.0K_5.0bar_12.5 Done. TimeForThis=11866.6s, Completed=211/369, ETA=2025-09-09 17:05:37
[199/369] ACOGAB_clean_DDEC_CO2_298.0K_5.0bar_12.5 Done. TimeForThis=8909.7s, Completed=212/369, ETA=2025-09-09 17:02:33
[222/369] NOCYUB_clean_DDEC_CO2_298.0K_5.0bar_12.5 Done. TimeForThis=3514.5s, Completed=213/369, ETA=2025-09-09 17:00:21
[231/369] VISTOG_clean_DDEC_CO2_298.0K_5.0bar_12.5 Done. TimeForThis=2513.0s, Completed=214/369, ETA=2025-09-09 16:57:00
[219/369] YUKWOS_clean_DDEC_CO2_298.0K_5.0bar_12.5 Done. TimeForThis=4890.0s, Completed=215/369, ETA=2025-09-09 16:53:07
[229/369] TEVZOK_clean_DDEC_CO2_298.0K_5.0bar_12.5 Done. TimeForThis=3402.9s, Completed=216/369, ETA=2025-09-09 17:06:03
[232/369] TONMAM_clean_DDEC_CO2_298.0K_5.0bar_12.5 Done. TimeForThis=3137.2s, Completed=217/369, ETA=2025-09-09 16:59:12
[227/369] GELVID_clean_DDEC_CO2_298.0K_5.0bar_12.5 Done. TimeForThis=4304.9s, Completed=218/369, ETA=2025-09-09 17:08:04
[221/369] KOSLUB_clean_DDEC_CO2_298.0K_5.0bar_12.5 Done. TimeForThis=5288.0s, Completed=219/369, ETA=2025-09-09 17:05:25
[211/369] OGECOU_clean_DDEC_CO2_298.0K_5.0bar_12.5 Done. TimeForThis=8565.2s, Completed=220/369, ETA=2025-09-09 16:58:32
[174/369] ATAFIK_clean_DDEC_CO2_298.0K_5.0bar_12.5 Done. TimeForThis=18646.0s, Completed=221/369, ETA=2025-09-09 17:03:11
[223/369] WASNIO_clean_DDEC_CO2_298.0K_5.0bar_12.5 Done. TimeForThis=5633.0s, Completed=222/369, ETA=2025-09-09 16:57:44
[201/369] FAVGOB_clean_manual_DDEC_CO2_298.0K_5.0bar_12.5 Done. TimeForThis=10943.8s, Completed=223/369, ETA=2025-09-09 16:53:42
[212/369] MUFXUI_clean_DDEC_CO2_298.0K_5.0bar_12.5 Done. TimeForThis=8676.5s, Completed=224/369, ETA=2025-09-09 16:52:07
[233/369] TOFQEM_clean_DDEC_CO2_298.0K_5.0bar_12.5 Done. TimeForThis=4449.4s, Completed=225/369, ETA=2025-09-09 16:54:56
[249/369] IVIXIW_clean_DDEC_CO2_298.0K_5.0bar_12.5 Done. TimeForThis=1217.1s, Completed=226/369, ETA=2025-09-09 17:02:12
[239/369] MIHLOF_clean_DDEC_CO2_298.0K_5.0bar_12.5 Done. TimeForThis=3670.2s, Completed=227/369, ETA=2025-09-09 16:56:13
[237/369] EQUBIC_clean_DDEC_CO2_298.0K_5.0bar_12.5 Done. TimeForThis=4208.2s, Completed=228/369, ETA=2025-09-09 16:58:31
[243/369] EXIBUI_clean_DDEC_CO2_298.0K_5.0bar_12.5 Done. TimeForThis=3634.8s, Completed=229/369, ETA=2025-09-09 16:57:07
[224/369] ALEQIT_clean_DDEC_CO2_298.0K_5.0bar_12.5 Done. TimeForThis=7202.0s, Completed=230/369, ETA=2025-09-09 16:53:25
[241/369] RILVOZ_clean_DDEC_CO2_298.0K_5.0bar_12.5 Done. TimeForThis=4109.0s, Completed=231/369, ETA=2025-09-09 16:49:50
[218/369] NERMON_clean_DDEC_CO2_298.0K_5.0bar_12.5 Done. TimeForThis=9500.8s, Completed=232/369, ETA=2025-09-09 16:50:53
[251/369] XUYDIF_clean_DDEC_CO2_298.0K_5.0bar_12.5 Done. TimeForThis=2691.7s, Completed=233/369, ETA=2025-09-09 16:58:59
[225/369] YINCOP_clean_DDEC_CO2_298.0K_5.0bar_12.5 Done. TimeForThis=8060.2s, Completed=234/369, ETA=2025-09-09 16:56:31
[238/369] POHMAC_clean_DDEC_CO2_298.0K_5.0bar_12.5 Done. TimeForThis=5624.6s, Completed=235/369, ETA=2025-09-09 16:52:09
[214/369] OWIHUZ_clean_DDEC_CO2_298.0K_5.0bar_12.5 Done. TimeForThis=11278.8s, Completed=236/369, ETA=2025-09-09 16:49:29
[248/369] EQUBOI_clean_DDEC_CO2_298.0K_5.0bar_12.5 Done. TimeForThis=4097.6s, Completed=237/369, ETA=2025-09-09 16:54:37
[257/369] BAHGUN04_clean_DDEC_CO2_298.0K_5.0bar_12.5 Done. TimeForThis=2279.8s, Completed=238/369, ETA=2025-09-09 16:57:57
[253/369] RESWUI01_clean_DDEC_CO2_298.0K_5.0bar_12.5 Done. TimeForThis=4153.8s, Completed=239/369, ETA=2025-09-09 17:11:59
[236/369] ZUVTEP_clean_DDEC_CO2_298.0K_5.0bar_12.5 Done. TimeForThis=7561.2s, Completed=240/369, ETA=2025-09-09 17:05:55
[260/369] PUMNIV_clean_DDEC_CO2_298.0K_5.0bar_12.5 Done. TimeForThis=2969.6s, Completed=241/369, ETA=2025-09-09 17:09:33
[245/369] FEYQIK_clean_DDEC_CO2_298.0K_5.0bar_12.5 Done. TimeForThis=7278.6s, Completed=242/369, ETA=2025-09-09 17:25:20
[256/369] DAFSOV_clean_DDEC_CO2_298.0K_5.0bar_12.5 Done. TimeForThis=4846.4s, Completed=243/369, ETA=2025-09-09 17:26:18
[228/369] KULRIT_clean_DDEC_CO2_298.0K_5.0bar_12.5 Done. TimeForThis=11249.3s, Completed=244/369, ETA=2025-09-09 17:26:15
[258/369] VAZMAM_clean_DDEC_CO2_298.0K_5.0bar_12.5 Done. TimeForThis=4807.6s, Completed=245/369, ETA=2025-09-09 17:20:19
[235/369] XAPCOJ06_clean_DDEC_CO2_298.0K_5.0bar_12.5 Done. TimeForThis=9919.6s, Completed=246/369, ETA=2025-09-09 17:21:42
[262/369] EJEFOP_clean_DDEC_CO2_298.0K_5.0bar_12.5 Done. TimeForThis=4132.9s, Completed=247/369, ETA=2025-09-09 17:18:38
[252/369] JOFKIA_clean_DDEC_CO2_298.0K_5.0bar_12.5 Done. TimeForThis=7057.2s, Completed=248/369, ETA=2025-09-09 17:19:00
[263/369] PIZRUN_clean_DDEC_CO2_298.0K_5.0bar_12.5 Done. TimeForThis=4344.9s, Completed=249/369, ETA=2025-09-09 17:13:25
[254/369] KALFOU_clean_DDEC_CO2_298.0K_5.0bar_12.5 Done. TimeForThis=6566.1s, Completed=250/369, ETA=2025-09-09 17:15:50
[242/369] HUCXOU_clean_DDEC_CO2_298.0K_5.0bar_12.5 Done. TimeForThis=10396.7s, Completed=251/369, ETA=2025-09-09 17:25:24
[255/369] VARREL_clean_DDEC_CO2_298.0K_5.0bar_12.5 Done. TimeForThis=7285.1s, Completed=252/369, ETA=2025-09-09 17:21:46
[259/369] ABIXOZ_clean_DDEC_CO2_298.0K_5.0bar_12.5 Done. TimeForThis=6678.5s, Completed=253/369, ETA=2025-09-09 17:19:17
[247/369] VONCOS_clean_DDEC_CO2_298.0K_5.0bar_12.5 Done. TimeForThis=9294.8s, Completed=254/369, ETA=2025-09-09 17:17:44
[269/369] IBASAH_clean_DDEC_CO2_298.0K_5.0bar_12.5 Done. TimeForThis=4088.1s, Completed=255/369, ETA=2025-09-09 17:23:09
[217/369] SAHXAD_clean_DDEC_CO2_298.0K_5.0bar_12.5 Done. TimeForThis=16617.0s, Completed=256/369, ETA=2025-09-09 17:17:19
[271/369] OPENON_clean_DDEC_CO2_298.0K_5.0bar_12.5 Done. TimeForThis=3590.4s, Completed=257/369, ETA=2025-09-09 17:26:59
[244/369] VAMQIM_clean_DDEC_CO2_298.0K_5.0bar_12.5 Done. TimeForThis=11351.6s, Completed=258/369, ETA=2025-09-09 17:25:13
[216/369] COYVAO01_clean_DDEC_CO2_298.0K_5.0bar_12.5 Done. TimeForThis=18240.9s, Completed=259/369, ETA=2025-09-09 17:24:42
[240/369] GOGWEF_clean_DDEC_CO2_298.0K_5.0bar_12.5 Done. TimeForThis=12881.7s, Completed=260/369, ETA=2025-09-09 17:22:46
[279/369] VUSKEA_clean_DDEC_CO2_298.0K_5.0bar_12.5 Done. TimeForThis=2305.2s, Completed=261/369, ETA=2025-09-09 17:19:48
[246/369] CANRUG_clean_DDEC_CO2_298.0K_5.0bar_12.5 Done. TimeForThis=11354.5s, Completed=262/369, ETA=2025-09-09 17:14:52
[226/369] LUWMOH_clean_DDEC_CO2_298.0K_5.0bar_12.5 Done. TimeForThis=16123.2s, Completed=263/369, ETA=2025-09-09 17:18:41
[234/369] YAJZIV_clean_DDEC_CO2_298.0K_5.0bar_12.5 Done. TimeForThis=14760.3s, Completed=264/369, ETA=2025-09-09 17:14:40
[280/369] UHAXUW_clean_DDEC_CO2_298.0K_5.0bar_12.5 Done. TimeForThis=3193.8s, Completed=265/369, ETA=2025-09-09 17:19:21
[270/369] QONQEQ__clean_DDEC_CO2_298.0K_5.0bar_12.5 Done. TimeForThis=5710.0s, Completed=266/369, ETA=2025-09-09 17:16:16
[281/369] NIJSAC_clean_DDEC_CO2_298.0K_5.0bar_12.5 Done. TimeForThis=3321.7s, Completed=267/369, ETA=2025-09-09 17:14:07
[274/369] VOBQEK_clean_DDEC_CO2_298.0K_5.0bar_12.5 Done. TimeForThis=5229.5s, Completed=268/369, ETA=2025-09-09 17:13:38
[296/369] __pycache__ FAILED: Command '/home/yongsang/PSID_SIMULATION_TOOLS/RASPA/bin/simulate simulation.input' died with <Signals.SIGSEGV: 11>.
[275/369] TACJIS_clean_DDEC_CO2_298.0K_5.0bar_12.5 Done. TimeForThis=5455.7s, Completed=269/369, ETA=2025-09-09 17:16:02
[272/369] MEJQOJ_clean_DDEC_CO2_298.0K_5.0bar_12.5 Done. TimeForThis=6010.0s, Completed=270/369, ETA=2025-09-09 17:12:29
[265/369] CENKAJ_clean_DDEC_CO2_298.0K_5.0bar_12.5 Done. TimeForThis=9273.3s, Completed=271/369, ETA=2025-09-09 17:12:43
[284/369] VAZLIT_clean_DDEC_CO2_298.0K_5.0bar_12.5 Done. TimeForThis=3689.2s, Completed=272/369, ETA=2025-09-09 17:09:13
[277/369] QUMFUB_clean_DDEC_CO2_298.0K_5.0bar_12.5 Done. TimeForThis=6185.0s, Completed=273/369, ETA=2025-09-09 17:16:19
[278/369] MAPHAP_clean_DDEC_CO2_298.0K_5.0bar_12.5 Done. TimeForThis=5913.9s, Completed=274/369, ETA=2025-09-09 17:12:26
[290/369] EKARUE_clean_DDEC_CO2_298.0K_5.0bar_12.5 Done. TimeForThis=2978.1s, Completed=275/369, ETA=2025-09-09 17:08:03
[250/369] YABPAU_clean_DDEC_CO2_298.0K_5.0bar_12.5 Done. TimeForThis=13828.1s, Completed=276/369, ETA=2025-09-09 17:05:19
[267/369] QERWAL_clean_DDEC_CO2_298.0K_5.0bar_12.5 Done. TimeForThis=9283.5s, Completed=277/369, ETA=2025-09-09 17:05:25
[283/369] IJASES_clean_DDEC_CO2_298.0K_5.0bar_12.5 Done. TimeForThis=4976.3s, Completed=278/369, ETA=2025-09-09 17:04:03
[266/369] IYOQAQ_clean_DDEC_CO2_298.0K_5.0bar_12.5 Done. TimeForThis=10301.5s, Completed=279/369, ETA=2025-09-09 16:59:15
[261/369] ABEXOW_clean_DDEC_CO2_298.0K_5.0bar_12.5 Done. TimeForThis=11513.2s, Completed=280/369, ETA=2025-09-09 16:53:48
[264/369] NEYZAU_clean_DDEC_CO2_298.0K_5.0bar_12.5 Done. TimeForThis=11282.7s, Completed=281/369, ETA=2025-09-09 16:51:44
[273/369] LAGVOG_clean_DDEC_CO2_298.0K_5.0bar_12.5 Done. TimeForThis=7918.2s, Completed=282/369, ETA=2025-09-09 16:48:29
[298/369] DIYKED_clean_DDEC_CO2_298.0K_5.0bar_12.5 Done. TimeForThis=2393.3s, Completed=283/369, ETA=2025-09-09 16:51:09
[300/369] COWBEX_clean_DDEC_CO2_298.0K_5.0bar_12.5 Done. TimeForThis=2399.1s, Completed=284/369, ETA=2025-09-09 16:53:40
[268/369] WODPUC_clean_DDEC_CO2_298.0K_5.0bar_12.5 Done. TimeForThis=11997.6s, Completed=285/369, ETA=2025-09-09 17:20:58
[312/369] UHADAI_clean_DDEC_CO2_298.0K_5.0bar_12.5 Done. TimeForThis=1919.8s, Completed=286/369, ETA=2025-09-09 17:16:23
[307/369] MOCJEU_clean_DDEC_CO2_298.0K_5.0bar_12.5 Done. TimeForThis=3417.0s, Completed=287/369, ETA=2025-09-09 17:28:54
[308/369] PERSEM_clean_DDEC_CO2_298.0K_5.0bar_12.5 Done. TimeForThis=3691.6s, Completed=288/369, ETA=2025-09-09 17:30:02
[311/369] MIDRAT_clean_DDEC_CO2_298.0K_5.0bar_12.5 Done. TimeForThis=3811.3s, Completed=289/369, ETA=2025-09-09 17:32:37
[292/369] QOZDOY_clean_DDEC_CO2_298.0K_5.0bar_12.5 Done. TimeForThis=7247.0s, Completed=290/369, ETA=2025-09-09 17:29:06
[285/369] GASSEB_clean_DDEC_CO2_298.0K_5.0bar_12.5 Done. TimeForThis=8603.9s, Completed=291/369, ETA=2025-09-09 17:25:55
[306/369] MAYYAN_clean_DDEC_CO2_298.0K_5.0bar_12.5 Done. TimeForThis=4574.2s, Completed=292/369, ETA=2025-09-09 17:22:27
[299/369] KETHEY01_clean_DDEC_CO2_298.0K_5.0bar_12.5 Done. TimeForThis=6167.9s, Completed=293/369, ETA=2025-09-09 17:20:12
[305/369] WEMCOI_clean_DDEC_CO2_298.0K_5.0bar_12.5 Done. TimeForThis=5596.6s, Completed=294/369, ETA=2025-09-09 17:27:52
[297/369] PORVUO_clean_DDEC_CO2_298.0K_5.0bar_12.5 Done. TimeForThis=7246.9s, Completed=295/369, ETA=2025-09-09 17:22:40
[301/369] EHAGEB_clean_DDEC_CO2_298.0K_5.0bar_12.5 Done. TimeForThis=7061.2s, Completed=296/369, ETA=2025-09-09 17:30:27
[295/369] KUHNIM_clean_DDEC_CO2_298.0K_5.0bar_12.5 Done. TimeForThis=8292.0s, Completed=297/369, ETA=2025-09-09 17:29:00
[315/369] BACMOH10_clean_DDEC_CO2_298.0K_5.0bar_12.5 Done. TimeForThis=3642.1s, Completed=298/369, ETA=2025-09-09 17:28:56
[288/369] EQERAU_clean_DDEC_CO2_298.0K_5.0bar_12.5 Done. TimeForThis=10005.7s, Completed=299/369, ETA=2025-09-09 17:24:56
[294/369] NABMUA01_clean_DDEC_CO2_298.0K_5.0bar_12.5 Done. TimeForThis=8905.3s, Completed=300/369, ETA=2025-09-09 17:22:37
[286/369] EVUDAA_clean_DDEC_CO2_298.0K_5.0bar_12.5 Done. TimeForThis=10714.9s, Completed=301/369, ETA=2025-09-09 17:20:46
[322/369] YAFGAP_clean_DDEC_CO2_298.0K_5.0bar_12.5 Done. TimeForThis=2171.9s, Completed=302/369, ETA=2025-09-09 17:17:59
[317/369] MOCHIW_clean_DDEC_CO2_298.0K_5.0bar_12.5 Done. TimeForThis=3669.5s, Completed=303/369, ETA=2025-09-09 17:26:52
[287/369] EHODOV_SL_DDEC_CO2_298.0K_5.0bar_12.5 Done. TimeForThis=11662.7s, Completed=304/369, ETA=2025-09-09 17:29:15
[289/369] AZIXUD_clean_DDEC_CO2_298.0K_5.0bar_12.5 Done. TimeForThis=11363.4s, Completed=305/369, ETA=2025-09-09 17:24:09
[310/369] NITADY_clean_DDEC_CO2_298.0K_5.0bar_12.5 Done. TimeForThis=7952.2s, Completed=306/369, ETA=2025-09-09 17:26:33
[309/369] COWMOR_clean_DDEC_CO2_298.0K_5.0bar_12.5 Done. TimeForThis=8597.5s, Completed=307/369, ETA=2025-09-09 17:31:17
[323/369] COJHIT_clean_DDEC_CO2_298.0K_5.0bar_12.5 Done. TimeForThis=3512.0s, Completed=308/369, ETA=2025-09-09 17:26:48
[302/369] XAMDUM02_clean_DDEC_CO2_298.0K_5.0bar_12.5 Done. TimeForThis=9646.0s, Completed=309/369, ETA=2025-09-09 17:27:10
[313/369] QULMIU_clean_DDEC_CO2_298.0K_5.0bar_12.5 Done. TimeForThis=8336.1s, Completed=310/369, ETA=2025-09-09 17:30:33
[326/369] CICYIX_clean_DDEC_CO2_298.0K_5.0bar_12.5 Done. TimeForThis=3504.1s, Completed=311/369, ETA=2025-09-09 17:27:44
[327/369] NIHBIQ_clean_DDEC_CO2_298.0K_5.0bar_12.5 Done. TimeForThis=3486.6s, Completed=312/369, ETA=2025-09-09 17:27:20
[328/369] JIXWUJ02_clean_DDEC_CO2_298.0K_5.0bar_12.5 Done. TimeForThis=3431.5s, Completed=313/369, ETA=2025-09-09 17:22:26
[337/369] COVYIX_clean_DDEC_CO2_298.0K_5.0bar_12.5 Done. TimeForThis=1173.7s, Completed=314/369, ETA=2025-09-09 17:19:53
[276/369] RANPAA_clean_DDEC_CO2_298.0K_5.0bar_12.5 Done. TimeForThis=17120.1s, Completed=315/369, ETA=2025-09-09 17:22:00
[324/369] XISPEW01_clean_DDEC_CO2_298.0K_5.0bar_12.5 Done. TimeForThis=5124.5s, Completed=316/369, ETA=2025-09-09 17:18:39
[282/369] APAZOI_clean_DDEC_CO2_298.0K_5.0bar_12.5 Done. TimeForThis=16393.9s, Completed=317/369, ETA=2025-09-09 17:26:31
[343/369] POVXII_clean_DDEC_CO2_298.0K_5.0bar_12.5 Done. TimeForThis=1212.4s, Completed=318/369, ETA=2025-09-09 17:23:43
[344/369] BALMUW01_clean_DDEC_CO2_298.0K_5.0bar_12.5 Done. TimeForThis=1626.6s, Completed=319/369, ETA=2025-09-09 17:33:47
[293/369] XEGKUR_clean_DDEC_CO2_298.0K_5.0bar_12.5 Done. TimeForThis=15025.7s, Completed=320/369, ETA=2025-09-09 17:40:23
[330/369] WOWMEC_clean_DDEC_CO2_298.0K_5.0bar_12.5 Done. TimeForThis=6502.3s, Completed=321/369, ETA=2025-09-09 17:48:12
[316/369] UFENAW_clean_DDEC_CO2_298.0K_5.0bar_12.5 Done. TimeForThis=9728.1s, Completed=322/369, ETA=2025-09-09 17:44:20
[335/369] HOTWUJ_clean_DDEC_CO2_298.0K_5.0bar_12.5 Done. TimeForThis=5018.5s, Completed=323/369, ETA=2025-09-09 17:39:44
[332/369] QUXQUX_clean_DDEC_CO2_298.0K_5.0bar_12.5 Done. TimeForThis=5840.8s, Completed=324/369, ETA=2025-09-09 17:36:17
[329/369] LUMDEC_clean_DDEC_CO2_298.0K_5.0bar_12.5 Done. TimeForThis=7026.2s, Completed=325/369, ETA=2025-09-09 17:35:30
[339/369] YELYOE_clean_DDEC_CO2_298.0K_5.0bar_12.5 Done. TimeForThis=4099.1s, Completed=326/369, ETA=2025-09-09 17:30:52
[291/369] BUVYIB01_clean_DDEC_CO2_298.0K_5.0bar_12.5 Done. TimeForThis=16753.7s, Completed=327/369, ETA=2025-09-09 17:29:01
[340/369] BOFCEG_clean_DDEC_CO2_298.0K_5.0bar_12.5 Done. TimeForThis=4224.0s, Completed=328/369, ETA=2025-09-09 17:25:46
[321/369] HEBTEP_clean_DDEC_CO2_298.0K_5.0bar_12.5 Done. TimeForThis=9562.3s, Completed=329/369, ETA=2025-09-09 17:25:39
[319/369] OTAVUB_clean_DDEC_CO2_298.0K_5.0bar_12.5 Done. TimeForThis=9786.5s, Completed=330/369, ETA=2025-09-09 17:21:29
[341/369] GEDSUF_clean_DDEC_CO2_298.0K_5.0bar_12.5 Done. TimeForThis=5065.3s, Completed=331/369, ETA=2025-09-09 17:31:34
[334/369] BIYSUZ_clean_DDEC_CO2_298.0K_5.0bar_12.5 Done. TimeForThis=7361.9s, Completed=332/369, ETA=2025-09-09 17:33:26
[320/369] XUCSAR01_clean_DDEC_CO2_298.0K_5.0bar_12.5 Done. TimeForThis=11091.8s, Completed=333/369, ETA=2025-09-09 17:33:28
[325/369] XAPCOJ_clean_DDEC_CO2_298.0K_5.0bar_12.5 Done. TimeForThis=9892.4s, Completed=334/369, ETA=2025-09-09 17:34:06
[345/369] QADWEA_clean_DDEC_CO2_298.0K_5.0bar_12.5 Done. TimeForThis=5488.9s, Completed=335/369, ETA=2025-09-09 17:31:06
[346/369] PEPLOM_clean_DDEC_CO2_298.0K_5.0bar_12.5 Done. TimeForThis=5032.7s, Completed=336/369, ETA=2025-09-09 17:30:08
[331/369] MUNPAN_clean_DDEC_CO2_298.0K_5.0bar_12.5 Done. TimeForThis=9273.9s, Completed=337/369, ETA=2025-09-09 17:25:35
[349/369] XEHSAF_clean_DDEC_CO2_298.0K_5.0bar_12.5 Done. TimeForThis=3614.9s, Completed=338/369, ETA=2025-09-09 17:22:05
[354/369] NUXMAU_clean_DDEC_CO2_298.0K_5.0bar_12.5 Done. TimeForThis=2680.0s, Completed=339/369, ETA=2025-09-09 17:19:07
[355/369] FAMHAE_clean_DDEC_CO2_298.0K_5.0bar_12.5 Done. TimeForThis=2725.3s, Completed=340/369, ETA=2025-09-09 17:15:33
[338/369] OSAXAI_clean_DDEC_CO2_298.0K_5.0bar_12.5 Done. TimeForThis=7370.2s, Completed=341/369, ETA=2025-09-09 17:13:10
[314/369] UWOWAF_clean_DDEC_CO2_298.0K_5.0bar_12.5 Done. TimeForThis=13780.5s, Completed=342/369, ETA=2025-09-09 17:08:53
[351/369] IZEBEV_clean_DDEC_CO2_298.0K_5.0bar_12.5 Done. TimeForThis=3365.8s, Completed=343/369, ETA=2025-09-09 17:07:47
[304/369] AWEJIW_clean_DDEC_CO2_298.0K_5.0bar_12.5 Done. TimeForThis=17406.5s, Completed=344/369, ETA=2025-09-09 17:09:03
[350/369] WECSAZ_clean_DDEC_CO2_298.0K_5.0bar_12.5 Done. TimeForThis=4196.1s, Completed=345/369, ETA=2025-09-09 17:12:38
[357/369] HENYUV_clean_DDEC_CO2_298.0K_5.0bar_12.5 Done. TimeForThis=4019.4s, Completed=346/369, ETA=2025-09-09 17:15:50
[352/369] MIMVEJ_clean_DDEC_CO2_298.0K_5.0bar_12.5 Done. TimeForThis=4649.2s, Completed=347/369, ETA=2025-09-09 17:12:59
[353/369] ADODII_clean_DDEC_CO2_298.0K_5.0bar_12.5 Done. TimeForThis=4774.4s, Completed=348/369, ETA=2025-09-09 17:12:04
[368/369] UTOTUT01_clean_DDEC_CO2_298.0K_5.0bar_12.5 Done. TimeForThis=1993.2s, Completed=349/369, ETA=2025-09-09 17:09:37
[361/369] QALNIA_clean_DDEC_CO2_298.0K_5.0bar_12.5 Done. TimeForThis=3604.6s, Completed=350/369, ETA=2025-09-09 17:15:56
[356/369] QALGUH_SL_DDEC_CO2_298.0K_5.0bar_12.5 Done. TimeForThis=5514.9s, Completed=351/369, ETA=2025-09-09 17:18:28
[348/369] SUNJOB_clean_DDEC_CO2_298.0K_5.0bar_12.5 Done. TimeForThis=7504.1s, Completed=352/369, ETA=2025-09-09 17:17:30
[333/369] HOQMIL02_clean_DDEC_CO2_298.0K_5.0bar_12.5 Done. TimeForThis=11677.4s, Completed=353/369, ETA=2025-09-09 17:15:05
[360/369] NOHLAZ_clean_DDEC_CO2_298.0K_5.0bar_12.5 Done. TimeForThis=4835.3s, Completed=354/369, ETA=2025-09-09 17:13:34
[358/369] PAPVEJ_clean_DDEC_CO2_298.0K_5.0bar_12.5 Done. TimeForThis=5982.1s, Completed=355/369, ETA=2025-09-09 17:14:44
[363/369] BIRSIG_clean_DDEC_CO2_298.0K_5.0bar_12.5 Done. TimeForThis=4871.9s, Completed=356/369, ETA=2025-09-09 17:21:06
[364/369] FOLLEZ_clean_DDEC_CO2_298.0K_5.0bar_12.5 Done. TimeForThis=4837.8s, Completed=357/369, ETA=2025-09-09 17:17:43
[342/369] MAWTUC_clean_DDEC_CO2_298.0K_5.0bar_12.5 Done. TimeForThis=11989.9s, Completed=358/369, ETA=2025-09-09 17:32:13
[318/369] COYVAO_clean_DDEC_CO2_298.0K_5.0bar_12.5 Done. TimeForThis=18183.4s, Completed=359/369, ETA=2025-09-09 17:37:47
[362/369] CERMIV_clean_DDEC_CO2_298.0K_5.0bar_12.5 Done. TimeForThis=7224.5s, Completed=360/369, ETA=2025-09-09 17:39:00
[359/369] RIVDEF_clean_DDEC_CO2_298.0K_5.0bar_12.5 Done. TimeForThis=9244.3s, Completed=361/369, ETA=2025-09-09 17:45:01
[367/369] JUGQIN_clean_DDEC_CO2_298.0K_5.0bar_12.5 Done. TimeForThis=8181.1s, Completed=362/369, ETA=2025-09-09 17:57:37
[347/369] NISBEX_clean_DDEC_CO2_298.0K_5.0bar_12.5 Done. TimeForThis=13369.4s, Completed=363/369, ETA=2025-09-09 17:56:35
[369/369] DODMIT_clean_DDEC_CO2_298.0K_5.0bar_12.5 Done. TimeForThis=9308.4s, Completed=364/369, ETA=2025-09-09 18:10:22
[365/369] HUCXAG_clean_DDEC_CO2_298.0K_5.0bar_12.5 Done. TimeForThis=10645.7s, Completed=365/369, ETA=2025-09-09 18:24:53
[366/369] MULXOH_clean_DDEC_CO2_298.0K_5.0bar_12.5 Done. TimeForThis=14192.6s, Completed=366/369, ETA=2025-09-09 19:20:08
[336/369] VIYSUT_clean_DDEC_CO2_298.0K_5.0bar_12.5 Done. TimeForThis=22064.0s, Completed=367/369, ETA=2025-09-09 19:24:23
[303/369] WASTUG_clean_DDEC_CO2_298.0K_5.0bar_12.5 Done. TimeForThis=37565.8s, Completed=368/369, ETA=2025-09-09 21:04:05
---- ALL DONE at 2025-09-09 20:59:15 ----
