2025-09-02 09:06:38,953 [INFO] Starting Active Learning run
2025-09-02 09:07:11,330 [INFO] Starting Active Learning run
2025-09-02 09:07:55,178 [INFO] Starting Active Learning run
2025-09-02 09:07:55,219 [INFO] Iteration 0 - labeled 80 / target 2530
2025-09-02 09:07:58,679 [INFO] Eval Remaining - R2=-4.8100, MAE=1.1390, MSE=13.0169
2025-09-02 09:07:58,699 [INFO] [Query] MC Dropout Uncertainty...
2025-09-02 09:07:59,600 [INFO] Iteration 1 - labeled 95 / target 2530
2025-09-02 09:08:03,909 [INFO] Eval Remaining - R2=-1.3570, MAE=0.8836, MSE=5.2299
2025-09-02 09:08:03,934 [INFO] [Query] MC Dropout Uncertainty...
2025-09-02 09:08:04,658 [INFO] Iteration 2 - labeled 110 / target 2530
2025-09-02 09:08:09,594 [INFO] Eval Remaining - R2=0.0174, MAE=0.7225, MSE=2.1820
2025-09-02 09:08:09,618 [INFO] [Query] MC Dropout Uncertainty...
2025-09-02 09:08:10,573 [INFO] Iteration 3 - labeled 125 / target 2530
2025-09-02 09:08:15,169 [INFO] Eval Remaining - R2=0.3944, MAE=0.6101, MSE=1.3444
2025-09-02 09:08:15,195 [INFO] [Query] MC Dropout Uncertainty...
2025-09-02 09:08:15,928 [INFO] Iteration 4 - labeled 140 / target 2530
2025-09-02 09:08:21,591 [INFO] Eval Remaining - R2=0.1318, MAE=0.5724, MSE=1.9273
2025-09-02 09:08:21,610 [INFO] [Query] MC Dropout Uncertainty...
2025-09-02 09:08:22,315 [INFO] Iteration 5 - labeled 155 / target 2530
2025-09-02 09:08:28,964 [INFO] Eval Remaining - R2=-0.7439, MAE=0.5333, MSE=3.8731
2025-09-02 09:08:28,983 [INFO] [Query] MC Dropout Uncertainty...
2025-09-02 09:08:29,761 [INFO] Iteration 6 - labeled 170 / target 2530
2025-09-02 09:08:36,298 [INFO] Eval Remaining - R2=0.5124, MAE=0.4354, MSE=1.0825
2025-09-02 09:08:36,320 [INFO] [Query] MC Dropout Uncertainty...
2025-09-02 09:08:37,260 [INFO] Iteration 7 - labeled 185 / target 2530
2025-09-02 09:08:43,777 [INFO] Eval Remaining - R2=0.3151, MAE=0.4031, MSE=1.5211
2025-09-02 09:08:43,795 [INFO] [Query] MC Dropout Uncertainty...
2025-09-02 09:08:44,522 [INFO] Iteration 8 - labeled 200 / target 2530
2025-09-02 09:08:47,364 [INFO] Eval Remaining - R2=-0.3925, MAE=0.4089, MSE=3.0897
2025-09-02 09:08:47,386 [INFO] [Query] MC Dropout Uncertainty...
2025-09-02 09:08:48,283 [INFO] Iteration 9 - labeled 215 / target 2530
2025-09-02 09:08:57,580 [INFO] Eval Remaining - R2=-5.5930, MAE=0.4453, MSE=14.6152
2025-09-02 09:08:57,604 [INFO] [Query] MC Dropout Uncertainty...
2025-09-02 09:08:58,376 [INFO] Iteration 10 - labeled 230 / target 2530
2025-09-02 09:09:06,284 [INFO] Eval Remaining - R2=-11.6290, MAE=0.4838, MSE=27.9837
2025-09-02 09:09:06,315 [INFO] [Query] MC Dropout Uncertainty...
2025-09-02 09:09:07,308 [INFO] Iteration 11 - labeled 245 / target 2530
2025-09-02 09:09:08,383 [INFO] Eval Remaining - R2=-12.8939, MAE=0.4862, MSE=30.7863
2025-09-02 09:09:08,416 [INFO] [Query] MC Dropout Uncertainty...
2025-09-02 09:09:09,606 [INFO] Iteration 12 - labeled 260 / target 2530
2025-09-02 09:09:10,604 [INFO] Eval Remaining - R2=-13.2065, MAE=0.4873, MSE=31.4520
2025-09-02 09:09:10,625 [INFO] [Query] MC Dropout Uncertainty...
2025-09-02 09:09:11,740 [INFO] Iteration 13 - labeled 275 / target 2530
2025-09-02 09:13:25,222 [INFO] Starting Active Learning run
2025-09-02 09:13:25,275 [INFO] Iteration 0 - labeled 80 / target 2530
2025-09-02 09:13:28,641 [INFO] Eval Remaining - R2=-4.2402, MAE=3.0961, MSE=11.7402
2025-09-02 09:13:28,666 [INFO] [Query] MC Dropout Uncertainty...
2025-09-02 09:13:29,342 [INFO] Iteration 1 - labeled 95 / target 2530
2025-09-02 09:13:29,607 [INFO] Eval Remaining - R2=-4.3206, MAE=3.1027, MSE=11.8052
2025-09-02 09:13:29,630 [INFO] [Query] MC Dropout Uncertainty...
2025-09-02 09:13:30,605 [INFO] Iteration 2 - labeled 110 / target 2530
2025-09-02 09:13:35,618 [INFO] Eval Remaining - R2=-4.1813, MAE=3.0672, MSE=11.4927
2025-09-02 09:13:35,647 [INFO] [Query] MC Dropout Uncertainty...
2025-09-02 09:13:36,475 [INFO] Iteration 3 - labeled 125 / target 2530
2025-09-02 09:13:40,882 [INFO] Eval Remaining - R2=-4.1039, MAE=3.0433, MSE=11.3200
2025-09-02 09:13:40,907 [INFO] [Query] MC Dropout Uncertainty...
2025-09-02 09:13:41,903 [INFO] Iteration 4 - labeled 140 / target 2530
2025-09-02 09:13:42,831 [INFO] Eval Remaining - R2=-4.0838, MAE=3.0389, MSE=11.2783
2025-09-02 09:13:42,872 [INFO] [Query] MC Dropout Uncertainty...
2025-09-02 09:13:44,057 [INFO] Iteration 5 - labeled 155 / target 2530
2025-09-02 09:13:45,229 [INFO] Eval Remaining - R2=-4.0582, MAE=3.0327, MSE=11.2238
2025-09-02 09:13:45,258 [INFO] [Query] MC Dropout Uncertainty...
2025-09-02 09:13:46,288 [INFO] Iteration 6 - labeled 170 / target 2530
2025-09-02 09:13:47,834 [INFO] Eval Remaining - R2=-4.0340, MAE=3.0243, MSE=11.1645
2025-09-02 09:13:47,861 [INFO] [Query] MC Dropout Uncertainty...
2025-09-02 09:13:48,994 [INFO] Iteration 7 - labeled 185 / target 2530
2025-09-02 09:13:50,311 [INFO] Eval Remaining - R2=-4.0116, MAE=3.0177, MSE=11.1169
2025-09-02 09:13:50,342 [INFO] [Query] MC Dropout Uncertainty...
2025-09-02 09:13:51,506 [INFO] Iteration 8 - labeled 200 / target 2530
2025-09-02 09:13:52,579 [INFO] Eval Remaining - R2=-4.0087, MAE=3.0144, MSE=11.0957
2025-09-02 09:13:52,616 [INFO] [Query] MC Dropout Uncertainty...
2025-09-02 09:13:53,919 [INFO] Iteration 9 - labeled 215 / target 2530
2025-09-02 09:13:55,372 [INFO] Eval Remaining - R2=-4.0051, MAE=3.0126, MSE=11.0877
2025-09-02 09:13:55,400 [INFO] [Query] MC Dropout Uncertainty...
2025-09-02 09:13:56,580 [INFO] Iteration 10 - labeled 230 / target 2530
2025-09-02 09:31:55,108 [INFO] Starting Active Learning run
2025-09-02 09:31:55,147 [INFO] Iteration 0 - labeled 80 / target 2530
2025-09-02 09:31:58,492 [INFO] Eval Remaining - R2=-69.5199, MAE=1.0773, MSE=157.9937
2025-09-02 09:31:58,509 [INFO] [Query] MC Dropout Uncertainty...
2025-09-02 09:31:59,264 [INFO] Iteration 1 - labeled 95 / target 2530
2025-09-02 09:32:01,611 [INFO] Eval Remaining - R2=0.4212, MAE=0.7406, MSE=1.2958
2025-09-02 09:32:01,639 [INFO] [Query] MC Dropout Uncertainty...
2025-09-02 09:32:02,577 [INFO] Iteration 2 - labeled 110 / target 2530
2025-09-02 09:32:04,307 [INFO] Eval Remaining - R2=0.4472, MAE=0.7014, MSE=1.2257
2025-09-02 09:32:04,331 [INFO] [Query] MC Dropout Uncertainty...
2025-09-02 09:32:05,255 [INFO] Iteration 3 - labeled 125 / target 2530
2025-09-02 09:32:06,970 [INFO] Eval Remaining - R2=0.4853, MAE=0.6687, MSE=1.1397
2025-09-02 09:32:06,995 [INFO] [Query] MC Dropout Uncertainty...
2025-09-02 09:32:07,820 [INFO] Iteration 4 - labeled 140 / target 2530
2025-09-02 09:32:09,958 [INFO] Eval Remaining - R2=0.5092, MAE=0.6495, MSE=1.0866
2025-09-02 09:32:09,988 [INFO] [Query] MC Dropout Uncertainty...
2025-09-02 09:32:11,001 [INFO] Iteration 5 - labeled 155 / target 2530
2025-09-02 09:33:03,524 [INFO] Starting Active Learning run
2025-09-02 09:33:03,568 [INFO] Iteration 0 - labeled 80 / target 2530
2025-09-02 09:33:06,331 [INFO] Eval Remaining - R2=0.9200, MAE=0.0528, MSE=0.0086
2025-09-02 09:33:06,362 [INFO] [Query] MC Dropout Uncertainty...
2025-09-02 09:33:07,284 [INFO] Iteration 1 - labeled 95 / target 2530
2025-09-02 09:33:09,690 [INFO] Eval Remaining - R2=0.9101, MAE=0.0493, MSE=0.0083
2025-09-02 09:33:09,714 [INFO] [Query] MC Dropout Uncertainty...
2025-09-02 09:33:10,612 [INFO] Iteration 2 - labeled 110 / target 2530
2025-09-02 09:33:11,530 [INFO] Eval Remaining - R2=0.9109, MAE=0.0520, MSE=0.0077
2025-09-02 09:33:11,563 [INFO] [Query] MC Dropout Uncertainty...
2025-09-02 09:33:12,645 [INFO] Iteration 3 - labeled 125 / target 2530
2025-09-02 09:33:13,624 [INFO] Eval Remaining - R2=0.9323, MAE=0.0419, MSE=0.0055
2025-09-02 09:33:13,651 [INFO] [Query] MC Dropout Uncertainty...
2025-09-02 09:33:14,690 [INFO] Iteration 4 - labeled 140 / target 2530
2025-09-02 09:33:15,279 [INFO] Eval Remaining - R2=0.9334, MAE=0.0411, MSE=0.0052
2025-09-02 09:33:15,308 [INFO] [Query] MC Dropout Uncertainty...
2025-09-02 09:33:16,300 [INFO] Iteration 5 - labeled 155 / target 2530
2025-09-02 09:33:17,631 [INFO] Eval Remaining - R2=0.9504, MAE=0.0354, MSE=0.0037
2025-09-02 09:33:17,662 [INFO] [Query] MC Dropout Uncertainty...
2025-09-02 09:33:18,719 [INFO] Iteration 6 - labeled 170 / target 2530
2025-09-02 09:33:19,913 [INFO] Eval Remaining - R2=0.9623, MAE=0.0313, MSE=0.0027
2025-09-02 09:33:19,935 [INFO] [Query] MC Dropout Uncertainty...
2025-09-02 09:33:20,917 [INFO] Iteration 7 - labeled 185 / target 2530
2025-09-02 09:33:22,186 [INFO] Eval Remaining - R2=0.9632, MAE=0.0298, MSE=0.0025
2025-09-02 09:33:22,209 [INFO] [Query] MC Dropout Uncertainty...
2025-09-02 09:33:23,098 [INFO] Iteration 8 - labeled 200 / target 2530
2025-09-02 09:33:24,893 [INFO] Eval Remaining - R2=0.9646, MAE=0.0276, MSE=0.0023
2025-09-02 09:33:24,919 [INFO] [Query] MC Dropout Uncertainty...
2025-09-02 09:33:25,879 [INFO] Iteration 9 - labeled 215 / target 2530
