---- START at 2025-09-08 15:20:53, Target=369/369 ----
[3/369] JUTCUW_SL_DDEC_CO2_298.0K_5.0bar_12.5 Done. TimeForThis=484.9s, Completed=1/369, ETA=2025-09-10 17:03:07
[10/369] WIHCUM_clean_DDEC_CO2_298.0K_5.0bar_12.5 Done. TimeForThis=977.2s, Completed=2/369, ETA=2025-09-10 17:25:49
[22/369] YAZYIJ_clean_DDEC_CO2_298.0K_5.0bar_12.5 Done. TimeForThis=1187.5s, Completed=3/369, ETA=2025-09-10 07:55:20
[1/369] RAVWES_clean_DDEC_CO2_298.0K_5.0bar_12.5 Done. TimeForThis=2015.1s, Completed=4/369, ETA=2025-09-10 18:59:07
[4/369] MUXJAQ02_clean_DDEC_CO2_298.0K_5.0bar_12.5 Done. TimeForThis=2598.5s, Completed=5/369, ETA=2025-09-10 20:37:01
[17/369] ARAHIM_clean_DDEC_CO2_298.0K_5.0bar_12.5 Done. TimeForThis=2998.1s, Completed=6/369, ETA=2025-09-10 18:33:56
[15/369] GOYYEA_clean_DDEC_CO2_298.0K_5.0bar_12.5 Done. TimeForThis=3396.2s, Completed=7/369, ETA=2025-09-10 17:04:43
[8/369] VAJTUX_clean_DDEC_CO2_298.0K_5.0bar_12.5 Done. TimeForThis=3658.1s, Completed=8/369, ETA=2025-09-10 14:13:01
[16/369] CUVGOQ_clean_DDEC_CO2_298.0K_5.0bar_12.5 Done. TimeForThis=3843.5s, Completed=9/369, ETA=2025-09-10 11:07:18
[30/369] HAZGOF03_clean_h_DDEC_CO2_298.0K_5.0bar_12.5 Done. TimeForThis=3294.9s, Completed=10/369, ETA=2025-09-10 11:08:12
[14/369] VAZLEP02_clean_DDEC_CO2_298.0K_5.0bar_12.5 Done. TimeForThis=4609.3s, Completed=11/369, ETA=2025-09-10 10:17:54
[20/369] RUWWOW01_clean_DDEC_CO2_298.0K_5.0bar_12.5 Done. TimeForThis=5103.6s, Completed=12/369, ETA=2025-09-10 10:56:28
[7/369] HAMJOW_clean_DDEC_CO2_298.0K_5.0bar_12.5 Done. TimeForThis=5297.7s, Completed=13/369, ETA=2025-09-10 09:07:06
[23/369] DUXKUD_clean_DDEC_CO2_298.0K_5.0bar_12.5 Done. TimeForThis=5539.6s, Completed=14/369, ETA=2025-09-10 07:54:22
[18/369] LAVTUZ_clean_DDEC_CO2_298.0K_5.0bar_12.5 Done. TimeForThis=5656.2s, Completed=15/369, ETA=2025-09-10 05:59:55
[33/369] TUPDOZ_clean_DDEC_CO2_298.0K_5.0bar_12.5 Done. TimeForThis=3661.1s, Completed=16/369, ETA=2025-09-10 07:26:54
[21/369] CAKXUJ_clean_DDEC_CO2_298.0K_5.0bar_12.5 Done. TimeForThis=6496.6s, Completed=17/369, ETA=2025-09-10 06:31:06
[2/369] DAWDAI_clean_DDEC_CO2_298.0K_5.0bar_12.5 Done. TimeForThis=6536.5s, Completed=18/369, ETA=2025-09-10 04:34:11
[31/369] VAYFUY_clean_DDEC_CO2_298.0K_5.0bar_12.5 Done. TimeForThis=5383.1s, Completed=19/369, ETA=2025-09-10 02:47:41
[34/369] UFEXEJ_clean_DDEC_CO2_298.0K_5.0bar_12.5 Done. TimeForThis=3623.3s, Completed=20/369, ETA=2025-09-10 01:16:58
[27/369] CAGXIU_clean_DDEC_CO2_298.0K_5.0bar_12.5 Done. TimeForThis=6822.1s, Completed=21/369, ETA=2025-09-10 00:38:46
[25/369] ESUVAR01_clean_DDEC_CO2_298.0K_5.0bar_12.5 Done. TimeForThis=7199.4s, Completed=22/369, ETA=2025-09-10 00:53:27
[24/369] CAYDIR_clean_DDEC_CO2_298.0K_5.0bar_12.5 Done. TimeForThis=7205.4s, Completed=23/369, ETA=2025-09-09 23:27:33
[44/369] TILVUF_clean_DDEC_CO2_298.0K_5.0bar_12.5 Done. TimeForThis=1049.3s, Completed=24/369, ETA=2025-09-09 22:33:45
[35/369] MOPKEJ_clean_manual_DDEC_CO2_298.0K_5.0bar_12.5 Done. TimeForThis=4034.7s, Completed=25/369, ETA=2025-09-09 21:48:54
[5/369] GIQXUA_clean_DDEC_CO2_298.0K_5.0bar_12.5 Done. TimeForThis=7591.7s, Completed=26/369, ETA=2025-09-09 21:16:37
[38/369] MATTUX_clean_DDEC_CO2_298.0K_5.0bar_12.5 Done. TimeForThis=3336.0s, Completed=27/369, ETA=2025-09-09 20:13:50
[51/369] UVINAP_clean_DDEC_CO2_298.0K_5.0bar_12.5 Done. TimeForThis=1302.9s, Completed=28/369, ETA=2025-09-09 22:29:40
[28/369] RUHFEH_clean_DDEC_CO2_298.0K_5.0bar_12.5 Done. TimeForThis=8842.2s, Completed=29/369, ETA=2025-09-09 22:36:02
[46/369] GADMAA01_clean_DDEC_CO2_298.0K_5.0bar_12.5 Done. TimeForThis=2703.8s, Completed=30/369, ETA=2025-09-09 22:55:09
[39/369] IHERIY_clean_DDEC_CO2_298.0K_5.0bar_12.5 Done. TimeForThis=5336.0s, Completed=31/369, ETA=2025-09-10 00:13:53
[13/369] ALULID_clean_DDEC_CO2_298.0K_5.0bar_12.5 Done. TimeForThis=10270.9s, Completed=32/369, ETA=2025-09-10 00:14:49
[52/369] KEXKEF_clean_DDEC_CO2_298.0K_5.0bar_12.5 Done. TimeForThis=3052.0s, Completed=33/369, ETA=2025-09-09 23:31:45
[55/369] TETWUM_clean_DDEC_CO2_298.0K_5.0bar_12.5 Done. TimeForThis=3023.9s, Completed=34/369, ETA=2025-09-09 23:24:01
[6/369] USORUR_clean_DDEC_CO2_298.0K_5.0bar_12.5 Done. TimeForThis=10698.4s, Completed=35/369, ETA=2025-09-09 22:40:45
[41/369] SABYAY_clean_DDEC_CO2_298.0K_5.0bar_12.5 Done. TimeForThis=5448.3s, Completed=36/369, ETA=2025-09-09 21:56:40
[40/369] SARHEA_clean_DDEC_CO2_298.0K_5.0bar_12.5 Done. TimeForThis=5714.6s, Completed=37/369, ETA=2025-09-09 21:19:03
[36/369] XULGUI_clean_DDEC_CO2_298.0K_5.0bar_12.5 Done. TimeForThis=7160.9s, Completed=38/369, ETA=2025-09-09 20:31:51
[43/369] OFUCAV_clean_DDEC_CO2_298.0K_5.0bar_12.5 Done. TimeForThis=5309.5s, Completed=39/369, ETA=2025-09-09 20:10:05
[9/369] LOFZUB_clean_DDEC_CO2_298.0K_5.0bar_12.5 Done. TimeForThis=11552.5s, Completed=40/369, ETA=2025-09-09 20:57:05
[47/369] IBAPEJ_clean_DDEC_CO2_298.0K_5.0bar_12.5 Done. TimeForThis=5122.4s, Completed=41/369, ETA=2025-09-09 20:34:50
[26/369] YUMYUC_clean_DDEC_CO2_298.0K_5.0bar_12.5 Done. TimeForThis=11747.8s, Completed=42/369, ETA=2025-09-09 20:01:06
[53/369] CODFEH_clean_DDEC_CO2_298.0K_5.0bar_12.5 Done. TimeForThis=4478.8s, Completed=43/369, ETA=2025-09-09 19:44:15
[42/369] ENISOK_clean_DDEC_CO2_298.0K_5.0bar_12.5 Done. TimeForThis=6429.7s, Completed=44/369, ETA=2025-09-09 19:13:51
[69/369] GUSNEN01_SL_DDEC_CO2_298.0K_5.0bar_12.5 Done. TimeForThis=318.3s, Completed=45/369, ETA=2025-09-09 18:42:25
[29/369] ONUKAL_clean_DDEC_CO2_298.0K_5.0bar_12.5 Done. TimeForThis=11797.2s, Completed=46/369, ETA=2025-09-09 18:42:56
[54/369] GEVXAI_clean_DDEC_CO2_298.0K_5.0bar_12.5 Done. TimeForThis=4726.7s, Completed=47/369, ETA=2025-09-09 18:12:45
[49/369] CDLGLU11_clean_DDEC_CO2_298.0K_5.0bar_12.5 Done. TimeForThis=5554.6s, Completed=48/369, ETA=2025-09-09 17:46:38
[45/369] EWIDUK_SL_DDEC_CO2_298.0K_5.0bar_12.5 Done. TimeForThis=5890.4s, Completed=49/369, ETA=2025-09-09 17:15:34
[50/369] UZIGOB_clean_DDEC_CO2_298.0K_5.0bar_12.5 Done. TimeForThis=5320.4s, Completed=50/369, ETA=2025-09-09 17:00:49
[64/369] ACAJIZ_clean_DDEC_CO2_298.0K_5.0bar_12.5 Done. TimeForThis=2333.5s, Completed=51/369, ETA=2025-09-09 17:38:07
[59/369] XEJJIG_clean_DDEC_CO2_298.0K_5.0bar_12.5 Done. TimeForThis=3166.0s, Completed=52/369, ETA=2025-09-09 17:11:32
[37/369] BUKYAJ_clean_DDEC_CO2_298.0K_5.0bar_12.5 Done. TimeForThis=9297.1s, Completed=53/369, ETA=2025-09-09 16:45:42
[74/369] BONWIL_clean_DDEC_CO2_298.0K_5.0bar_12.5 Done. TimeForThis=1170.0s, Completed=54/369, ETA=2025-09-09 16:52:55
[60/369] MIZKOW_clean_DDEC_CO2_298.0K_5.0bar_12.5 Done. TimeForThis=3221.0s, Completed=55/369, ETA=2025-09-09 16:29:31
[56/369] IKEBUV01_clean_DDEC_CO2_298.0K_5.0bar_12.5 Done. TimeForThis=5036.7s, Completed=56/369, ETA=2025-09-09 16:08:25
[11/369] KOBPUN_clean_DDEC_CO2_298.0K_5.0bar_12.5 Done. TimeForThis=13673.9s, Completed=57/369, ETA=2025-09-09 15:56:13
[62/369] YEYFEP_clean_DDEC_CO2_298.0K_5.0bar_12.5 Done. TimeForThis=3611.7s, Completed=58/369, ETA=2025-09-09 16:31:12
[71/369] NADZEZ_clean_DDEC_CO2_298.0K_5.0bar_12.5 Done. TimeForThis=2882.5s, Completed=59/369, ETA=2025-09-09 17:02:48
[12/369] ECEDEY_clean_DDEC_CO2_298.0K_5.0bar_12.5 Done. TimeForThis=15192.4s, Completed=60/369, ETA=2025-09-09 17:18:06
[65/369] WOHZAU01_clean_h_DDEC_CO2_298.0K_5.0bar_12.5 Done. TimeForThis=4647.0s, Completed=61/369, ETA=2025-09-09 17:20:05
[48/369] XESLAK_clean_DDEC_CO2_298.0K_5.0bar_12.5 Done. TimeForThis=9410.1s, Completed=62/369, ETA=2025-09-09 17:51:06
[67/369] RUWXEN_clean_DDEC_CO2_298.0K_5.0bar_12.5 Done. TimeForThis=5203.4s, Completed=63/369, ETA=2025-09-09 17:39:17
[70/369] SALRON_clean_DDEC_CO2_298.0K_5.0bar_12.5 Done. TimeForThis=4911.6s, Completed=64/369, ETA=2025-09-09 18:01:44
[58/369] EMOFIX_clean_DDEC_CO2_298.0K_5.0bar_12.5 Done. TimeForThis=7452.3s, Completed=65/369, ETA=2025-09-09 17:40:15
[90/369] SAXLEK_clean_DDEC_CO2_298.0K_5.0bar_12.5 Done. TimeForThis=768.1s, Completed=66/369, ETA=2025-09-09 17:26:18
[73/369] TEHRUU_clean_DDEC_CO2_298.0K_5.0bar_12.5 Done. TimeForThis=5070.1s, Completed=67/369, ETA=2025-09-09 17:28:48
[86/369] BAHGUN01_clean_DDEC_CO2_298.0K_5.0bar_12.5 Done. TimeForThis=3036.3s, Completed=68/369, ETA=2025-09-09 17:23:42
[76/369] NOKPEJ_clean_DDEC_CO2_298.0K_5.0bar_12.5 Done. TimeForThis=4974.3s, Completed=69/369, ETA=2025-09-09 17:07:23
[79/369] CECVOW_clean_DDEC_CO2_298.0K_5.0bar_12.5 Done. TimeForThis=4766.8s, Completed=70/369, ETA=2025-09-09 17:28:49
[81/369] GIKMOD_clean_DDEC_CO2_298.0K_5.0bar_12.5 Done. TimeForThis=4764.2s, Completed=71/369, ETA=2025-09-09 17:11:47
[19/369] NETFEY_clean_DDEC_CO2_298.0K_5.0bar_12.5 Done. TimeForThis=18013.9s, Completed=72/369, ETA=2025-09-09 16:59:34
[78/369] LERNAY01_clean_DDEC_CO2_298.0K_5.0bar_12.5 Done. TimeForThis=5935.1s, Completed=73/369, ETA=2025-09-09 17:15:38
[83/369] KEJBOQ_clean_h_DDEC_CO2_298.0K_5.0bar_12.5 Done. TimeForThis=5026.8s, Completed=74/369, ETA=2025-09-09 16:59:56
[32/369] UJIZET_clean_DDEC_CO2_298.0K_5.0bar_12.5 Done. TimeForThis=16742.6s, Completed=75/369, ETA=2025-09-09 16:59:00
[93/369] VELVEO_clean_DDEC_CO2_298.0K_5.0bar_12.5 Done. TimeForThis=2171.4s, Completed=76/369, ETA=2025-09-09 16:47:22
[80/369] SUKRIB_clean_DDEC_CO2_298.0K_5.0bar_12.5 Done. TimeForThis=5869.4s, Completed=77/369, ETA=2025-09-09 16:36:52
[77/369] LAVTAF_clean_DDEC_CO2_298.0K_5.0bar_12.5 Done. TimeForThis=6676.6s, Completed=78/369, ETA=2025-09-09 16:23:58
[82/369] AFOQUI_clean_DDEC_CO2_298.0K_5.0bar_12.5 Done. TimeForThis=5880.4s, Completed=79/369, ETA=2025-09-09 16:25:53
[103/369] LIWXIZ_clean_DDEC_CO2_298.0K_5.0bar_12.5 Done. TimeForThis=936.3s, Completed=80/369, ETA=2025-09-09 16:34:51
[97/369] DAWBIO_clean_DDEC_CO2_298.0K_5.0bar_12.5 Done. TimeForThis=2463.7s, Completed=81/369, ETA=2025-09-09 16:25:20
[88/369] MIRLUU_clean_DDEC_CO2_298.0K_5.0bar_12.5 Done. TimeForThis=4697.1s, Completed=82/369, ETA=2025-09-09 16:12:35
[57/369] ORIVOC_clean_DDEC_CO2_298.0K_5.0bar_12.5 Done. TimeForThis=11260.6s, Completed=83/369, ETA=2025-09-09 16:10:25
[63/369] WEMDUP_clean_DDEC_CO2_298.0K_5.0bar_12.5 Done. TimeForThis=9493.0s, Completed=84/369, ETA=2025-09-09 15:59:11
[85/369] HIHFOV_clean_DDEC_CO2_298.0K_5.0bar_12.5 Done. TimeForThis=6745.8s, Completed=85/369, ETA=2025-09-09 15:58:18
[66/369] MUZVUA_clean_DDEC_CO2_298.0K_5.0bar_12.5 Done. TimeForThis=9914.5s, Completed=86/369, ETA=2025-09-09 16:03:34
[99/369] REGJIW_clean_DDEC_CO2_298.0K_5.0bar_12.5 Done. TimeForThis=3465.6s, Completed=87/369, ETA=2025-09-09 16:31:33
[94/369] NIRMUW01_clean_DDEC_CO2_298.0K_5.0bar_12.5 Done. TimeForThis=5191.2s, Completed=88/369, ETA=2025-09-09 16:57:44
[84/369] IYAZAL_clean_DDEC_CO2_298.0K_5.0bar_12.5 Done. TimeForThis=8513.8s, Completed=89/369, ETA=2025-09-09 16:45:10
[96/369] NEZWOG_clean_DDEC_CO2_298.0K_5.0bar_12.5 Done. TimeForThis=4954.1s, Completed=90/369, ETA=2025-09-09 16:40:13
[72/369] LUCDAO_clean_DDEC_CO2_298.0K_5.0bar_12.5 Done. TimeForThis=10465.0s, Completed=91/369, ETA=2025-09-09 16:37:02
[111/369] AQUDAT_clean_DDEC_CO2_298.0K_5.0bar_12.5 Done. TimeForThis=2337.5s, Completed=92/369, ETA=2025-09-09 16:20:58
[101/369] CATART03_clean_DDEC_CO2_298.0K_5.0bar_12.5 Done. TimeForThis=4136.7s, Completed=93/369, ETA=2025-09-09 16:14:50
[87/369] FUTYUQ_clean_DDEC_CO2_298.0K_5.0bar_12.5 Done. TimeForThis=8160.6s, Completed=94/369, ETA=2025-09-09 16:22:35
[114/369] AQETIA_clean_DDEC_CO2_298.0K_5.0bar_12.5 Done. TimeForThis=2289.6s, Completed=95/369, ETA=2025-09-09 16:11:19
[68/369] AZILEA_clean_DDEC_CO2_298.0K_5.0bar_12.5 Done. TimeForThis=11697.6s, Completed=96/369, ETA=2025-09-09 16:10:20
[92/369] COYTOA_clean_DDEC_CO2_298.0K_5.0bar_12.5 Done. TimeForThis=6613.2s, Completed=97/369, ETA=2025-09-09 15:56:24
[100/369] IFENOY_clean_DDEC_CO2_298.0K_5.0bar_12.5 Done. TimeForThis=5792.8s, Completed=98/369, ETA=2025-09-09 16:14:52
[61/369] QOMFEE_clean_DDEC_CO2_298.0K_5.0bar_12.5 Done. TimeForThis=13470.8s, Completed=99/369, ETA=2025-09-09 16:01:19
[75/369] POKSAL_clean_DDEC_CO2_298.0K_5.0bar_12.5 Done. TimeForThis=12350.5s, Completed=100/369, ETA=2025-09-09 16:38:01
[89/369] OZUMAZ01_clean_DDEC_CO2_298.0K_5.0bar_12.5 Done. TimeForThis=9298.1s, Completed=101/369, ETA=2025-09-09 16:28:45
[98/369] RORRIB_clean_DDEC_CO2_298.0K_5.0bar_12.5 Done. TimeForThis=6987.7s, Completed=102/369, ETA=2025-09-09 16:18:14
[117/369] RAVWAO_clean_DDEC_CO2_298.0K_5.0bar_12.5 Done. TimeForThis=3508.4s, Completed=103/369, ETA=2025-09-09 16:47:27
[118/369] VUQKOI_clean_DDEC_CO2_298.0K_5.0bar_12.5 Done. TimeForThis=4049.9s, Completed=104/369, ETA=2025-09-09 17:15:10
[107/369] XINHOT_clean_DDEC_CO2_298.0K_5.0bar_12.5 Done. TimeForThis=6973.4s, Completed=105/369, ETA=2025-09-09 17:01:39
[124/369] GEWXAJ_clean_DDEC_CO2_298.0K_5.0bar_12.5 Done. TimeForThis=3250.2s, Completed=106/369, ETA=2025-09-09 16:58:24
[119/369] KIYMAI_clean_DDEC_CO2_298.0K_5.0bar_12.5 Done. TimeForThis=4260.7s, Completed=107/369, ETA=2025-09-09 16:55:13
[120/369] PEQRUZ_clean_DDEC_CO2_298.0K_5.0bar_12.5 Done. TimeForThis=4379.7s, Completed=108/369, ETA=2025-09-09 16:48:08
[122/369] WALCET_clean_DDEC_CO2_298.0K_5.0bar_12.5 Done. TimeForThis=4068.1s, Completed=109/369, ETA=2025-09-09 16:45:27
[116/369] RUWWOW_clean_DDEC_CO2_298.0K_5.0bar_12.5 Done. TimeForThis=5076.8s, Completed=110/369, ETA=2025-09-09 16:34:12
[102/369] KAFYAT_clean_DDEC_CO2_298.0K_5.0bar_12.5 Done. TimeForThis=8628.7s, Completed=111/369, ETA=2025-09-09 16:24:59
[108/369] VEFLUP_clean_DDEC_CO2_298.0K_5.0bar_12.5 Done. TimeForThis=7641.0s, Completed=112/369, ETA=2025-09-09 16:21:52
[112/369] NARNIG_clean_DDEC_CO2_298.0K_5.0bar_12.5 Done. TimeForThis=7144.0s, Completed=113/369, ETA=2025-09-09 16:08:36
[113/369] FEFCUQ_clean_DDEC_CO2_298.0K_5.0bar_12.5 Done. TimeForThis=7194.3s, Completed=114/369, ETA=2025-09-09 16:10:35
[109/369] ATIXAE_clean_DDEC_CO2_298.0K_5.0bar_12.5 Done. TimeForThis=7914.0s, Completed=115/369, ETA=2025-09-09 16:03:46
[105/369] EWASIG01_clean_DDEC_CO2_298.0K_5.0bar_12.5 Done. TimeForThis=9113.9s, Completed=116/369, ETA=2025-09-09 16:10:22
[106/369] IKETIC_clean_DDEC_CO2_298.0K_5.0bar_12.5 Done. TimeForThis=9137.9s, Completed=117/369, ETA=2025-09-09 16:03:16
[115/369] YAZZEG_clean_DDEC_CO2_298.0K_5.0bar_12.5 Done. TimeForThis=7127.9s, Completed=118/369, ETA=2025-09-09 16:06:10
[129/369] AVIMOI_clean_DDEC_CO2_298.0K_5.0bar_12.5 Done. TimeForThis=4431.1s, Completed=119/369, ETA=2025-09-09 16:29:40
[95/369] QUDJIJ_clean_DDEC_CO2_298.0K_5.0bar_12.5 Done. TimeForThis=12456.7s, Completed=120/369, ETA=2025-09-09 16:34:42
[121/369] MOJNAC_clean_DDEC_CO2_298.0K_5.0bar_12.5 Done. TimeForThis=7353.2s, Completed=121/369, ETA=2025-09-09 16:42:52
[134/369] NIMWUD_clean_DDEC_CO2_298.0K_5.0bar_12.5 Done. TimeForThis=3642.5s, Completed=122/369, ETA=2025-09-09 16:40:22
[140/369] RUWXAJ_clean_DDEC_CO2_298.0K_5.0bar_12.5 Done. TimeForThis=3504.1s, Completed=123/369, ETA=2025-09-09 17:02:50
[133/369] ULUPUM01_clean_DDEC_CO2_298.0K_5.0bar_12.5 Done. TimeForThis=4723.6s, Completed=124/369, ETA=2025-09-09 16:59:50
[131/369] HUTZEB_clean_DDEC_CO2_298.0K_5.0bar_12.5 Done. TimeForThis=5593.3s, Completed=125/369, ETA=2025-09-09 16:53:58
[128/369] HOXSIY_clean_DDEC_CO2_298.0K_5.0bar_12.5 Done. TimeForThis=7010.9s, Completed=126/369, ETA=2025-09-09 17:07:09
[126/369] LAGNUE_clean_DDEC_CO2_298.0K_5.0bar_12.5 Done. TimeForThis=7873.1s, Completed=127/369, ETA=2025-09-09 16:54:59
[143/369] VAZMOA_clean_DDEC_CO2_298.0K_5.0bar_12.5 Done. TimeForThis=4444.8s, Completed=128/369, ETA=2025-09-09 17:06:43
[142/369] ZNGLUD01_clean_DDEC_CO2_298.0K_5.0bar_12.5 Done. TimeForThis=4730.8s, Completed=129/369, ETA=2025-09-09 17:02:54
[145/369] LUYHAP_clean_DDEC_CO2_298.0K_5.0bar_12.5 Done. TimeForThis=4365.2s, Completed=130/369, ETA=2025-09-09 17:01:32
[137/369] CUTBOK_clean_DDEC_CO2_298.0K_5.0bar_12.5 Done. TimeForThis=5715.6s, Completed=131/369, ETA=2025-09-09 16:57:45
[139/369] QONKUB_clean_DDEC_CO2_298.0K_5.0bar_12.5 Done. TimeForThis=5631.2s, Completed=132/369, ETA=2025-09-09 16:48:04
[132/369] TAVCIF_clean_DDEC_CO2_298.0K_5.0bar_12.5 Done. TimeForThis=6563.5s, Completed=133/369, ETA=2025-09-09 16:39:46
[153/369] UMUXEG_clean_DDEC_CO2_298.0K_5.0bar_12.5 Done. TimeForThis=2319.2s, Completed=134/369, ETA=2025-09-09 16:57:26
[91/369] TOBJUR_clean_DDEC_CO2_298.0K_5.0bar_12.5 Done. TimeForThis=17404.7s, Completed=135/369, ETA=2025-09-09 16:50:21
[104/369] TONQOD_clean_DDEC_CO2_298.0K_5.0bar_12.5 Done. TimeForThis=14872.8s, Completed=136/369, ETA=2025-09-09 16:46:28
[125/369] YEKXOD_clean_DDEC_CO2_298.0K_5.0bar_12.5 Done. TimeForThis=10689.2s, Completed=137/369, ETA=2025-09-09 16:45:26
[123/369] IKETOI_clean_DDEC_CO2_298.0K_5.0bar_12.5 Done. TimeForThis=11218.0s, Completed=138/369, ETA=2025-09-09 16:46:50
[156/369] WEVQOD01_clean_DDEC_CO2_298.0K_5.0bar_12.5 Done. TimeForThis=2151.4s, Completed=139/369, ETA=2025-09-09 16:39:34
[136/369] DAFYER_clean_DDEC_CO2_298.0K_5.0bar_12.5 Done. TimeForThis=8025.5s, Completed=140/369, ETA=2025-09-09 16:51:35
[149/369] ZOHBUV_clean_DDEC_CO2_298.0K_5.0bar_12.5 Done. TimeForThis=5044.8s, Completed=141/369, ETA=2025-09-09 16:47:01
[138/369] YEDKOI_clean_DDEC_CO2_298.0K_5.0bar_12.5 Done. TimeForThis=7983.6s, Completed=142/369, ETA=2025-09-09 16:38:56
[148/369] WEBREC_clean_DDEC_CO2_298.0K_5.0bar_12.5 Done. TimeForThis=6044.8s, Completed=143/369, ETA=2025-09-09 16:51:11
[146/369] XUGDOU_clean_DDEC_CO2_298.0K_5.0bar_12.5 Done. TimeForThis=7272.1s, Completed=144/369, ETA=2025-09-09 16:48:34
[127/369] ALAMUW_clean_DDEC_CO2_298.0K_5.0bar_12.5 Done. TimeForThis=12082.4s, Completed=145/369, ETA=2025-09-09 16:44:07
[135/369] YORGOD_clean_DDEC_CO2_298.0K_5.0bar_12.5 Done. TimeForThis=9926.7s, Completed=146/369, ETA=2025-09-09 17:03:30
[160/369] PAKXIK_clean_DDEC_CO2_298.0K_5.0bar_12.5 Done. TimeForThis=4112.4s, Completed=147/369, ETA=2025-09-09 17:04:17
[173/369] YEMLOS_clean_DDEC_CO2_298.0K_5.0bar_12.5 Done. TimeForThis=1129.1s, Completed=148/369, ETA=2025-09-09 17:00:10
[154/369] CDLGLU01_clean_DDEC_CO2_298.0K_5.0bar_12.5 Done. TimeForThis=5606.1s, Completed=149/369, ETA=2025-09-09 16:59:51
[171/369] GUKXIU_clean_DDEC_CO2_298.0K_5.0bar_12.5 Done. TimeForThis=1830.4s, Completed=150/369, ETA=2025-09-09 16:54:49
[151/369] METYIU_clean_DDEC_CO2_298.0K_5.0bar_12.5 Done. TimeForThis=6671.4s, Completed=151/369, ETA=2025-09-09 16:48:37
[144/369] TUMROK_clean_DDEC_CO2_298.0K_5.0bar_12.5 Done. TimeForThis=9612.2s, Completed=152/369, ETA=2025-09-09 16:46:31
[130/369] SAKRAZ_clean_DDEC_CO2_298.0K_5.0bar_12.5 Done. TimeForThis=12876.0s, Completed=153/369, ETA=2025-09-09 16:36:41
[157/369] TOXHAR_clean_DDEC_CO2_298.0K_5.0bar_12.5 Done. TimeForThis=5653.1s, Completed=154/369, ETA=2025-09-09 16:38:20
[159/369] ELIJOZ_clean_DDEC_CO2_298.0K_5.0bar_12.5 Done. TimeForThis=5296.8s, Completed=155/369, ETA=2025-09-09 16:29:57
[169/369] RESWUI02_clean_DDEC_CO2_298.0K_5.0bar_12.5 Done. TimeForThis=4273.5s, Completed=156/369, ETA=2025-09-09 17:08:45
[152/369] FAPXOM_clean_DDEC_CO2_298.0K_5.0bar_12.5 Done. TimeForThis=8569.3s, Completed=157/369, ETA=2025-09-09 17:12:02
[170/369] IJEXUR_clean_DDEC_CO2_298.0K_5.0bar_12.5 Done. TimeForThis=4599.3s, Completed=158/369, ETA=2025-09-09 17:04:14
[182/369] UNIPAJ_clean_DDEC_CO2_298.0K_5.0bar_12.5 Done. TimeForThis=2036.5s, Completed=159/369, ETA=2025-09-09 17:09:23
[141/369] LEZLAF_clean_DDEC_CO2_298.0K_5.0bar_12.5 Done. TimeForThis=12823.5s, Completed=160/369, ETA=2025-09-09 17:04:29
[179/369] KUGQIN_clean_DDEC_CO2_298.0K_5.0bar_12.5 Done. TimeForThis=2741.8s, Completed=161/369, ETA=2025-09-09 16:58:28
[166/369] AHOKIR_clean_DDEC_CO2_298.0K_5.0bar_12.5 Done. TimeForThis=6282.0s, Completed=162/369, ETA=2025-09-09 16:59:15
[163/369] JAJLEO_clean_DDEC_CO2_298.0K_5.0bar_12.5 Done. TimeForThis=7062.3s, Completed=163/369, ETA=2025-09-09 16:54:05
[147/369] QOSJUF_clean_DDEC_CO2_298.0K_5.0bar_12.5 Done. TimeForThis=11955.5s, Completed=164/369, ETA=2025-09-09 17:04:00
[180/369] NORJEL_clean_DDEC_CO2_298.0K_5.0bar_12.5 Done. TimeForThis=3478.0s, Completed=165/369, ETA=2025-09-09 16:55:57
[150/369] DEJJIN_clean_DDEC_CO2_298.0K_5.0bar_12.5 Done. TimeForThis=11172.5s, Completed=166/369, ETA=2025-09-09 16:51:32
[176/369] ASOVEL_clean_DDEC_CO2_298.0K_5.0bar_12.5 Done. TimeForThis=4361.2s, Completed=167/369, ETA=2025-09-09 16:45:38
[158/369] YICREI_clean_DDEC_CO2_298.0K_5.0bar_12.5 Done. TimeForThis=8902.8s, Completed=168/369, ETA=2025-09-09 16:38:57
[155/369] HOQMIL01_clean_DDEC_CO2_298.0K_5.0bar_12.5 Done. TimeForThis=10975.4s, Completed=169/369, ETA=2025-09-09 17:13:07
[164/369] KAJZIH_clean_DDEC_CO2_298.0K_5.0bar_12.5 Done. TimeForThis=8932.6s, Completed=170/369, ETA=2025-09-09 17:04:30
[187/369] GURZID_clean_DDEC_CO2_298.0K_5.0bar_12.5 Done. TimeForThis=2721.0s, Completed=171/369, ETA=2025-09-09 16:58:34
[162/369] QUFTAM_clean_DDEC_CO2_298.0K_5.0bar_12.5 Done. TimeForThis=9743.2s, Completed=172/369, ETA=2025-09-09 17:06:21
[161/369] EXEXAH_clean_DDEC_CO2_298.0K_5.0bar_12.5 Done. TimeForThis=10513.8s, Completed=173/369, ETA=2025-09-09 17:02:20
[183/369] QADBII_clean_DDEC_CO2_298.0K_5.0bar_12.5 Done. TimeForThis=5356.0s, Completed=174/369, ETA=2025-09-09 16:54:28
[188/369] HAZGOF07_clean_h_DDEC_CO2_298.0K_5.0bar_12.5 Done. TimeForThis=3246.1s, Completed=175/369, ETA=2025-09-09 16:46:15
[197/369] TILWAM_clean_DDEC_CO2_298.0K_5.0bar_12.5 Done. TimeForThis=1098.0s, Completed=176/369, ETA=2025-09-09 16:49:45
[177/369] JIZWEW_clean_DDEC_CO2_298.0K_5.0bar_12.5 Done. TimeForThis=6669.3s, Completed=177/369, ETA=2025-09-09 16:48:08
[185/369] LULHUW_clean_DDEC_CO2_298.0K_5.0bar_12.5 Done. TimeForThis=4436.0s, Completed=178/369, ETA=2025-09-09 16:42:18
[174/369] COKQAW_clean_DDEC_CO2_298.0K_5.0bar_12.5 Done. TimeForThis=7573.0s, Completed=179/369, ETA=2025-09-09 16:39:18
[172/369] KETSEI_clean_DDEC_CO2_298.0K_5.0bar_12.5 Done. TimeForThis=8617.5s, Completed=180/369, ETA=2025-09-09 16:37:28
[168/369] FIRNAX_clean_DDEC_CO2_298.0K_5.0bar_12.5 Done. TimeForThis=10198.6s, Completed=181/369, ETA=2025-09-09 16:51:23
[195/369] WUPNIF_clean_DDEC_CO2_298.0K_5.0bar_12.5 Done. TimeForThis=4126.5s, Completed=182/369, ETA=2025-09-09 16:59:25
[184/369] TIQGOQ_clean_manual_DDEC_CO2_298.0K_5.0bar_12.5 Done. TimeForThis=6290.7s, Completed=183/369, ETA=2025-09-09 16:51:47
[175/369] BIXYEO_clean_DDEC_CO2_298.0K_5.0bar_12.5 Done. TimeForThis=8726.3s, Completed=184/369, ETA=2025-09-09 16:45:35
[192/369] CAZFOA_clean_DDEC_CO2_298.0K_5.0bar_12.5 Done. TimeForThis=4972.1s, Completed=185/369, ETA=2025-09-09 16:54:07
[167/369] APARAM_clean_DDEC_CO2_298.0K_5.0bar_12.5 Done. TimeForThis=11841.7s, Completed=186/369, ETA=2025-09-09 16:47:21
[191/369] UBECEM_clean_DDEC_CO2_298.0K_5.0bar_12.5 Done. TimeForThis=5745.1s, Completed=187/369, ETA=2025-09-09 16:46:15
[205/369] ODIMAQ_clean_DDEC_CO2_298.0K_5.0bar_12.5 Done. TimeForThis=2940.6s, Completed=188/369, ETA=2025-09-09 16:54:58
[198/369] ITIPOS_clean_DDEC_CO2_298.0K_5.0bar_12.5 Done. TimeForThis=4690.6s, Completed=189/369, ETA=2025-09-09 17:01:57
[215/369] TUKDAG_clean_DDEC_CO2_298.0K_5.0bar_12.5 Done. TimeForThis=1131.1s, Completed=190/369, ETA=2025-09-09 16:58:46
[196/369] VASFED_clean_DDEC_CO2_298.0K_5.0bar_12.5 Done. TimeForThis=6116.9s, Completed=191/369, ETA=2025-09-09 16:53:06
[165/369] IQUCOO_clean_DDEC_CO2_298.0K_5.0bar_12.5 Done. TimeForThis=14314.2s, Completed=192/369, ETA=2025-09-09 17:07:13
[181/369] OBOGUK_clean_DDEC_CO2_298.0K_5.0bar_12.5 Done. TimeForThis=10613.1s, Completed=193/369, ETA=2025-09-09 17:00:43
[190/369] WALMOO_clean_DDEC_CO2_298.0K_5.0bar_12.5 Done. TimeForThis=7886.9s, Completed=194/369, ETA=2025-09-09 16:55:31
[201/369] BETDUB_clean_DDEC_CO2_298.0K_5.0bar_12.5 Done. TimeForThis=5162.5s, Completed=195/369, ETA=2025-09-09 16:51:15
[202/369] PEDMER_clean_DDEC_CO2_298.0K_5.0bar_12.5 Done. TimeForThis=5203.9s, Completed=196/369, ETA=2025-09-09 16:45:37
[217/369] MOMJIJ_clean_DDEC_CO2_298.0K_5.0bar_12.5 Done. TimeForThis=1732.5s, Completed=197/369, ETA=2025-09-09 16:53:27
[203/369] QOTZEG_clean_DDEC_CO2_298.0K_5.0bar_12.5 Done. TimeForThis=6030.8s, Completed=198/369, ETA=2025-09-09 16:56:23
[204/369] MOTMAK_clean_DDEC_CO2_298.0K_5.0bar_12.5 Done. TimeForThis=5785.4s, Completed=199/369, ETA=2025-09-09 16:51:51
[186/369] PEWGEF_clean_DDEC_CO2_298.0K_5.0bar_12.5 Done. TimeForThis=10091.7s, Completed=200/369, ETA=2025-09-09 16:50:27
[212/369] MURCOR_clean_DDEC_CO2_298.0K_5.0bar_12.5 Done. TimeForThis=4193.3s, Completed=201/369, ETA=2025-09-09 16:44:56
[199/369] DACXOV_clean_DDEC_CO2_298.0K_5.0bar_12.5 Done. TimeForThis=7134.0s, Completed=202/369, ETA=2025-09-09 16:39:47
[193/369] TUMRUQ_clean_DDEC_CO2_298.0K_5.0bar_12.5 Done. TimeForThis=9240.3s, Completed=203/369, ETA=2025-09-09 16:48:32
[229/369] CESYEF01_clean_DDEC_CO2_298.0K_5.0bar_12.5 Done. TimeForThis=940.5s, Completed=204/369, ETA=2025-09-09 16:50:52
[178/369] VIVLAP_clean_DDEC_CO2_298.0K_5.0bar_12.5 Done. TimeForThis=13439.9s, Completed=205/369, ETA=2025-09-09 16:46:28
[214/369] FAHVAM_clean_DDEC_CO2_298.0K_5.0bar_12.5 Done. TimeForThis=4728.8s, Completed=206/369, ETA=2025-09-09 16:40:20
[213/369] MAKRAU_clean_DDEC_CO2_298.0K_5.0bar_12.5 Done. TimeForThis=5314.3s, Completed=207/369, ETA=2025-09-09 16:49:03
[219/369] EBANAY_clean_DDEC_CO2_298.0K_5.0bar_12.5 Done. TimeForThis=3883.6s, Completed=208/369, ETA=2025-09-09 16:42:42
[223/369] UVASAM_clean_DDEC_CO2_298.0K_5.0bar_12.5 Done. TimeForThis=2998.3s, Completed=209/369, ETA=2025-09-09 16:36:58
[208/369] XIDBUJ_clean_DDEC_CO2_298.0K_5.0bar_12.5 Done. TimeForThis=7207.5s, Completed=210/369, ETA=2025-09-09 16:31:53
[228/369] BERFIP_clean_DDEC_CO2_298.0K_5.0bar_12.5 Done. TimeForThis=2285.1s, Completed=211/369, ETA=2025-09-09 16:37:19
[209/369] HURQUG_clean_DDEC_CO2_298.0K_5.0bar_12.5 Done. TimeForThis=7533.4s, Completed=212/369, ETA=2025-09-09 16:46:07
[216/369] PEGBAG_clean_DDEC_CO2_298.0K_5.0bar_12.5 Done. TimeForThis=5908.4s, Completed=213/369, ETA=2025-09-09 16:45:30
[237/369] COMGUH_clean_DDEC_CO2_298.0K_5.0bar_12.5 Done. TimeForThis=1649.6s, Completed=214/369, ETA=2025-09-09 16:48:57
[189/369] UMEHOL_clean_DDEC_CO2_298.0K_5.0bar_12.5 Done. TimeForThis=13083.0s, Completed=215/369, ETA=2025-09-09 16:46:31
[240/369] NADKEK_clean_DDEC_CO2_298.0K_5.0bar_12.5 Done. TimeForThis=777.9s, Completed=216/369, ETA=2025-09-09 16:40:01
[230/369] GAWBEM_clean_DDEC_CO2_298.0K_5.0bar_12.5 Done. TimeForThis=3741.0s, Completed=217/369, ETA=2025-09-09 16:40:49
[110/369] HAWWUZ_clean_DDEC_CO2_298.0K_5.0bar_12.5 Done. TimeForThis=33948.5s, Completed=218/369, ETA=2025-09-09 16:39:42
[239/369] LABJUV_clean_DDEC_CO2_298.0K_5.0bar_12.5 Done. TimeForThis=1939.7s, Completed=219/369, ETA=2025-09-09 16:36:23
[211/369] WUPZUE_clean_DDEC_CO2_298.0K_5.0bar_12.5 Done. TimeForThis=8836.3s, Completed=220/369, ETA=2025-09-09 16:41:19
[233/369] MURNIX_clean_DDEC_CO2_298.0K_5.0bar_12.5 Done. TimeForThis=3660.2s, Completed=221/369, ETA=2025-09-09 16:37:53
[210/369] KASRAZ_clean_DDEC_CO2_298.0K_5.0bar_12.5 Done. TimeForThis=9213.7s, Completed=222/369, ETA=2025-09-09 16:37:27
[238/369] FURFIJ_clean_DDEC_CO2_298.0K_5.0bar_12.5 Done. TimeForThis=3241.1s, Completed=223/369, ETA=2025-09-09 16:33:11
[241/369] ZAXWEC_clean_DDEC_CO2_298.0K_5.0bar_12.5 Done. TimeForThis=2754.4s, Completed=224/369, ETA=2025-09-09 16:46:15
[234/369] HISSIN_clean_DDEC_CO2_298.0K_5.0bar_12.5 Done. TimeForThis=4687.8s, Completed=225/369, ETA=2025-09-09 16:40:09
[221/369] OQIQOW_clean_DDEC_CO2_298.0K_5.0bar_12.5 Done. TimeForThis=7278.3s, Completed=226/369, ETA=2025-09-09 16:33:56
[222/369] CEZNAY_clean_DDEC_CO2_298.0K_5.0bar_12.5 Done. TimeForThis=7545.4s, Completed=227/369, ETA=2025-09-09 16:36:51
[224/369] RAZYIC_clean_DDEC_CO2_298.0K_5.0bar_12.5 Done. TimeForThis=7587.4s, Completed=228/369, ETA=2025-09-09 16:36:17
[246/369] EKEVAT_clean_DDEC_CO2_298.0K_5.0bar_12.5 Done. TimeForThis=2509.8s, Completed=229/369, ETA=2025-09-09 16:34:09
[232/369] LEWTUD01_clean_DDEC_CO2_298.0K_5.0bar_12.5 Done. TimeForThis=5892.0s, Completed=230/369, ETA=2025-09-09 16:35:28
[227/369] OCUGEZ01_clean_DDEC_CO2_298.0K_5.0bar_12.5 Done. TimeForThis=7368.1s, Completed=231/369, ETA=2025-09-09 16:35:55
[242/369] MOGYAI_clean_DDEC_CO2_298.0K_5.0bar_12.5 Done. TimeForThis=3791.0s, Completed=232/369, ETA=2025-09-09 16:30:53
[252/369] PENZUE_clean_DDEC_CO2_298.0K_5.0bar_12.5 Done. TimeForThis=1548.7s, Completed=233/369, ETA=2025-09-09 16:28:13
[235/369] YARKOT_clean_DDEC_CO2_298.0K_5.0bar_12.5 Done. TimeForThis=5819.4s, Completed=234/369, ETA=2025-09-09 16:25:40
[207/369] XEGKEB_clean_DDEC_CO2_298.0K_5.0bar_12.5 Done. TimeForThis=13658.1s, Completed=235/369, ETA=2025-09-09 16:34:54
[243/369] YUKJUL_clean_DDEC_CO2_298.0K_5.0bar_12.5 Done. TimeForThis=5022.0s, Completed=236/369, ETA=2025-09-09 16:41:38
[244/369] XISPUM_clean_DDEC_CO2_298.0K_5.0bar_12.5 Done. TimeForThis=5076.2s, Completed=237/369, ETA=2025-09-09 16:37:08
[247/369] QITMOW_clean_DDEC_CO2_298.0K_5.0bar_12.5 Done. TimeForThis=4482.5s, Completed=238/369, ETA=2025-09-09 16:31:14
[236/369] KIYQIU_clean_DDEC_CO2_298.0K_5.0bar_12.5 Done. TimeForThis=7312.1s, Completed=239/369, ETA=2025-09-09 16:33:28
[206/369] MUNNUF_clean_DDEC_CO2_298.0K_5.0bar_12.5 Done. TimeForThis=15348.1s, Completed=240/369, ETA=2025-09-09 16:42:34
[245/369] EMANAH_clean_DDEC_CO2_298.0K_5.0bar_12.5 Done. TimeForThis=5941.2s, Completed=241/369, ETA=2025-09-09 16:41:04
[256/369] WILREO_clean_DDEC_CO2_298.0K_5.0bar_12.5 Done. TimeForThis=3527.9s, Completed=242/369, ETA=2025-09-09 16:38:16
[262/369] FIPXAF_clean_DDEC_CO2_298.0K_5.0bar_12.5 Done. TimeForThis=2526.7s, Completed=243/369, ETA=2025-09-09 16:33:53
[225/369] OWIJEL_clean_DDEC_CO2_298.0K_5.0bar_12.5 Done. TimeForThis=11140.8s, Completed=244/369, ETA=2025-09-09 16:39:03
[231/369] CUXJAI_clean_DDEC_CO2_298.0K_5.0bar_12.5 Done. TimeForThis=9921.7s, Completed=245/369, ETA=2025-09-09 16:35:42
[259/369] ZOMNUM_clean_manual_DDEC_CO2_298.0K_5.0bar_12.5 Done. TimeForThis=3477.5s, Completed=246/369, ETA=2025-09-09 16:30:29
[260/369] AKUHOD_clean_DDEC_CO2_298.0K_5.0bar_12.5 Done. TimeForThis=3519.7s, Completed=247/369, ETA=2025-09-09 16:26:49
[218/369] POKTOA_clean_DDEC_CO2_298.0K_5.0bar_12.5 Done. TimeForThis=13330.5s, Completed=248/369, ETA=2025-09-09 16:29:41
[200/369] HALQUJ_clean_DDEC_CO2_298.0K_5.0bar_12.5 Done. TimeForThis=17740.4s, Completed=249/369, ETA=2025-09-09 16:26:36
[263/369] PEFSEA_clean_DDEC_CO2_298.0K_5.0bar_12.5 Done. TimeForThis=3160.8s, Completed=250/369, ETA=2025-09-09 16:21:48
[261/369] DOQHAT_clean_DDEC_CO2_298.0K_5.0bar_12.5 Done. TimeForThis=4086.1s, Completed=251/369, ETA=2025-09-09 16:20:14
[249/369] PUPNAQ_clean_DDEC_CO2_298.0K_5.0bar_12.5 Done. TimeForThis=6685.4s, Completed=252/369, ETA=2025-09-09 16:14:25
[220/369] YUXQOY_clean_DDEC_CO2_298.0K_5.0bar_12.5 Done. TimeForThis=13089.7s, Completed=253/369, ETA=2025-09-09 16:12:34
[258/369] LEJRIC_clean_DDEC_CO2_298.0K_5.0bar_12.5 Done. TimeForThis=5764.4s, Completed=254/369, ETA=2025-09-09 16:31:55
[269/369] UYAQAN_clean_DDEC_CO2_298.0K_5.0bar_12.5 Done. TimeForThis=3056.4s, Completed=255/369, ETA=2025-09-09 16:31:19
[265/369] PIZPOD_clean_h_DDEC_CO2_298.0K_5.0bar_12.5 Done. TimeForThis=5319.0s, Completed=256/369, ETA=2025-09-09 16:52:23
[257/369] INOMOP01_clean_DDEC_CO2_298.0K_5.0bar_12.5 Done. TimeForThis=7766.1s, Completed=257/369, ETA=2025-09-09 16:55:07
[271/369] GIKMOD10_clean_DDEC_CO2_298.0K_5.0bar_12.5 Done. TimeForThis=4475.1s, Completed=258/369, ETA=2025-09-09 16:52:36
[267/369] BETFAJ_clean_DDEC_CO2_298.0K_5.0bar_12.5 Done. TimeForThis=5893.4s, Completed=259/369, ETA=2025-09-09 16:56:36
[264/369] BEVQID_clean_DDEC_CO2_298.0K_5.0bar_12.5 Done. TimeForThis=6330.4s, Completed=260/369, ETA=2025-09-09 16:50:59
[279/369] RENWEM_clean_DDEC_CO2_298.0K_5.0bar_12.5 Done. TimeForThis=3652.1s, Completed=261/369, ETA=2025-09-09 16:48:51
[248/369] FAGREM_clean_DDEC_CO2_298.0K_5.0bar_12.5 Done. TimeForThis=10627.8s, Completed=262/369, ETA=2025-09-09 16:47:03
[281/369] LUSZIJ01_clean_DDEC_CO2_298.0K_5.0bar_12.5 Done. TimeForThis=4552.0s, Completed=263/369, ETA=2025-09-09 17:02:18
[255/369] XAPCOJ07_clean_DDEC_CO2_298.0K_5.0bar_12.5 Done. TimeForThis=10012.4s, Completed=264/369, ETA=2025-09-09 16:57:38
[282/369] VIXZUZ_clean_DDEC_CO2_298.0K_5.0bar_12.5 Done. TimeForThis=3656.4s, Completed=265/369, ETA=2025-09-09 16:54:03
[250/369] AVESOL_clean_DDEC_CO2_298.0K_5.0bar_12.5 Done. TimeForThis=11381.2s, Completed=266/369, ETA=2025-09-09 16:49:43
[226/369] COYTUG01_clean_DDEC_CO2_298.0K_5.0bar_12.5 Done. TimeForThis=17083.1s, Completed=267/369, ETA=2025-09-09 16:53:03
[286/369] TIVFAG_clean_DDEC_CO2_298.0K_5.0bar_12.5 Done. TimeForThis=2295.8s, Completed=268/369, ETA=2025-09-09 16:48:07
[254/369] OWIHIN_clean_DDEC_CO2_298.0K_5.0bar_12.5 Done. TimeForThis=11044.7s, Completed=269/369, ETA=2025-09-09 16:44:34
[270/369] HOYTUL_clean_DDEC_CO2_298.0K_5.0bar_12.5 Done. TimeForThis=7158.3s, Completed=270/369, ETA=2025-09-09 16:43:57
[194/369] QAQRUW_clean_DDEC_CO2_298.0K_5.0bar_12.5 Done. TimeForThis=25630.0s, Completed=271/369, ETA=2025-09-09 16:40:07
[287/369] GEDLIM_clean_DDEC_CO2_298.0K_5.0bar_12.5 Done. TimeForThis=2764.1s, Completed=272/369, ETA=2025-09-09 16:45:42
[268/369] YITHOA01_clean_DDEC_CO2_298.0K_5.0bar_12.5 Done. TimeForThis=9078.2s, Completed=273/369, ETA=2025-09-09 17:03:08
[273/369] RICBEM_clean_DDEC_CO2_298.0K_5.0bar_12.5 Done. TimeForThis=8181.8s, Completed=274/369, ETA=2025-09-09 16:59:01
[292/369] YOMHAK_clean_DDEC_CO2_298.0K_5.0bar_12.5 Done. TimeForThis=2689.8s, Completed=275/369, ETA=2025-09-09 16:56:19
[288/369] PIZNOB_clean_h_DDEC_CO2_298.0K_5.0bar_12.5 Done. TimeForThis=4469.7s, Completed=276/369, ETA=2025-09-09 17:01:53
[272/369] PETVER_clean_DDEC_CO2_298.0K_5.0bar_12.5 Done. TimeForThis=8951.8s, Completed=277/369, ETA=2025-09-09 16:56:56
[251/369] QUSCAJ_clean_DDEC_CO2_298.0K_5.0bar_12.5 Done. TimeForThis=14378.5s, Completed=278/369, ETA=2025-09-09 16:52:04
[298/369] IXAMAW_clean_DDEC_CO2_298.0K_5.0bar_12.5 Done. TimeForThis=2567.9s, Completed=279/369, ETA=2025-09-09 16:51:26
[253/369] ETEKAQ_clean_DDEC_CO2_298.0K_5.0bar_12.5 Done. TimeForThis=14506.0s, Completed=280/369, ETA=2025-09-09 17:00:20
[274/369] TOXMUQ_clean_DDEC_CO2_298.0K_5.0bar_12.5 Done. TimeForThis=9827.3s, Completed=281/369, ETA=2025-09-09 16:57:32
[291/369] ALUJUN_clean_DDEC_CO2_298.0K_5.0bar_12.5 Done. TimeForThis=4351.1s, Completed=282/369, ETA=2025-09-09 16:53:20
[310/369] __pycache__ FAILED: Command '/home/yongsang/PSID_SIMULATION_TOOLS/RASPA/bin/simulate simulation.input' died with <Signals.SIGSEGV: 11>.
[280/369] SABVOH__clean_DDEC_CO2_298.0K_5.0bar_12.5 Done. TimeForThis=9192.7s, Completed=283/369, ETA=2025-09-09 16:50:35
[297/369] HEGCEB_clean_DDEC_CO2_298.0K_5.0bar_12.5 Done. TimeForThis=4260.3s, Completed=284/369, ETA=2025-09-09 16:56:21
[283/369] KEXPOU_clean_DDEC_CO2_298.0K_5.0bar_12.5 Done. TimeForThis=8335.0s, Completed=285/369, ETA=2025-09-09 16:52:11
[301/369] MICPEU_clean_DDEC_CO2_298.0K_5.0bar_12.5 Done. TimeForThis=2970.0s, Completed=286/369, ETA=2025-09-09 16:56:54
[302/369] HAZNON_clean_DDEC_CO2_298.0K_5.0bar_12.5 Done. TimeForThis=3155.2s, Completed=287/369, ETA=2025-09-09 16:56:57
[278/369] ECODEG_clean_DDEC_CO2_298.0K_5.0bar_12.5 Done. TimeForThis=10706.1s, Completed=288/369, ETA=2025-09-09 16:52:23
[275/369] DAKVIW_clean_DDEC_CO2_298.0K_5.0bar_12.5 Done. TimeForThis=11657.9s, Completed=289/369, ETA=2025-09-09 16:56:02
[307/369] MICNUI_clean_DDEC_CO2_298.0K_5.0bar_12.5 Done. TimeForThis=2790.5s, Completed=290/369, ETA=2025-09-09 16:52:33
[266/369] ETEKEU_clean_DDEC_CO2_298.0K_5.0bar_12.5 Done. TimeForThis=14399.3s, Completed=291/369, ETA=2025-09-09 17:00:28
[276/369] SEHSUU_clean_DDEC_CO2_298.0K_5.0bar_12.5 Done. TimeForThis=12035.0s, Completed=292/369, ETA=2025-09-09 16:55:48
[284/369] REGRIG_clean_DDEC_CO2_298.0K_5.0bar_12.5 Done. TimeForThis=9565.4s, Completed=293/369, ETA=2025-09-09 16:59:46
[319/369] CEHWOD_clean_DDEC_CO2_298.0K_5.0bar_12.5 Done. TimeForThis=1152.1s, Completed=294/369, ETA=2025-09-09 16:55:49
[299/369] XADFEP_clean_DDEC_CO2_298.0K_5.0bar_12.5 Done. TimeForThis=6477.5s, Completed=295/369, ETA=2025-09-09 16:51:33
[295/369] MIXPIU_clean_DDEC_CO2_298.0K_5.0bar_12.5 Done. TimeForThis=7140.1s, Completed=296/369, ETA=2025-09-09 16:51:18
[304/369] BOJYIK_clean_DDEC_CO2_298.0K_5.0bar_12.5 Done. TimeForThis=4638.0s, Completed=297/369, ETA=2025-09-09 16:48:58
[305/369] FIGXAU_clean_DDEC_CO2_298.0K_5.0bar_12.5 Done. TimeForThis=4666.1s, Completed=298/369, ETA=2025-09-09 16:44:59
[277/369] IYASOS_clean_DDEC_CO2_298.0K_5.0bar_12.5 Done. TimeForThis=13036.9s, Completed=299/369, ETA=2025-09-09 16:42:57
[303/369] JASNAT_clean_DDEC_CO2_298.0K_5.0bar_12.5 Done. TimeForThis=5534.6s, Completed=300/369, ETA=2025-09-09 16:41:49
[308/369] APEBEE_clean_DDEC_CO2_298.0K_5.0bar_12.5 Done. TimeForThis=4267.8s, Completed=301/369, ETA=2025-09-09 16:40:08
[300/369] GIQYAH_clean_DDEC_CO2_298.0K_5.0bar_12.5 Done. TimeForThis=7196.5s, Completed=302/369, ETA=2025-09-09 16:40:47
[296/369] UVEWIC01_clean_DDEC_CO2_298.0K_5.0bar_12.5 Done. TimeForThis=8687.7s, Completed=303/369, ETA=2025-09-09 16:48:03
[312/369] FAQVEA_clean_DDEC_CO2_298.0K_5.0bar_12.5 Done. TimeForThis=4892.7s, Completed=304/369, ETA=2025-09-09 16:43:54
[325/369] ADABUE_clean_DDEC_CO2_298.0K_5.0bar_12.5 Done. TimeForThis=1633.1s, Completed=305/369, ETA=2025-09-09 16:39:04
[285/369] DAGDIZ_clean_DDEC_CO2_298.0K_5.0bar_12.5 Done. TimeForThis=11189.9s, Completed=306/369, ETA=2025-09-09 16:34:20
[311/369] EVURAP_clean_DDEC_CO2_298.0K_5.0bar_12.5 Done. TimeForThis=5060.4s, Completed=307/369, ETA=2025-09-09 16:29:55
[320/369] WENSIS_clean_DDEC_CO2_298.0K_5.0bar_12.5 Done. TimeForThis=2518.2s, Completed=308/369, ETA=2025-09-09 16:25:46
[290/369] JAHXUM_clean_DDEC_CO2_298.0K_5.0bar_12.5 Done. TimeForThis=10451.5s, Completed=309/369, ETA=2025-09-09 16:22:56
[313/369] WEFZIS_clean_DDEC_CO2_298.0K_5.0bar_12.5 Done. TimeForThis=5157.1s, Completed=310/369, ETA=2025-09-09 16:29:53
[315/369] VIXGEQ_clean_DDEC_CO2_298.0K_5.0bar_12.5 Done. TimeForThis=4760.5s, Completed=311/369, ETA=2025-09-09 16:27:34
[289/369] ABEXEM_clean_DDEC_CO2_298.0K_5.0bar_12.5 Done. TimeForThis=11728.9s, Completed=312/369, ETA=2025-09-09 16:30:17
[327/369] FEWGUL_clean_DDEC_CO2_298.0K_5.0bar_12.5 Done. TimeForThis=2772.8s, Completed=313/369, ETA=2025-09-09 16:26:26
[328/369] LUFQUZ01_clean_DDEC_CO2_298.0K_5.0bar_12.5 Done. TimeForThis=2628.1s, Completed=314/369, ETA=2025-09-09 16:21:43
[322/369] GOYXAV_clean_DDEC_CO2_298.0K_5.0bar_12.5 Done. TimeForThis=3462.2s, Completed=315/369, ETA=2025-09-09 16:19:53
[329/369] SEYFEI_clean_DDEC_CO2_298.0K_5.0bar_12.5 Done. TimeForThis=2598.3s, Completed=316/369, ETA=2025-09-09 16:15:22
[324/369] WUFSAT_clean_DDEC_CO2_298.0K_5.0bar_12.5 Done. TimeForThis=3571.8s, Completed=317/369, ETA=2025-09-09 16:14:37
[341/369] YEGTAG_clean_DDEC_CO2_298.0K_5.0bar_12.5 Done. TimeForThis=1383.7s, Completed=318/369, ETA=2025-09-09 16:28:33
[317/369] JIVFUQ_clean_DDEC_CO2_298.0K_5.0bar_12.5 Done. TimeForThis=6454.6s, Completed=319/369, ETA=2025-09-09 16:28:00
[294/369] GEGWAS_clean_DDEC_CO2_298.0K_5.0bar_12.5 Done. TimeForThis=12334.8s, Completed=320/369, ETA=2025-09-09 16:28:47
[331/369] CUGLTM02_clean_DDEC_CO2_298.0K_5.0bar_12.5 Done. TimeForThis=3985.3s, Completed=321/369, ETA=2025-09-09 16:27:10
[318/369] EHAFEA_clean_DDEC_CO2_298.0K_5.0bar_12.5 Done. TimeForThis=6527.7s, Completed=322/369, ETA=2025-09-09 16:23:23
[330/369] EVUBAY_clean_DDEC_CO2_298.0K_5.0bar_12.5 Done. TimeForThis=4314.4s, Completed=323/369, ETA=2025-09-09 16:18:48
[316/369] NARNOM_clean_DDEC_CO2_298.0K_5.0bar_12.5 Done. TimeForThis=7070.0s, Completed=324/369, ETA=2025-09-09 16:15:44
[323/369] CEHWIX_clean_DDEC_CO2_298.0K_5.0bar_12.5 Done. TimeForThis=5422.1s, Completed=325/369, ETA=2025-09-09 16:12:00
[343/369] UZUNAF01_clean_DDEC_CO2_298.0K_5.0bar_12.5 Done. TimeForThis=2532.0s, Completed=326/369, ETA=2025-09-09 16:14:14
[326/369] QOCSEH_clean_DDEC_CO2_298.0K_5.0bar_12.5 Done. TimeForThis=5430.6s, Completed=327/369, ETA=2025-09-09 16:10:54
[336/369] ZURQOS_clean_DDEC_CO2_298.0K_5.0bar_12.5 Done. TimeForThis=4219.8s, Completed=328/369, ETA=2025-09-09 16:12:25
[354/369] CUIMDZ01_clean_h_DDEC_CO2_298.0K_5.0bar_12.5 Done. TimeForThis=878.4s, Completed=329/369, ETA=2025-09-09 16:10:18
[332/369] PEPLEC_clean_DDEC_CO2_298.0K_5.0bar_12.5 Done. TimeForThis=5037.9s, Completed=330/369, ETA=2025-09-09 16:16:59
[314/369] ZIJVOF02_clean_DDEC_CO2_298.0K_5.0bar_12.5 Done. TimeForThis=9338.5s, Completed=331/369, ETA=2025-09-09 16:12:53
[342/369] ZASJAG_clean_DDEC_CO2_298.0K_5.0bar_12.5 Done. TimeForThis=4410.4s, Completed=332/369, ETA=2025-09-09 16:21:58
[309/369] JISVAJ_clean_DDEC_CO2_298.0K_5.0bar_12.5 Done. TimeForThis=11065.6s, Completed=333/369, ETA=2025-09-09 16:21:56
[293/369] NUDMEG_clean_DDEC_CO2_298.0K_5.0bar_12.5 Done. TimeForThis=15305.7s, Completed=334/369, ETA=2025-09-09 16:19:09
[321/369] UKAPUS_clean_DDEC_CO2_298.0K_5.0bar_12.5 Done. TimeForThis=8529.0s, Completed=335/369, ETA=2025-09-09 16:15:21
[333/369] NEDWAW_clean_DDEC_CO2_298.0K_5.0bar_12.5 Done. TimeForThis=6170.0s, Completed=336/369, ETA=2025-09-09 16:11:47
[350/369] ATIBOU02_clean_DDEC_CO2_298.0K_5.0bar_12.5 Done. TimeForThis=3632.8s, Completed=337/369, ETA=2025-09-09 16:21:57
[351/369] XEHRUY_clean_DDEC_CO2_298.0K_5.0bar_12.5 Done. TimeForThis=3648.1s, Completed=338/369, ETA=2025-09-09 16:18:38
[344/369] KEXKAB_clean_DDEC_CO2_298.0K_5.0bar_12.5 Done. TimeForThis=5831.9s, Completed=339/369, ETA=2025-09-09 16:19:33
[349/369] XEJXAN_clean_DDEC_CO2_298.0K_5.0bar_12.5 Done. TimeForThis=4265.1s, Completed=340/369, ETA=2025-09-09 16:17:14
[345/369] LERNEC01_clean_DDEC_CO2_298.0K_5.0bar_12.5 Done. TimeForThis=6370.7s, Completed=341/369, ETA=2025-09-09 16:20:42
[352/369] XUMTUV_clean_DDEC_CO2_298.0K_5.0bar_12.5 Done. TimeForThis=4614.2s, Completed=342/369, ETA=2025-09-09 16:18:33
[359/369] ATIBAG_clean_DDEC_CO2_298.0K_5.0bar_12.5 Done. TimeForThis=3443.8s, Completed=343/369, ETA=2025-09-09 16:22:02
[346/369] SADLEQ_clean_DDEC_CO2_298.0K_5.0bar_12.5 Done. TimeForThis=6984.6s, Completed=344/369, ETA=2025-09-09 16:22:15
[339/369] OFEHAK_clean_DDEC_CO2_298.0K_5.0bar_12.5 Done. TimeForThis=8386.4s, Completed=345/369, ETA=2025-09-09 16:26:17
[306/369] FOKYIP_clean_DDEC_CO2_298.0K_5.0bar_12.5 Done. TimeForThis=15407.8s, Completed=346/369, ETA=2025-09-09 16:25:00
[353/369] ESUVAR02_clean_DDEC_CO2_298.0K_5.0bar_12.5 Done. TimeForThis=5875.0s, Completed=347/369, ETA=2025-09-09 16:20:47
[337/369] GEJJEL01_clean_DDEC_CO2_298.0K_5.0bar_12.5 Done. TimeForThis=9785.0s, Completed=348/369, ETA=2025-09-09 16:25:43
[363/369] ZOMKAP_clean_DDEC_CO2_298.0K_5.0bar_12.5 Done. TimeForThis=4248.4s, Completed=349/369, ETA=2025-09-09 16:29:37
[335/369] WEMBUN_clean_DDEC_CO2_298.0K_5.0bar_12.5 Done. TimeForThis=10327.3s, Completed=350/369, ETA=2025-09-09 16:25:32
[364/369] QOKCID_clean_DDEC_CO2_298.0K_5.0bar_12.5 Done. TimeForThis=4490.0s, Completed=351/369, ETA=2025-09-09 16:25:54
[361/369] MADVUJ_clean_DDEC_CO2_298.0K_5.0bar_12.5 Done. TimeForThis=5448.5s, Completed=352/369, ETA=2025-09-09 16:31:52
[340/369] VIRVEY_clean_DDEC_CO2_298.0K_5.0bar_12.5 Done. TimeForThis=10363.6s, Completed=353/369, ETA=2025-09-09 16:28:51
[338/369] VUWSAJ_clean_DDEC_CO2_298.0K_5.0bar_12.5 Done. TimeForThis=11243.1s, Completed=354/369, ETA=2025-09-09 16:27:19
[334/369] HEKTUO01_clean_DDEC_CO2_298.0K_5.0bar_12.5 Done. TimeForThis=12094.1s, Completed=355/369, ETA=2025-09-09 16:34:45
[358/369] FONQIJ_clean_DDEC_CO2_298.0K_5.0bar_12.5 Done. TimeForThis=8420.6s, Completed=356/369, ETA=2025-09-09 16:42:48
[360/369] WUYXAR_clean_DDEC_CO2_298.0K_5.0bar_12.5 Done. TimeForThis=8788.5s, Completed=357/369, ETA=2025-09-09 16:55:37
[348/369] COKNAT_clean_DDEC_CO2_298.0K_5.0bar_12.5 Done. TimeForThis=11343.5s, Completed=358/369, ETA=2025-09-09 16:58:41
[368/369] GUBKUL_clean_DDEC_CO2_298.0K_5.0bar_12.5 Done. TimeForThis=7241.2s, Completed=359/369, ETA=2025-09-09 17:00:06
[362/369] RAHBUZ_clean_DDEC_CO2_298.0K_5.0bar_12.5 Done. TimeForThis=9250.1s, Completed=360/369, ETA=2025-09-09 17:07:23
[355/369] HAFVUH_SL_DDEC_CO2_298.0K_5.0bar_12.5 Done. TimeForThis=11737.1s, Completed=361/369, ETA=2025-09-09 17:09:24
[367/369] HURGUX_clean_DDEC_CO2_298.0K_5.0bar_12.5 Done. TimeForThis=8603.7s, Completed=362/369, ETA=2025-09-09 17:05:31
[366/369] DICVES_clean_DDEC_CO2_298.0K_5.0bar_12.5 Done. TimeForThis=8768.7s, Completed=363/369, ETA=2025-09-09 17:03:00
[369/369] TUMDAI_clean_DDEC_CO2_298.0K_5.0bar_12.5 Done. TimeForThis=9805.0s, Completed=364/369, ETA=2025-09-09 17:24:14
[365/369] UKUPUL_clean_DDEC_CO2_298.0K_5.0bar_12.5 Done. TimeForThis=12296.2s, Completed=365/369, ETA=2025-09-09 17:40:30
[357/369] TONLOZ_clean_DDEC_CO2_298.0K_5.0bar_12.5 Done. TimeForThis=19445.2s, Completed=366/369, ETA=2025-09-09 19:04:18
[347/369] QUQFIS_clean_DDEC_CO2_298.0K_5.0bar_12.5 Done. TimeForThis=23116.8s, Completed=367/369, ETA=2025-09-09 19:34:38
[356/369] QOVSOL_clean_DDEC_CO2_298.0K_5.0bar_12.5 Done. TimeForThis=29974.5s, Completed=368/369, ETA=2025-09-09 21:45:50
---- ALL DONE at 2025-09-09 21:40:53 ----
