---- START at 2025-09-08 15:26:27, Target=369/369 ----
[1/369] GIRYOX_clean_DDEC_CO2_298.0K_5.0bar_12.5 Done. TimeForThis=825.3s, Completed=1/369, ETA=2025-09-12 04:01:48
[15/369] KECRAL12_clean_DDEC_CO2_298.0K_5.0bar_12.5 Done. TimeForThis=1995.5s, Completed=2/369, ETA=2025-09-12 21:42:44
[20/369] EKETOF_clean_DDEC_CO2_298.0K_5.0bar_12.5 Done. TimeForThis=2603.5s, Completed=3/369, ETA=2025-09-12 08:23:32
[27/369] PEVLEJ_clean_DDEC_CO2_298.0K_5.0bar_12.5 Done. TimeForThis=2708.6s, Completed=4/369, ETA=2025-09-11 12:50:51
[11/369] NOFQIK_clean_DDEC_CO2_298.0K_5.0bar_12.5 Done. TimeForThis=2717.5s, Completed=5/369, ETA=2025-09-10 23:08:57
[31/369] KUMBUR_clean_DDEC_CO2_298.0K_5.0bar_12.5 Done. TimeForThis=1012.7s, Completed=6/369, ETA=2025-09-11 05:12:59
[6/369] XOVVIO_clean_DDEC_CO2_298.0K_5.0bar_12.5 Done. TimeForThis=3739.1s, Completed=7/369, ETA=2025-09-10 22:11:31
[30/369] GADFAV_clean_DDEC_CO2_298.0K_5.0bar_12.5 Done. TimeForThis=1973.8s, Completed=8/369, ETA=2025-09-10 18:17:53
[9/369] LEPLAV_clean_DDEC_CO2_298.0K_5.0bar_12.5 Done. TimeForThis=3969.7s, Completed=9/369, ETA=2025-09-10 12:39:06
[8/369] ORAGEU_clean_DDEC_CO2_298.0K_5.0bar_12.5 Done. TimeForThis=4290.1s, Completed=10/369, ETA=2025-09-10 11:24:51
[4/369] NOHKOM_clean_DDEC_CO2_298.0K_5.0bar_12.5 Done. TimeForThis=4479.3s, Completed=11/369, ETA=2025-09-10 09:10:48
[25/369] LUTCIN_clean_DDEC_CO2_298.0K_5.0bar_12.5 Done. TimeForThis=4547.8s, Completed=12/369, ETA=2025-09-10 06:17:13
[13/369] GIRXUC_clean_DDEC_CO2_298.0K_5.0bar_12.5 Done. TimeForThis=4783.8s, Completed=13/369, ETA=2025-09-10 05:09:34
[10/369] SAJLOH_clean_DDEC_CO2_298.0K_5.0bar_12.5 Done. TimeForThis=5118.2s, Completed=14/369, ETA=2025-09-10 04:54:48
[21/369] HOZBUV_clean_DDEC_CO2_298.0K_5.0bar_12.5 Done. TimeForThis=5324.2s, Completed=15/369, ETA=2025-09-10 03:49:22
[33/369] CAVTAW_clean_DDEC_CO2_298.0K_5.0bar_12.5 Done. TimeForThis=3036.5s, Completed=16/369, ETA=2025-09-10 04:18:07
[5/369] OFAWAV_clean_DDEC_CO2_298.0K_5.0bar_12.5 Done. TimeForThis=5827.9s, Completed=17/369, ETA=2025-09-10 02:34:46
[23/369] RUYNIK_clean_DDEC_CO2_298.0K_5.0bar_12.5 Done. TimeForThis=6193.1s, Completed=18/369, ETA=2025-09-10 02:42:24
[46/369] PIYZED03_clean_DDEC_CO2_298.0K_5.0bar_12.5 Done. TimeForThis=448.5s, Completed=19/369, ETA=2025-09-10 03:16:12
[17/369] MUFJED_clean_DDEC_CO2_298.0K_5.0bar_12.5 Done. TimeForThis=7078.0s, Completed=20/369, ETA=2025-09-10 03:42:56
[37/369] ATIBUA_clean_DDEC_CO2_298.0K_5.0bar_12.5 Done. TimeForThis=3276.3s, Completed=21/369, ETA=2025-09-10 02:48:31
[2/369] DOTWAL_clean_DDEC_CO2_298.0K_5.0bar_12.5 Done. TimeForThis=7397.7s, Completed=22/369, ETA=2025-09-10 01:54:26
[34/369] ILIMUN_clean_DDEC_CO2_298.0K_5.0bar_12.5 Done. TimeForThis=4235.5s, Completed=23/369, ETA=2025-09-10 02:25:54
[26/369] ISUXAW_clean_DDEC_CO2_298.0K_5.0bar_12.5 Done. TimeForThis=8073.8s, Completed=24/369, ETA=2025-09-10 01:55:21
[38/369] LAXGOH01_clean_DDEC_CO2_298.0K_5.0bar_12.5 Done. TimeForThis=4350.0s, Completed=25/369, ETA=2025-09-10 02:51:54
[49/369] HIDMEO_clean_DDEC_CO2_298.0K_5.0bar_12.5 Done. TimeForThis=1406.1s, Completed=26/369, ETA=2025-09-10 01:33:01
[45/369] DAWBUA_clean_DDEC_CO2_298.0K_5.0bar_12.5 Done. TimeForThis=2974.2s, Completed=27/369, ETA=2025-09-10 00:51:21
[35/369] GULBAR_clean_DDEC_CO2_298.0K_5.0bar_12.5 Done. TimeForThis=5074.1s, Completed=28/369, ETA=2025-09-09 23:42:12
[29/369] NOFHOG_clean_DDEC_CO2_298.0K_5.0bar_12.5 Done. TimeForThis=8072.9s, Completed=29/369, ETA=2025-09-09 22:53:27
[42/369] BENXUP_clean_DDEC_CO2_298.0K_5.0bar_12.5 Done. TimeForThis=4268.3s, Completed=30/369, ETA=2025-09-09 23:30:41
[55/369] GISZUD_clean_DDEC_CO2_298.0K_5.0bar_12.5 Done. TimeForThis=610.4s, Completed=31/369, ETA=2025-09-09 22:33:45
[41/369] YUZBIG_clean_DDEC_CO2_298.0K_5.0bar_12.5 Done. TimeForThis=4705.3s, Completed=32/369, ETA=2025-09-09 21:50:08
[14/369] YUBFOR_clean_DDEC_CO2_298.0K_5.0bar_12.5 Done. TimeForThis=9568.4s, Completed=33/369, ETA=2025-09-09 21:09:39
[48/369] PUSRUR_clean_DDEC_CO2_298.0K_5.0bar_12.5 Done. TimeForThis=3305.4s, Completed=34/369, ETA=2025-09-09 22:44:37
[52/369] ERUVEU_clean_DDEC_CO2_298.0K_5.0bar_12.5 Done. TimeForThis=2402.7s, Completed=35/369, ETA=2025-09-09 22:07:19
[32/369] XEDPON_clean_DDEC_CO2_298.0K_5.0bar_12.5 Done. TimeForThis=8457.9s, Completed=36/369, ETA=2025-09-09 23:14:03
[3/369] COKMIA_clean_DDEC_CO2_298.0K_5.0bar_12.5 Done. TimeForThis=11474.0s, Completed=37/369, ETA=2025-09-09 23:13:37
[7/369] ZEBMAW_clean_DDEC_CO2_298.0K_5.0bar_12.5 Done. TimeForThis=11647.6s, Completed=38/369, ETA=2025-09-09 22:51:31
[12/369] HOXKUB_clean_DDEC_CO2_298.0K_5.0bar_12.5 Done. TimeForThis=11695.6s, Completed=39/369, ETA=2025-09-09 22:10:45
[44/369] XOVXEM_clean_DDEC_CO2_298.0K_5.0bar_12.5 Done. TimeForThis=5946.5s, Completed=40/369, ETA=2025-09-09 21:25:23
[28/369] RAZYOI_clean_DDEC_CO2_298.0K_5.0bar_12.5 Done. TimeForThis=12518.5s, Completed=41/369, ETA=2025-09-09 22:44:13
[43/369] TASXIW_clean_DDEC_CO2_298.0K_5.0bar_12.5 Done. TimeForThis=7292.1s, Completed=42/369, ETA=2025-09-09 22:13:50
[51/369] JUVWUU_clean_DDEC_CO2_298.0K_5.0bar_12.5 Done. TimeForThis=4793.1s, Completed=43/369, ETA=2025-09-09 21:34:56
[18/369] COKPEZ_clean_DDEC_CO2_298.0K_5.0bar_12.5 Done. TimeForThis=12785.7s, Completed=44/369, ETA=2025-09-09 21:13:32
[61/369] LEJBUX_clean_DDEC_CO2_298.0K_5.0bar_12.5 Done. TimeForThis=3420.8s, Completed=45/369, ETA=2025-09-09 21:01:38
[39/369] ROCZEQ_clean_DDEC_CO2_298.0K_5.0bar_12.5 Done. TimeForThis=9311.8s, Completed=46/369, ETA=2025-09-09 22:10:15
[64/369] YEZKEV_clean_DDEC_CO2_298.0K_5.0bar_12.5 Done. TimeForThis=3037.2s, Completed=47/369, ETA=2025-09-09 22:25:00
[36/369] HAWWOT_clean_DDEC_CO2_298.0K_5.0bar_12.5 Done. TimeForThis=10604.6s, Completed=48/369, ETA=2025-09-09 22:33:44
[58/369] BICPUA_clean_DDEC_CO2_298.0K_5.0bar_12.5 Done. TimeForThis=5309.4s, Completed=49/369, ETA=2025-09-09 22:10:56
[54/369] MASZOX_clean_DDEC_CO2_298.0K_5.0bar_12.5 Done. TimeForThis=6724.2s, Completed=50/369, ETA=2025-09-09 22:57:44
[24/369] POMSER_clean_DDEC_CO2_298.0K_5.0bar_12.5 Done. TimeForThis=15714.5s, Completed=51/369, ETA=2025-09-09 23:01:26
[60/369] XADFAL_clean_DDEC_CO2_298.0K_5.0bar_12.5 Done. TimeForThis=6262.7s, Completed=52/369, ETA=2025-09-09 22:29:24
[70/369] FOHCIP_clean_DDEC_CO2_298.0K_5.0bar_12.5 Done. TimeForThis=3486.6s, Completed=53/369, ETA=2025-09-09 22:34:59
[57/369] IVARUT_clean_DDEC_CO2_298.0K_5.0bar_12.5 Done. TimeForThis=7260.3s, Completed=54/369, ETA=2025-09-09 22:06:42
[62/369] JEJWOL_clean_DDEC_CO2_298.0K_5.0bar_12.5 Done. TimeForThis=5974.8s, Completed=55/369, ETA=2025-09-09 21:55:35
[53/369] XOVVOU_clean_DDEC_CO2_298.0K_5.0bar_12.5 Done. TimeForThis=7758.4s, Completed=56/369, ETA=2025-09-09 21:27:21
[56/369] FIJDIM_clean_DDEC_CO2_298.0K_5.0bar_12.5 Done. TimeForThis=7593.8s, Completed=57/369, ETA=2025-09-09 20:56:40
[67/369] AVUPIR_SL_DDEC_CO2_298.0K_5.0bar_12.5 Done. TimeForThis=4734.2s, Completed=58/369, ETA=2025-09-09 20:28:34
[68/369] RUVKOJ_clean_DDEC_CO2_298.0K_5.0bar_12.5 Done. TimeForThis=5123.8s, Completed=59/369, ETA=2025-09-09 20:40:09
[63/369] CELZEA_clean_DDEC_CO2_298.0K_5.0bar_12.5 Done. TimeForThis=6569.6s, Completed=60/369, ETA=2025-09-09 20:33:40
[78/369] VANXUD03_clean_DDEC_CO2_298.0K_5.0bar_12.5 Done. TimeForThis=1707.9s, Completed=61/369, ETA=2025-09-09 20:08:52
[40/369] FORKUU_clean_DDEC_CO2_298.0K_5.0bar_12.5 Done. TimeForThis=12595.6s, Completed=62/369, ETA=2025-09-09 19:46:58
[81/369] DUCHEP_clean_DDEC_CO2_298.0K_5.0bar_12.5 Done. TimeForThis=1086.7s, Completed=63/369, ETA=2025-09-09 19:24:28
[50/369] KOZNIY_clean_DDEC_CO2_298.0K_5.0bar_12.5 Done. TimeForThis=10073.0s, Completed=64/369, ETA=2025-09-09 19:25:16
[59/369] FAKNIR_clean_DDEC_CO2_298.0K_5.0bar_12.5 Done. TimeForThis=8137.1s, Completed=65/369, ETA=2025-09-09 19:06:54
[47/369] FAVHIW_clean_DDEC_CO2_298.0K_5.0bar_12.5 Done. TimeForThis=11125.4s, Completed=66/369, ETA=2025-09-09 19:02:00
[71/369] QUXREI_clean_DDEC_CO2_298.0K_5.0bar_12.5 Done. TimeForThis=5423.5s, Completed=67/369, ETA=2025-09-09 19:04:57
[22/369] KIPKEB_clean_DDEC_CO2_298.0K_5.0bar_12.5 Done. TimeForThis=18103.0s, Completed=68/369, ETA=2025-09-09 18:43:42
[16/369] AHEQAH_clean_DDEC_CO2_298.0K_5.0bar_12.5 Done. TimeForThis=18344.1s, Completed=69/369, ETA=2025-09-09 18:41:28
[69/369] EGAGEA_clean_DDEC_CO2_298.0K_5.0bar_12.5 Done. TimeForThis=5940.9s, Completed=70/369, ETA=2025-09-09 18:28:14
[65/369] EHAGAX_clean_DDEC_CO2_298.0K_5.0bar_12.5 Done. TimeForThis=7032.1s, Completed=71/369, ETA=2025-09-09 18:09:26
[76/369] KOFPEB04_clean_DDEC_CO2_298.0K_5.0bar_12.5 Done. TimeForThis=4459.7s, Completed=72/369, ETA=2025-09-09 18:32:14
[80/369] XEHSOT_clean_DDEC_CO2_298.0K_5.0bar_12.5 Done. TimeForThis=3543.5s, Completed=73/369, ETA=2025-09-09 18:32:01
[83/369] NOQPAM_clean_DDEC_CO2_298.0K_5.0bar_12.5 Done. TimeForThis=3575.3s, Completed=74/369, ETA=2025-09-09 19:03:05
[74/369] PAPVIN_clean_DDEC_CO2_298.0K_5.0bar_12.5 Done. TimeForThis=6207.6s, Completed=75/369, ETA=2025-09-09 18:46:20
[96/369] POJTUE_clean_DDEC_CO2_298.0K_5.0bar_12.5 Done. TimeForThis=1900.8s, Completed=76/369, ETA=2025-09-09 18:25:10
[86/369] HOXGEH_clean_DDEC_CO2_298.0K_5.0bar_12.5 Done. TimeForThis=3843.4s, Completed=77/369, ETA=2025-09-09 18:25:40
[72/369] CIWYUD_clean_DDEC_CO2_298.0K_5.0bar_12.5 Done. TimeForThis=8222.7s, Completed=78/369, ETA=2025-09-09 19:02:52
[98/369] UMELUU_clean_DDEC_CO2_298.0K_5.0bar_12.5 Done. TimeForThis=2616.6s, Completed=79/369, ETA=2025-09-09 18:47:10
[84/369] UMAROR_clean_DDEC_CO2_298.0K_5.0bar_12.5 Done. TimeForThis=4706.3s, Completed=80/369, ETA=2025-09-09 18:28:52
[85/369] SABZED_clean_DDEC_CO2_298.0K_5.0bar_12.5 Done. TimeForThis=4892.8s, Completed=81/369, ETA=2025-09-09 18:23:39
[105/369] CILDAD_clean_DDEC_CO2_298.0K_5.0bar_12.5 Done. TimeForThis=1043.6s, Completed=82/369, ETA=2025-09-09 18:05:12
[90/369] KIYMAI01_clean_DDEC_CO2_298.0K_5.0bar_12.5 Done. TimeForThis=4387.7s, Completed=83/369, ETA=2025-09-09 18:01:49
[89/369] TISNEQ_clean_DDEC_CO2_298.0K_5.0bar_12.5 Done. TimeForThis=4751.6s, Completed=84/369, ETA=2025-09-09 18:05:08
[99/369] WILRAK_clean_DDEC_CO2_298.0K_5.0bar_12.5 Done. TimeForThis=3414.8s, Completed=85/369, ETA=2025-09-09 17:52:29
[75/369] DIBPAH_clean_DDEC_CO2_298.0K_5.0bar_12.5 Done. TimeForThis=7854.2s, Completed=86/369, ETA=2025-09-09 17:43:50
[92/369] SABZON_clean_DDEC_CO2_298.0K_5.0bar_12.5 Done. TimeForThis=4956.7s, Completed=87/369, ETA=2025-09-09 17:51:50
[66/369] KIVFAY_clean_DDEC_CO2_298.0K_5.0bar_12.5 Done. TimeForThis=11063.2s, Completed=88/369, ETA=2025-09-09 17:53:37
[95/369] QAWRIQ_clean_DDEC_CO2_298.0K_5.0bar_12.5 Done. TimeForThis=4666.9s, Completed=89/369, ETA=2025-09-09 17:37:28
[91/369] EZESAF_clean_DDEC_CO2_298.0K_5.0bar_12.5 Done. TimeForThis=5668.5s, Completed=90/369, ETA=2025-09-09 17:28:24
[73/369] ZEKRIS_clean_DDEC_CO2_298.0K_5.0bar_12.5 Done. TimeForThis=9924.4s, Completed=91/369, ETA=2025-09-09 17:15:00
[93/369] DIBXOD_clean_DDEC_CO2_298.0K_5.0bar_12.5 Done. TimeForThis=5367.2s, Completed=92/369, ETA=2025-09-09 16:58:22
[108/369] CUGVUW_clean_DDEC_CO2_298.0K_5.0bar_12.5 Done. TimeForThis=2030.0s, Completed=93/369, ETA=2025-09-09 16:56:19
[87/369] UZANOZ_clean_DDEC_CO2_298.0K_5.0bar_12.5 Done. TimeForThis=6591.1s, Completed=94/369, ETA=2025-09-09 16:58:24
[101/369] XUNHAQ_clean_DDEC_CO2_298.0K_5.0bar_12.5 Done. TimeForThis=4626.4s, Completed=95/369, ETA=2025-09-09 17:15:04
[104/369] CUMDIY_clean_DDEC_CO2_298.0K_5.0bar_12.5 Done. TimeForThis=4012.4s, Completed=96/369, ETA=2025-09-09 17:04:59
[88/369] OBEDEE_clean_DDEC_CO2_298.0K_5.0bar_12.5 Done. TimeForThis=7111.2s, Completed=97/369, ETA=2025-09-09 16:58:04
[119/369] TOTVUV_clean_DDEC_CO2_298.0K_5.0bar_12.5 Done. TimeForThis=1309.5s, Completed=98/369, ETA=2025-09-09 16:46:34
[116/369] XEHTUB_clean_DDEC_CO2_298.0K_5.0bar_12.5 Done. TimeForThis=1809.2s, Completed=99/369, ETA=2025-09-09 16:49:39
[106/369] RUFRIV_clean_DDEC_CO2_298.0K_5.0bar_12.5 Done. TimeForThis=3531.3s, Completed=100/369, ETA=2025-09-09 16:35:38
[94/369] IFUNUU_clean_DDEC_CO2_298.0K_5.0bar_12.5 Done. TimeForThis=6939.8s, Completed=101/369, ETA=2025-09-09 16:30:52
[97/369] OBUFEX_clean_DDEC_CO2_298.0K_5.0bar_12.5 Done. TimeForThis=6503.2s, Completed=102/369, ETA=2025-09-09 16:24:35
[103/369] GELVEZ_clean_DDEC_CO2_298.0K_5.0bar_12.5 Done. TimeForThis=5099.6s, Completed=103/369, ETA=2025-09-09 16:25:02
[111/369] NACVUI_clean_DDEC_CO2_298.0K_5.0bar_12.5 Done. TimeForThis=3583.3s, Completed=104/369, ETA=2025-09-09 16:11:35
[118/369] HAKWUM_clean_DDEC_CO2_298.0K_5.0bar_12.5 Done. TimeForThis=2544.6s, Completed=105/369, ETA=2025-09-09 16:14:19
[79/369] HAWWIN_clean_DDEC_CO2_298.0K_5.0bar_12.5 Done. TimeForThis=9698.9s, Completed=106/369, ETA=2025-09-09 16:00:54
[123/369] FIPWOS_clean_DDEC_CO2_298.0K_5.0bar_12.5 Done. TimeForThis=2849.1s, Completed=107/369, ETA=2025-09-09 17:05:08
[115/369] PEGCAH_clean_DDEC_CO2_298.0K_5.0bar_12.5 Done. TimeForThis=4435.7s, Completed=108/369, ETA=2025-09-09 16:56:09
[82/369] WEMDID_clean_DDEC_CO2_298.0K_5.0bar_12.5 Done. TimeForThis=10741.0s, Completed=109/369, ETA=2025-09-09 16:44:10
[112/369] ELIKAM_clean_DDEC_CO2_298.0K_5.0bar_12.5 Done. TimeForThis=5222.6s, Completed=110/369, ETA=2025-09-09 16:39:15
[117/369] POHLOP_clean_DDEC_CO2_298.0K_5.0bar_12.5 Done. TimeForThis=4421.2s, Completed=111/369, ETA=2025-09-09 16:31:03
[113/369] QOMSES_clean_DDEC_CO2_298.0K_5.0bar_12.5 Done. TimeForThis=5317.6s, Completed=112/369, ETA=2025-09-09 16:22:08
[109/369] MIYGIL_clean_DDEC_CO2_298.0K_5.0bar_12.5 Done. TimeForThis=5981.4s, Completed=113/369, ETA=2025-09-09 16:11:13
[122/369] WAYKAK_clean_DDEC_CO2_298.0K_5.0bar_12.5 Done. TimeForThis=4201.5s, Completed=114/369, ETA=2025-09-09 16:16:18
[125/369] MOCJAQ_clean_DDEC_CO2_298.0K_5.0bar_12.5 Done. TimeForThis=3506.4s, Completed=115/369, ETA=2025-09-09 16:05:51
[133/369] MEKBAH_clean_DDEC_CO2_298.0K_5.0bar_12.5 Done. TimeForThis=2597.1s, Completed=116/369, ETA=2025-09-09 16:10:54
[102/369] ATOWOW_clean_DDEC_CO2_298.0K_5.0bar_12.5 Done. TimeForThis=8082.8s, Completed=117/369, ETA=2025-09-09 15:59:06
[19/369] FIZPOV_clean_DDEC_CO2_298.0K_5.0bar_12.5 Done. TimeForThis=28287.0s, Completed=118/369, ETA=2025-09-09 16:00:43
[129/369] TISKOW_clean_DDEC_CO2_298.0K_5.0bar_12.5 Done. TimeForThis=4375.9s, Completed=119/369, ETA=2025-09-09 16:29:27
[127/369] EKOPOK_clean_DDEC_CO2_298.0K_5.0bar_12.5 Done. TimeForThis=5021.2s, Completed=120/369, ETA=2025-09-09 16:40:26
[77/369] GINLIA_clean_DDEC_CO2_298.0K_5.0bar_12.5 Done. TimeForThis=14954.1s, Completed=121/369, ETA=2025-09-09 16:33:27
[131/369] VAQLEG_clean_DDEC_CO2_298.0K_5.0bar_12.5 Done. TimeForThis=4904.2s, Completed=122/369, ETA=2025-09-09 16:38:52
[120/369] SOCKOM_clean_DDEC_CO2_298.0K_5.0bar_12.5 Done. TimeForThis=7107.7s, Completed=123/369, ETA=2025-09-09 16:27:40
[110/369] BUVHEH_clean_DDEC_CO2_298.0K_5.0bar_12.5 Done. TimeForThis=9013.9s, Completed=124/369, ETA=2025-09-09 16:30:45
[126/369] UCEXOQ_clean_DDEC_CO2_298.0K_5.0bar_12.5 Done. TimeForThis=6742.7s, Completed=125/369, ETA=2025-09-09 16:49:58
[152/369] PIYZAZ_clean_DDEC_CO2_298.0K_5.0bar_12.5 Done. TimeForThis=806.6s, Completed=126/369, ETA=2025-09-09 16:46:14
[128/369] BAKJII_clean_DDEC_CO2_298.0K_5.0bar_12.5 Done. TimeForThis=7054.3s, Completed=127/369, ETA=2025-09-09 16:56:23
[145/369] VAZLEP01_clean_DDEC_CO2_298.0K_5.0bar_12.5 Done. TimeForThis=3668.9s, Completed=128/369, ETA=2025-09-09 16:48:49
[150/369] MAKSUO_clean_DDEC_CO2_298.0K_5.0bar_12.5 Done. TimeForThis=1962.6s, Completed=129/369, ETA=2025-09-09 16:50:22
[144/369] QARTEK_clean_DDEC_CO2_298.0K_5.0bar_12.5 Done. TimeForThis=4156.4s, Completed=130/369, ETA=2025-09-09 16:47:40
[149/369] PIHNUQ_clean_DDEC_CO2_298.0K_5.0bar_12.5 Done. TimeForThis=2541.9s, Completed=131/369, ETA=2025-09-09 16:37:44
[139/369] QUXRUY_clean_DDEC_CO2_298.0K_5.0bar_12.5 Done. TimeForThis=5344.2s, Completed=132/369, ETA=2025-09-09 16:40:40
[121/369] RUGGUX_clean_DDEC_CO2_298.0K_5.0bar_12.5 Done. TimeForThis=9375.6s, Completed=133/369, ETA=2025-09-09 16:29:45
[134/369] OCUGEZ_clean_DDEC_CO2_298.0K_5.0bar_12.5 Done. TimeForThis=7157.9s, Completed=134/369, ETA=2025-09-09 16:21:19
[146/369] ZISFEO_clean_DDEC_CO2_298.0K_5.0bar_12.5 Done. TimeForThis=4422.1s, Completed=135/369, ETA=2025-09-09 16:16:31
[141/369] EVUNAL_clean_DDEC_CO2_298.0K_5.0bar_12.5 Done. TimeForThis=5599.6s, Completed=136/369, ETA=2025-09-09 16:13:20
[130/369] WEFXEM_clean_DDEC_CO2_298.0K_5.0bar_12.5 Done. TimeForThis=8669.2s, Completed=137/369, ETA=2025-09-09 16:31:01
[151/369] JOSNAG_clean_DDEC_CO2_298.0K_5.0bar_12.5 Done. TimeForThis=3748.0s, Completed=138/369, ETA=2025-09-09 16:31:31
[124/369] DEKHUX_clean_DDEC_CO2_298.0K_5.0bar_12.5 Done. TimeForThis=9863.7s, Completed=139/369, ETA=2025-09-09 16:25:27
[135/369] GIYSOX_clean_DDEC_CO2_298.0K_5.0bar_12.5 Done. TimeForThis=7295.3s, Completed=140/369, ETA=2025-09-09 16:22:55
[140/369] LEGGEK_clean_DDEC_CO2_298.0K_5.0bar_12.5 Done. TimeForThis=6955.8s, Completed=141/369, ETA=2025-09-09 16:17:54
[160/369] LIFQIC_clean_DDEC_CO2_298.0K_5.0bar_12.5 Done. TimeForThis=1721.4s, Completed=142/369, ETA=2025-09-09 16:08:35
[161/369] LODPUR_clean_DDEC_CO2_298.0K_5.0bar_12.5 Done. TimeForThis=2376.1s, Completed=143/369, ETA=2025-09-09 16:26:48
[157/369] EREFEN01_SL_DDEC_CO2_298.0K_5.0bar_12.5 Done. TimeForThis=3564.2s, Completed=144/369, ETA=2025-09-09 16:43:50
[148/369] WENKIL__clean_DDEC_CO2_298.0K_5.0bar_12.5 Done. TimeForThis=6473.0s, Completed=145/369, ETA=2025-09-09 16:53:57
[163/369] IQOZUJ_clean_DDEC_CO2_298.0K_5.0bar_12.5 Done. TimeForThis=3899.6s, Completed=146/369, ETA=2025-09-09 17:08:31
[138/369] POKVIW_clean_DDEC_CO2_298.0K_5.0bar_12.5 Done. TimeForThis=9593.9s, Completed=147/369, ETA=2025-09-09 16:59:51
[143/369] DUZPUL_clean_DDEC_CO2_298.0K_5.0bar_12.5 Done. TimeForThis=9231.4s, Completed=148/369, ETA=2025-09-09 16:59:35
[170/369] XUBJAF01_clean_DDEC_CO2_298.0K_5.0bar_12.5 Done. TimeForThis=2788.5s, Completed=149/369, ETA=2025-09-09 16:54:03
[159/369] IJANAJ_clean_DDEC_CO2_298.0K_5.0bar_12.5 Done. TimeForThis=4824.6s, Completed=150/369, ETA=2025-09-09 16:44:07
[132/369] QOPZIF_clean_DDEC_CO2_298.0K_5.0bar_12.5 Done. TimeForThis=12088.3s, Completed=151/369, ETA=2025-09-09 16:41:39
[162/369] KOGJOG_clean_DDEC_CO2_298.0K_5.0bar_12.5 Done. TimeForThis=4693.9s, Completed=152/369, ETA=2025-09-09 16:34:13
[137/369] OWIJIP_clean_DDEC_CO2_298.0K_5.0bar_12.5 Done. TimeForThis=11160.5s, Completed=153/369, ETA=2025-09-09 16:56:18
[100/369] HEDBOJ_clean_DDEC_CO2_298.0K_5.0bar_12.5 Done. TimeForThis=19049.8s, Completed=154/369, ETA=2025-09-09 16:47:19
[166/369] TUMGOX_clean_DDEC_CO2_298.0K_5.0bar_12.5 Done. TimeForThis=4670.9s, Completed=155/369, ETA=2025-09-09 16:51:46
[154/369] MURCAD_clean_DDEC_CO2_298.0K_5.0bar_12.5 Done. TimeForThis=7452.6s, Completed=156/369, ETA=2025-09-09 16:47:46
[169/369] LUSZOP01_clean_DDEC_CO2_298.0K_5.0bar_12.5 Done. TimeForThis=4439.0s, Completed=157/369, ETA=2025-09-09 16:39:47
[155/369] ROMQAN_clean_DDEC_CO2_298.0K_5.0bar_12.5 Done. TimeForThis=7156.7s, Completed=158/369, ETA=2025-09-09 16:34:47
[142/369] QOSJEP_clean_DDEC_CO2_298.0K_5.0bar_12.5 Done. TimeForThis=11151.5s, Completed=159/369, ETA=2025-09-09 16:25:58
[173/369] HILJUJ_clean_DDEC_CO2_298.0K_5.0bar_12.5 Done. TimeForThis=3386.9s, Completed=160/369, ETA=2025-09-09 16:40:55
[168/369] IHECAB_clean_DDEC_CO2_298.0K_5.0bar_12.5 Done. TimeForThis=5395.8s, Completed=161/369, ETA=2025-09-09 16:33:50
[107/369] LEVNOQ_clean_DDEC_CO2_298.0K_5.0bar_12.5 Done. TimeForThis=18946.2s, Completed=162/369, ETA=2025-09-09 16:45:48
[188/369] MOGVAG_clean_DDEC_CO2_298.0K_5.0bar_12.5 Done. TimeForThis=895.5s, Completed=163/369, ETA=2025-09-09 16:46:50
[178/369] WODRAK_clean_DDEC_CO2_298.0K_5.0bar_12.5 Done. TimeForThis=3601.2s, Completed=164/369, ETA=2025-09-09 16:49:36
[171/369] VIPZAX_clean_DDEC_CO2_298.0K_5.0bar_12.5 Done. TimeForThis=5936.0s, Completed=165/369, ETA=2025-09-09 16:48:01
[153/369] GIYTIS_SL_DDEC_CO2_298.0K_5.0bar_12.5 Done. TimeForThis=9957.6s, Completed=166/369, ETA=2025-09-09 16:42:35
[165/369] KIYQEQ_clean_DDEC_CO2_298.0K_5.0bar_12.5 Done. TimeForThis=7837.4s, Completed=167/369, ETA=2025-09-09 16:49:21
[182/369] GUFBOA_clean_DDEC_CO2_298.0K_5.0bar_12.5 Done. TimeForThis=3343.5s, Completed=168/369, ETA=2025-09-09 16:42:58
[167/369] GUMDEZ_clean_DDEC_CO2_298.0K_5.0bar_12.5 Done. TimeForThis=7578.6s, Completed=169/369, ETA=2025-09-09 16:35:08
[158/369] SAQQOR_clean_h_DDEC_CO2_298.0K_5.0bar_12.5 Done. TimeForThis=9823.6s, Completed=170/369, ETA=2025-09-09 16:45:07
[147/369] TAGTED_clean_DDEC_CO2_298.0K_5.0bar_12.5 Done. TimeForThis=13457.9s, Completed=171/369, ETA=2025-09-09 16:56:25
[172/369] VOXQOQ_clean_DDEC_CO2_298.0K_5.0bar_12.5 Done. TimeForThis=7421.3s, Completed=172/369, ETA=2025-09-09 17:02:11
[136/369] WOJZAY_clean_DDEC_CO2_298.0K_5.0bar_12.5 Done. TimeForThis=16238.7s, Completed=173/369, ETA=2025-09-09 16:58:41
[114/369] JUYROM_clean_DDEC_CO2_298.0K_5.0bar_12.5 Done. TimeForThis=21072.3s, Completed=174/369, ETA=2025-09-09 16:50:52
[164/369] HAWZEM_clean_DDEC_CO2_298.0K_5.0bar_12.5 Done. TimeForThis=10551.8s, Completed=175/369, ETA=2025-09-09 16:52:47
[176/369] OJIWIO_clean_DDEC_CO2_298.0K_5.0bar_12.5 Done. TimeForThis=6887.5s, Completed=176/369, ETA=2025-09-09 16:56:21
[156/369] XEWFAI_clean_DDEC_CO2_298.0K_5.0bar_12.5 Done. TimeForThis=12375.4s, Completed=177/369, ETA=2025-09-09 16:57:22
[180/369] WILHIK_clean_DDEC_CO2_298.0K_5.0bar_12.5 Done. TimeForThis=7330.3s, Completed=178/369, ETA=2025-09-09 17:07:15
[198/369] PIKBUH_clean_DDEC_CO2_298.0K_5.0bar_12.5 Done. TimeForThis=2774.0s, Completed=179/369, ETA=2025-09-09 17:04:04
[185/369] CAHLEE_clean_DDEC_CO2_298.0K_5.0bar_12.5 Done. TimeForThis=6219.3s, Completed=180/369, ETA=2025-09-09 16:58:54
[190/369] XADDAJ01_clean_DDEC_CO2_298.0K_5.0bar_12.5 Done. TimeForThis=4893.3s, Completed=181/369, ETA=2025-09-09 16:52:35
[184/369] LAVSUY_clean_DDEC_CO2_298.0K_5.0bar_12.5 Done. TimeForThis=6349.3s, Completed=182/369, ETA=2025-09-09 16:44:59
[193/369] ZIYPUU_clean_DDEC_CO2_298.0K_5.0bar_12.5 Done. TimeForThis=4212.2s, Completed=183/369, ETA=2025-09-09 16:39:54
[189/369] MAZJAY_clean_DDEC_CO2_298.0K_5.0bar_12.5 Done. TimeForThis=5622.7s, Completed=184/369, ETA=2025-09-09 16:33:21
[181/369] CIGFEF_clean_DDEC_CO2_298.0K_5.0bar_12.5 Done. TimeForThis=7190.7s, Completed=185/369, ETA=2025-09-09 16:30:43
[212/369] YEFNOM_clean_DDEC_CO2_298.0K_5.0bar_12.5 Done. TimeForThis=426.1s, Completed=186/369, ETA=2025-09-09 16:31:14
[197/369] NAPZOV_clean_DDEC_CO2_298.0K_5.0bar_12.5 Done. TimeForThis=4305.3s, Completed=187/369, ETA=2025-09-09 16:31:31
[191/369] COMDOY_clean_DDEC_CO2_298.0K_5.0bar_12.5 Done. TimeForThis=5536.7s, Completed=188/369, ETA=2025-09-09 16:25:47
[201/369] XUNTIL_clean_DDEC_CO2_298.0K_5.0bar_12.5 Done. TimeForThis=2734.3s, Completed=189/369, ETA=2025-09-09 16:17:56
[186/369] DACXUB_clean_DDEC_CO2_298.0K_5.0bar_12.5 Done. TimeForThis=7124.0s, Completed=190/369, ETA=2025-09-09 16:11:20
[192/369] WAYMIU__clean_DDEC_CO2_298.0K_5.0bar_12.5 Done. TimeForThis=5572.8s, Completed=191/369, ETA=2025-09-09 16:13:44
[203/369] ARAHIM01_clean_DDEC_CO2_298.0K_5.0bar_12.5 Done. TimeForThis=2964.0s, Completed=192/369, ETA=2025-09-09 16:12:35
[187/369] NUDMAC_clean_DDEC_CO2_298.0K_5.0bar_12.5 Done. TimeForThis=8126.2s, Completed=193/369, ETA=2025-09-09 16:20:45
[194/369] ECUDEM_clean_DDEC_CO2_298.0K_5.0bar_12.5 Done. TimeForThis=6023.3s, Completed=194/369, ETA=2025-09-09 16:14:42
[216/369] FUTJOV_clean_DDEC_CO2_298.0K_5.0bar_12.5 Done. TimeForThis=1284.0s, Completed=195/369, ETA=2025-09-09 16:12:27
[179/369] XAMDUM04_clean_DDEC_CO2_298.0K_5.0bar_12.5 Done. TimeForThis=9919.0s, Completed=196/369, ETA=2025-09-09 16:05:00
[196/369] WOWGEU02_clean_DDEC_CO2_298.0K_5.0bar_12.5 Done. TimeForThis=5730.6s, Completed=197/369, ETA=2025-09-09 15:58:37
[206/369] XEKDOI_clean_DDEC_CO2_298.0K_5.0bar_12.5 Done. TimeForThis=2788.7s, Completed=198/369, ETA=2025-09-09 15:58:13
[204/369] ASIRUR_clean_DDEC_CO2_298.0K_5.0bar_12.5 Done. TimeForThis=3845.7s, Completed=199/369, ETA=2025-09-09 15:58:22
[175/369] LADHEF_clean_DDEC_CO2_298.0K_5.0bar_12.5 Done. TimeForThis=11379.3s, Completed=200/369, ETA=2025-09-09 16:03:25
[199/369] DIMDAG_clean_DDEC_CO2_298.0K_5.0bar_12.5 Done. TimeForThis=5707.1s, Completed=201/369, ETA=2025-09-09 16:02:41
[200/369] CUVTUJ_clean_DDEC_CO2_298.0K_5.0bar_12.5 Done. TimeForThis=5548.0s, Completed=202/369, ETA=2025-09-09 16:03:01
[215/369] UVARIT_clean_DDEC_CO2_298.0K_5.0bar_12.5 Done. TimeForThis=2978.4s, Completed=203/369, ETA=2025-09-09 16:03:07
[217/369] UXUPEK_clean_DDEC_CO2_298.0K_5.0bar_12.5 Done. TimeForThis=3174.8s, Completed=204/369, ETA=2025-09-09 16:03:59
[218/369] GIFFEI_clean_DDEC_CO2_298.0K_5.0bar_12.5 Done. TimeForThis=3357.8s, Completed=205/369, ETA=2025-09-09 16:03:25
[222/369] FOHSAW01_clean_DDEC_CO2_298.0K_5.0bar_12.5 Done. TimeForThis=2806.6s, Completed=206/369, ETA=2025-09-09 16:11:48
[214/369] GIRFUJ_clean_DDEC_CO2_298.0K_5.0bar_12.5 Done. TimeForThis=4278.1s, Completed=207/369, ETA=2025-09-09 16:05:41
[183/369] RIPNIP_clean_DDEC_CO2_298.0K_5.0bar_12.5 Done. TimeForThis=11444.7s, Completed=208/369, ETA=2025-09-09 16:01:30
[205/369] TUBLIN_clean_DDEC_CO2_298.0K_5.0bar_12.5 Done. TimeForThis=5904.1s, Completed=209/369, ETA=2025-09-09 15:56:42
[195/369] CUQROX_clean_DDEC_CO2_298.0K_5.0bar_12.5 Done. TimeForThis=8957.8s, Completed=210/369, ETA=2025-09-09 15:59:51
[211/369] KUYPIF_clean_DDEC_CO2_298.0K_5.0bar_12.5 Done. TimeForThis=5279.9s, Completed=211/369, ETA=2025-09-09 15:52:57
[226/369] ICIZAV_clean_DDEC_CO2_298.0K_5.0bar_12.5 Done. TimeForThis=2986.1s, Completed=212/369, ETA=2025-09-09 15:47:39
[221/369] AQMAND01_clean_DDEC_CO2_298.0K_5.0bar_12.5 Done. TimeForThis=3540.7s, Completed=213/369, ETA=2025-09-09 15:42:40
[210/369] DIBXIX_clean_DDEC_CO2_298.0K_5.0bar_12.5 Done. TimeForThis=5552.9s, Completed=214/369, ETA=2025-09-09 15:37:30
[225/369] XOTHAP_clean_DDEC_CO2_298.0K_5.0bar_12.5 Done. TimeForThis=3557.3s, Completed=215/369, ETA=2025-09-09 15:37:07
[230/369] HUXWAY_clean_DDEC_CO2_298.0K_5.0bar_12.5 Done. TimeForThis=2319.5s, Completed=216/369, ETA=2025-09-09 15:33:21
[229/369] ECASAD_clean_DDEC_CO2_298.0K_5.0bar_12.5 Done. TimeForThis=2577.1s, Completed=217/369, ETA=2025-09-09 15:26:52
[231/369] SOGXAP_clean_DDEC_CO2_298.0K_5.0bar_12.5 Done. TimeForThis=2404.0s, Completed=218/369, ETA=2025-09-09 15:29:20
[213/369] DUQCAU_clean_DDEC_CO2_298.0K_5.0bar_12.5 Done. TimeForThis=6192.8s, Completed=219/369, ETA=2025-09-09 15:31:05
[233/369] KONFIE_clean_DDEC_CO2_298.0K_5.0bar_12.5 Done. TimeForThis=2229.2s, Completed=220/369, ETA=2025-09-09 15:25:02
[177/369] ETEJUJ_clean_DDEC_CO2_298.0K_5.0bar_12.5 Done. TimeForThis=14616.1s, Completed=221/369, ETA=2025-09-09 15:23:06
[240/369] YAFDAM_clean_DDEC_CO2_298.0K_5.0bar_12.5 Done. TimeForThis=1712.5s, Completed=222/369, ETA=2025-09-09 15:29:16
[202/369] CENJIQ_clean_DDEC_CO2_298.0K_5.0bar_12.5 Done. TimeForThis=9026.7s, Completed=223/369, ETA=2025-09-09 15:24:51
[219/369] WIYFAM_clean_DDEC_CO2_298.0K_5.0bar_12.5 Done. TimeForThis=6528.0s, Completed=224/369, ETA=2025-09-09 15:33:51
[245/369] NAJGAH_clean_DDEC_CO2_298.0K_5.0bar_12.5 Done. TimeForThis=1904.3s, Completed=225/369, ETA=2025-09-09 15:27:42
[223/369] CIGDUT_clean_DDEC_CO2_298.0K_5.0bar_12.5 Done. TimeForThis=5628.7s, Completed=226/369, ETA=2025-09-09 15:21:47
[174/369] WUTKIG_clean_DDEC_CO2_298.0K_5.0bar_12.5 Done. TimeForThis=17485.6s, Completed=227/369, ETA=2025-09-09 15:52:00
[238/369] KOMGUP_clean_DDEC_CO2_298.0K_5.0bar_12.5 Done. TimeForThis=4028.8s, Completed=228/369, ETA=2025-09-09 15:52:12
[253/369] HOJLEY_clean_DDEC_CO2_298.0K_5.0bar_12.5 Done. TimeForThis=1675.7s, Completed=229/369, ETA=2025-09-09 15:47:32
[224/369] DIMKER_clean_DDEC_CO2_298.0K_5.0bar_12.5 Done. TimeForThis=7325.4s, Completed=230/369, ETA=2025-09-09 15:42:19
[251/369] DUXSIA_clean_DDEC_CO2_298.0K_5.0bar_12.5 Done. TimeForThis=2678.7s, Completed=231/369, ETA=2025-09-09 15:46:21
[247/369] XEHSUZ_clean_DDEC_CO2_298.0K_5.0bar_12.5 Done. TimeForThis=3689.1s, Completed=232/369, ETA=2025-09-09 15:47:56
[209/369] FAVHES_clean_DDEC_CO2_298.0K_5.0bar_12.5 Done. TimeForThis=10606.4s, Completed=233/369, ETA=2025-09-09 15:51:56
[241/369] CAXWAB_clean_DDEC_CO2_298.0K_5.0bar_12.5 Done. TimeForThis=5584.9s, Completed=234/369, ETA=2025-09-09 15:58:46
[242/369] NATXIR_clean_DDEC_CO2_298.0K_5.0bar_12.5 Done. TimeForThis=5564.9s, Completed=235/369, ETA=2025-09-09 15:53:28
[254/369] TUFSUK_clean_DDEC_CO2_298.0K_5.0bar_12.5 Done. TimeForThis=3316.5s, Completed=236/369, ETA=2025-09-09 15:47:24
[232/369] XOTXUB_clean_DDEC_CO2_298.0K_5.0bar_12.5 Done. TimeForThis=7075.9s, Completed=237/369, ETA=2025-09-09 15:41:52
[236/369] BIBXOB_clean_DDEC_CO2_298.0K_5.0bar_12.5 Done. TimeForThis=6222.2s, Completed=238/369, ETA=2025-09-09 15:36:21
[244/369] JUVROJ_clean_DDEC_CO2_298.0K_5.0bar_12.5 Done. TimeForThis=5909.0s, Completed=239/369, ETA=2025-09-09 15:46:10
[243/369] FAWCEN02_SL_DDEC_CO2_298.0K_5.0bar_12.5 Done. TimeForThis=6212.8s, Completed=240/369, ETA=2025-09-09 15:45:13
[263/369] LABKIL_clean_DDEC_CO2_298.0K_5.0bar_12.5 Done. TimeForThis=1008.3s, Completed=241/369, ETA=2025-09-09 15:42:40
[246/369] GUXLIU_clean_DDEC_CO2_298.0K_5.0bar_12.5 Done. TimeForThis=6025.9s, Completed=242/369, ETA=2025-09-09 15:39:22
[248/369] VAPFOJ_clean_DDEC_CO2_298.0K_5.0bar_12.5 Done. TimeForThis=5839.4s, Completed=243/369, ETA=2025-09-09 15:36:39
[249/369] PIDMEV_clean_DDEC_CO2_298.0K_5.0bar_12.5 Done. TimeForThis=5875.7s, Completed=244/369, ETA=2025-09-09 15:35:47
[228/369] KANDIO_clean_DDEC_CO2_298.0K_5.0bar_12.5 Done. TimeForThis=9676.8s, Completed=245/369, ETA=2025-09-09 15:35:02
[208/369] YAVVAV_clean_DDEC_CO2_298.0K_5.0bar_12.5 Done. TimeForThis=13151.3s, Completed=246/369, ETA=2025-09-09 15:36:32
[257/369] QISKIN_clean_DDEC_CO2_298.0K_5.0bar_12.5 Done. TimeForThis=3905.6s, Completed=247/369, ETA=2025-09-09 15:38:18
[272/369] VIGRIO_clean_DDEC_CO2_298.0K_5.0bar_12.5 Done. TimeForThis=998.0s, Completed=248/369, ETA=2025-09-09 15:37:09
[227/369] FIRNOL_clean_DDEC_CO2_298.0K_5.0bar_12.5 Done. TimeForThis=10938.0s, Completed=249/369, ETA=2025-09-09 15:32:57
[234/369] HIWKII_clean_DDEC_CO2_298.0K_5.0bar_12.5 Done. TimeForThis=8929.7s, Completed=250/369, ETA=2025-09-09 15:30:03
[207/369] IZEWAN_clean_DDEC_CO2_298.0K_5.0bar_12.5 Done. TimeForThis=13990.1s, Completed=251/369, ETA=2025-09-09 15:25:47
[250/369] IFEQIV_SL_DDEC_CO2_298.0K_5.0bar_12.5 Done. TimeForThis=6994.1s, Completed=252/369, ETA=2025-09-09 15:28:12
[262/369] POXHOA_clean_DDEC_CO2_298.0K_5.0bar_12.5 Done. TimeForThis=3062.9s, Completed=253/369, ETA=2025-09-09 15:22:39
[259/369] SERJUV_clean_DDEC_CO2_298.0K_5.0bar_12.5 Done. TimeForThis=4572.6s, Completed=254/369, ETA=2025-09-09 15:24:52
[266/369] BOHGOU_clean_DDEC_CO2_298.0K_5.0bar_12.5 Done. TimeForThis=3900.5s, Completed=255/369, ETA=2025-09-09 15:33:46
[275/369] JETNOL_clean_DDEC_CO2_298.0K_5.0bar_12.5 Done. TimeForThis=1955.0s, Completed=256/369, ETA=2025-09-09 15:34:13
[260/369] IFENOY01_SL_DDEC_CO2_298.0K_5.0bar_12.5 Done. TimeForThis=5914.3s, Completed=257/369, ETA=2025-09-09 15:47:17
[239/369] ESUSOC_clean_DDEC_CO2_298.0K_5.0bar_12.5 Done. TimeForThis=10802.1s, Completed=258/369, ETA=2025-09-09 15:43:18
[273/369] IBUDOZ_clean_DDEC_CO2_298.0K_5.0bar_12.5 Done. TimeForThis=3408.5s, Completed=259/369, ETA=2025-09-09 15:37:40
[282/369] PEBNEP_clean_DDEC_CO2_298.0K_5.0bar_12.5 Done. TimeForThis=1719.0s, Completed=260/369, ETA=2025-09-09 15:32:20
[269/369] YEFPEE_clean_DDEC_CO2_298.0K_5.0bar_12.5 Done. TimeForThis=4495.8s, Completed=261/369, ETA=2025-09-09 15:37:01
[271/369] AFOVOH_clean_DDEC_CO2_298.0K_5.0bar_12.5 Done. TimeForThis=4474.3s, Completed=262/369, ETA=2025-09-09 15:36:31
[258/369] FIJDIM10_clean_DDEC_CO2_298.0K_5.0bar_12.5 Done. TimeForThis=7355.4s, Completed=263/369, ETA=2025-09-09 15:31:38
[235/369] ESIDOB_clean_DDEC_CO2_298.0K_5.0bar_12.5 Done. TimeForThis=12170.7s, Completed=264/369, ETA=2025-09-09 15:29:49
[278/369] OMEWUZ_clean_DDEC_CO2_298.0K_5.0bar_12.5 Done. TimeForThis=3378.9s, Completed=265/369, ETA=2025-09-09 15:26:45
[237/369] UGUHEK_clean_DDEC_CO2_298.0K_5.0bar_12.5 Done. TimeForThis=12396.2s, Completed=266/369, ETA=2025-09-09 15:28:15
[252/369] GERWEH_clean_DDEC_CO2_298.0K_5.0bar_12.5 Done. TimeForThis=9960.4s, Completed=267/369, ETA=2025-09-09 15:30:10
[265/369] TARWAK_clean_DDEC_CO2_298.0K_5.0bar_12.5 Done. TimeForThis=6914.1s, Completed=268/369, ETA=2025-09-09 15:32:11
[296/369] SOXHUI_SL_DDEC_CO2_298.0K_5.0bar_12.5 Done. TimeForThis=232.9s, Completed=269/369, ETA=2025-09-09 15:32:08
[281/369] AFOVAT_clean_DDEC_CO2_298.0K_5.0bar_12.5 Done. TimeForThis=4340.4s, Completed=270/369, ETA=2025-09-09 15:31:05
[280/369] ODIXEG_clean_DDEC_CO2_298.0K_5.0bar_12.5 Done. TimeForThis=4475.5s, Completed=271/369, ETA=2025-09-09 15:28:41
[264/369] IGINIX01_clean_DDEC_CO2_298.0K_5.0bar_12.5 Done. TimeForThis=7691.5s, Completed=272/369, ETA=2025-09-09 15:27:56
[277/369] YUJNIB_clean_DDEC_CO2_298.0K_5.0bar_12.5 Done. TimeForThis=5232.8s, Completed=273/369, ETA=2025-09-09 15:23:40
[301/369] __pycache__ FAILED: Command '/home/yongsang/PSID_SIMULATION_TOOLS/RASPA/bin/simulate simulation.input' died with <Signals.SIGSEGV: 11>.
[299/369] BUDDIO_clean_DDEC_CO2_298.0K_5.0bar_12.5 Done. TimeForThis=959.7s, Completed=274/369, ETA=2025-09-09 15:34:26
[285/369] UMUTUS_clean_DDEC_CO2_298.0K_5.0bar_12.5 Done. TimeForThis=3784.5s, Completed=275/369, ETA=2025-09-09 15:36:18
[283/369] LEPLEZ02_clean_DDEC_CO2_298.0K_5.0bar_12.5 Done. TimeForThis=5719.5s, Completed=276/369, ETA=2025-09-09 15:51:05
[261/369] SEJBAL_clean_DDEC_CO2_298.0K_5.0bar_12.5 Done. TimeForThis=10435.2s, Completed=277/369, ETA=2025-09-09 15:50:50
[293/369] OPAPUR_clean_DDEC_CO2_298.0K_5.0bar_12.5 Done. TimeForThis=3897.3s, Completed=278/369, ETA=2025-09-09 15:45:37
[295/369] NIKZAJ_clean_DDEC_CO2_298.0K_5.0bar_12.5 Done. TimeForThis=3329.2s, Completed=279/369, ETA=2025-09-09 15:41:27
[268/369] ODODES_clean_DDEC_CO2_298.0K_5.0bar_12.5 Done. TimeForThis=9164.8s, Completed=280/369, ETA=2025-09-09 15:38:07
[270/369] FAVHAO_clean_DDEC_CO2_298.0K_5.0bar_12.5 Done. TimeForThis=9215.5s, Completed=281/369, ETA=2025-09-09 15:39:25
[297/369] GOYXUP_clean_DDEC_CO2_298.0K_5.0bar_12.5 Done. TimeForThis=3436.5s, Completed=282/369, ETA=2025-09-09 15:40:25
[287/369] KUNWEW_clean_DDEC_CO2_298.0K_5.0bar_12.5 Done. TimeForThis=5610.5s, Completed=283/369, ETA=2025-09-09 15:36:31
[256/369] HAKSOE_clean_DDEC_CO2_298.0K_5.0bar_12.5 Done. TimeForThis=12422.1s, Completed=284/369, ETA=2025-09-09 15:32:11
[220/369] MATBAM_clean_DDEC_CO2_298.0K_5.0bar_12.5 Done. TimeForThis=20444.8s, Completed=285/369, ETA=2025-09-09 15:28:49
[288/369] NUYNEC_clean_manual_DDEC_CO2_298.0K_5.0bar_12.5 Done. TimeForThis=5918.6s, Completed=286/369, ETA=2025-09-09 15:28:10
[298/369] XIPTEW_clean_DDEC_CO2_298.0K_5.0bar_12.5 Done. TimeForThis=3964.1s, Completed=287/369, ETA=2025-09-09 15:30:28
[274/369] FAPXEC_clean_DDEC_CO2_298.0K_5.0bar_12.5 Done. TimeForThis=9677.1s, Completed=288/369, ETA=2025-09-09 15:31:43
[284/369] QEZZIF_clean_DDEC_CO2_298.0K_5.0bar_12.5 Done. TimeForThis=7428.8s, Completed=289/369, ETA=2025-09-09 15:27:00
[294/369] GEDQOX_clean_DDEC_CO2_298.0K_5.0bar_12.5 Done. TimeForThis=6030.8s, Completed=290/369, ETA=2025-09-09 15:36:49
[300/369] CUTBEA_clean_DDEC_CO2_298.0K_5.0bar_12.5 Done. TimeForThis=5114.3s, Completed=291/369, ETA=2025-09-09 15:41:55
[318/369] MIXKUB_clean_DDEC_CO2_298.0K_5.0bar_12.5 Done. TimeForThis=2010.1s, Completed=292/369, ETA=2025-09-09 15:54:32
[304/369] OSIXIY_clean_DDEC_CO2_298.0K_5.0bar_12.5 Done. TimeForThis=5749.5s, Completed=293/369, ETA=2025-09-09 16:07:55
[319/369] XEDPIH_clean_DDEC_CO2_298.0K_5.0bar_12.5 Done. TimeForThis=2502.2s, Completed=294/369, ETA=2025-09-09 16:09:26
[308/369] UMUTOM_clean_DDEC_CO2_298.0K_5.0bar_12.5 Done. TimeForThis=4892.0s, Completed=295/369, ETA=2025-09-09 16:04:32
[313/369] YERJEL_clean_DDEC_CO2_298.0K_5.0bar_12.5 Done. TimeForThis=4220.5s, Completed=296/369, ETA=2025-09-09 16:01:16
[311/369] DAFSEL_clean_DDEC_CO2_298.0K_5.0bar_12.5 Done. TimeForThis=4615.8s, Completed=297/369, ETA=2025-09-09 16:02:34
[312/369] GUSCIH_clean_DDEC_CO2_298.0K_5.0bar_12.5 Done. TimeForThis=4797.0s, Completed=298/369, ETA=2025-09-09 16:02:32
[306/369] NAVJAW01_clean_DDEC_CO2_298.0K_5.0bar_12.5 Done. TimeForThis=5575.6s, Completed=299/369, ETA=2025-09-09 15:57:46
[255/369] DEPXOM_clean_DDEC_CO2_298.0K_5.0bar_12.5 Done. TimeForThis=17590.9s, Completed=300/369, ETA=2025-09-09 15:55:59
[292/369] GONTAG_clean_DDEC_CO2_298.0K_5.0bar_12.5 Done. TimeForThis=9804.7s, Completed=301/369, ETA=2025-09-09 15:52:43
[315/369] VAZMIU_clean_DDEC_CO2_298.0K_5.0bar_12.5 Done. TimeForThis=4732.7s, Completed=302/369, ETA=2025-09-09 15:48:09
[310/369] KINDIW_clean_DDEC_CO2_298.0K_5.0bar_12.5 Done. TimeForThis=5471.3s, Completed=303/369, ETA=2025-09-09 15:44:58
[267/369] DUTKAG_clean_DDEC_CO2_298.0K_5.0bar_12.5 Done. TimeForThis=15195.7s, Completed=304/369, ETA=2025-09-09 15:41:28
[321/369] IXAMEA_clean_DDEC_CO2_298.0K_5.0bar_12.5 Done. TimeForThis=2493.2s, Completed=305/369, ETA=2025-09-09 15:42:14
[316/369] YUKXAF_clean_DDEC_CO2_298.0K_5.0bar_12.5 Done. TimeForThis=5042.3s, Completed=306/369, ETA=2025-09-09 15:42:09
[323/369] AVEHAM_clean_DDEC_CO2_298.0K_5.0bar_12.5 Done. TimeForThis=1894.5s, Completed=307/369, ETA=2025-09-09 15:44:35
[286/369] UJAQEC_clean_DDEC_CO2_298.0K_5.0bar_12.5 Done. TimeForThis=12319.2s, Completed=308/369, ETA=2025-09-09 15:52:47
[303/369] USOXEH_clean_DDEC_CO2_298.0K_5.0bar_12.5 Done. TimeForThis=9110.0s, Completed=309/369, ETA=2025-09-09 15:51:44
[290/369] NIMPEG_clean_DDEC_CO2_298.0K_5.0bar_12.5 Done. TimeForThis=11959.6s, Completed=310/369, ETA=2025-09-09 15:49:15
[324/369] XUNSEG_clean_DDEC_CO2_298.0K_5.0bar_12.5 Done. TimeForThis=3598.4s, Completed=311/369, ETA=2025-09-09 15:59:39
[276/369] CAPLOX_clean_DDEC_CO2_298.0K_5.0bar_12.5 Done. TimeForThis=16107.9s, Completed=312/369, ETA=2025-09-09 15:57:05
[317/369] OKELIB_clean_DDEC_CO2_298.0K_5.0bar_12.5 Done. TimeForThis=6996.7s, Completed=313/369, ETA=2025-09-09 15:53:45
[314/369] LELMIA01_clean_DDEC_CO2_298.0K_5.0bar_12.5 Done. TimeForThis=8012.4s, Completed=314/369, ETA=2025-09-09 15:52:32
[279/369] BUVYIB_clean_DDEC_CO2_298.0K_5.0bar_12.5 Done. TimeForThis=16142.0s, Completed=315/369, ETA=2025-09-09 15:48:30
[331/369] CEGDUO_clean_DDEC_CO2_298.0K_5.0bar_12.5 Done. TimeForThis=3468.1s, Completed=316/369, ETA=2025-09-09 15:50:53
[341/369] KUSZED_clean_DDEC_CO2_298.0K_5.0bar_12.5 Done. TimeForThis=1283.8s, Completed=317/369, ETA=2025-09-09 15:58:47
[329/369] LAXGOH03_clean_DDEC_CO2_298.0K_5.0bar_12.5 Done. TimeForThis=4502.5s, Completed=318/369, ETA=2025-09-09 15:59:53
[326/369] DIBXAP_clean_DDEC_CO2_298.0K_5.0bar_12.5 Done. TimeForThis=5162.2s, Completed=319/369, ETA=2025-09-09 16:00:17
[289/369] OQEPUW_clean_DDEC_CO2_298.0K_5.0bar_12.5 Done. TimeForThis=15022.3s, Completed=320/369, ETA=2025-09-09 15:58:17
[332/369] NUHQIS_clean_DDEC_CO2_298.0K_5.0bar_12.5 Done. TimeForThis=4758.0s, Completed=321/369, ETA=2025-09-09 15:54:20
[322/369] GIYSIR_clean_DDEC_CO2_298.0K_5.0bar_12.5 Done. TimeForThis=6576.4s, Completed=322/369, ETA=2025-09-09 16:00:06
[337/369] YOPPAW_clean_DDEC_CO2_298.0K_5.0bar_12.5 Done. TimeForThis=3982.2s, Completed=323/369, ETA=2025-09-09 16:00:30
[307/369] ORIWET_clean_DDEC_CO2_298.0K_5.0bar_12.5 Done. TimeForThis=11562.6s, Completed=324/369, ETA=2025-09-09 15:57:55
[328/369] HITXUE_clean_DDEC_CO2_298.0K_5.0bar_12.5 Done. TimeForThis=7018.2s, Completed=325/369, ETA=2025-09-09 16:12:52
[338/369] IJASES01_clean_DDEC_CO2_298.0K_5.0bar_12.5 Done. TimeForThis=4954.7s, Completed=326/369, ETA=2025-09-09 16:08:48
[336/369] GEDQIR_clean_DDEC_CO2_298.0K_5.0bar_12.5 Done. TimeForThis=6410.9s, Completed=327/369, ETA=2025-09-09 16:15:58
[302/369] WOTSEF_clean_DDEC_CO2_298.0K_5.0bar_12.5 Done. TimeForThis=15687.2s, Completed=328/369, ETA=2025-09-09 16:16:49
[349/369] BONNIC_clean_DDEC_CO2_298.0K_5.0bar_12.5 Done. TimeForThis=2974.1s, Completed=329/369, ETA=2025-09-09 16:13:37
[347/369] XUNSUW_clean_DDEC_CO2_298.0K_5.0bar_12.5 Done. TimeForThis=3428.1s, Completed=330/369, ETA=2025-09-09 16:10:12
[342/369] QADWIE_clean_DDEC_CO2_298.0K_5.0bar_12.5 Done. TimeForThis=5535.0s, Completed=331/369, ETA=2025-09-09 16:16:48
[309/369] TOXNIF_clean_DDEC_CO2_298.0K_5.0bar_12.5 Done. TimeForThis=14160.6s, Completed=332/369, ETA=2025-09-09 16:13:04
[356/369] MOBBOU_clean_DDEC_CO2_298.0K_5.0bar_12.5 Done. TimeForThis=1751.4s, Completed=333/369, ETA=2025-09-09 16:21:29
[350/369] GARSUQ_clean_DDEC_CO2_298.0K_5.0bar_12.5 Done. TimeForThis=4681.8s, Completed=334/369, ETA=2025-09-09 16:23:25
[361/369] TAXHUX_clean_DDEC_CO2_298.0K_5.0bar_12.5 Done. TimeForThis=1201.4s, Completed=335/369, ETA=2025-09-09 16:21:48
[330/369] HIFGIO_SL_DDEC_CO2_298.0K_5.0bar_12.5 Done. TimeForThis=9912.3s, Completed=336/369, ETA=2025-09-09 16:21:25
[320/369] UMESIQ_clean_DDEC_CO2_298.0K_5.0bar_12.5 Done. TimeForThis=12842.3s, Completed=337/369, ETA=2025-09-09 16:17:36
[340/369] EZUCIM_clean_DDEC_CO2_298.0K_5.0bar_12.5 Done. TimeForThis=7294.3s, Completed=338/369, ETA=2025-09-09 16:14:41
[335/369] LAGNOY_clean_DDEC_CO2_298.0K_5.0bar_12.5 Done. TimeForThis=9879.1s, Completed=339/369, ETA=2025-09-09 16:19:40
[325/369] ASUJIJ_clean_DDEC_CO2_298.0K_5.0bar_12.5 Done. TimeForThis=11705.9s, Completed=340/369, ETA=2025-09-09 16:22:08
[366/369] CIGYAU_clean_DDEC_CO2_298.0K_5.0bar_12.5 Done. TimeForThis=1074.8s, Completed=341/369, ETA=2025-09-09 16:19:30
[305/369] COYVES_clean_DDEC_CO2_298.0K_5.0bar_12.5 Done. TimeForThis=17181.3s, Completed=342/369, ETA=2025-09-09 16:17:24
[339/369] QOZPOM_clean_DDEC_CO2_298.0K_5.0bar_12.5 Done. TimeForThis=9409.0s, Completed=343/369, ETA=2025-09-09 16:17:13
[358/369] ECAHEX_clean_DDEC_CO2_298.0K_5.0bar_12.5 Done. TimeForThis=3666.8s, Completed=344/369, ETA=2025-09-09 16:14:19
[353/369] RASXEP01_clean_DDEC_CO2_298.0K_5.0bar_12.5 Done. TimeForThis=5703.8s, Completed=345/369, ETA=2025-09-09 16:10:02
[351/369] UNOJUD_clean_DDEC_CO2_298.0K_5.0bar_12.5 Done. TimeForThis=6438.7s, Completed=346/369, ETA=2025-09-09 16:12:20
[327/369] COTVUE_clean_DDEC_CO2_298.0K_5.0bar_12.5 Done. TimeForThis=12108.5s, Completed=347/369, ETA=2025-09-09 16:08:42
[360/369] AMIWID_clean_DDEC_CO2_298.0K_5.0bar_12.5 Done. TimeForThis=3662.9s, Completed=348/369, ETA=2025-09-09 16:08:43
[333/369] OZUKOL_clean_DDEC_CO2_298.0K_5.0bar_12.5 Done. TimeForThis=12139.8s, Completed=349/369, ETA=2025-09-09 16:07:47
[355/369] BEKYOG_clean_DDEC_CO2_298.0K_5.0bar_12.5 Done. TimeForThis=5660.4s, Completed=350/369, ETA=2025-09-09 16:06:37
[364/369] BONWAD_clean_DDEC_CO2_298.0K_5.0bar_12.5 Done. TimeForThis=3098.7s, Completed=351/369, ETA=2025-09-09 16:07:56
[346/369] BUPVEP_clean_DDEC_CO2_298.0K_5.0bar_12.5 Done. TimeForThis=9686.8s, Completed=352/369, ETA=2025-09-09 16:21:38
[369/369] HAZGOF02_clean_h_DDEC_CO2_298.0K_5.0bar_12.5 Done. TimeForThis=3166.8s, Completed=353/369, ETA=2025-09-09 16:22:14
[359/369] VULKIX_clean_DDEC_CO2_298.0K_5.0bar_12.5 Done. TimeForThis=6405.0s, Completed=354/369, ETA=2025-09-09 16:20:52
[362/369] GARTAX_clean_DDEC_CO2_298.0K_5.0bar_12.5 Done. TimeForThis=5304.0s, Completed=355/369, ETA=2025-09-09 16:20:43
[367/369] LUSZIJ_clean_DDEC_CO2_298.0K_5.0bar_12.5 Done. TimeForThis=4513.9s, Completed=356/369, ETA=2025-09-09 16:17:25
[354/369] SIKYER_clean_DDEC_CO2_298.0K_5.0bar_12.5 Done. TimeForThis=7776.6s, Completed=357/369, ETA=2025-09-09 16:13:36
[334/369] CUVHIL_clean_h_DDEC_CO2_298.0K_5.0bar_12.5 Done. TimeForThis=15321.6s, Completed=358/369, ETA=2025-09-09 16:29:55
[368/369] CAXWIJ_clean_DDEC_CO2_298.0K_5.0bar_12.5 Done. TimeForThis=5662.9s, Completed=359/369, ETA=2025-09-09 16:33:29
[348/369] SONTAR__clean_DDEC_CO2_298.0K_5.0bar_12.5 Done. TimeForThis=11550.3s, Completed=360/369, ETA=2025-09-09 16:29:45
[352/369] UCAXEC_clean_DDEC_CO2_298.0K_5.0bar_12.5 Done. TimeForThis=10912.5s, Completed=361/369, ETA=2025-09-09 16:31:15
[345/369] XAGPUT_clean_DDEC_CO2_298.0K_5.0bar_12.5 Done. TimeForThis=13332.5s, Completed=362/369, ETA=2025-09-09 16:31:18
[357/369] ZARZAV_clean_DDEC_CO2_298.0K_5.0bar_12.5 Done. TimeForThis=10166.0s, Completed=363/369, ETA=2025-09-09 16:45:21
[363/369] GAJZAU_clean_DDEC_CO2_298.0K_5.0bar_12.5 Done. TimeForThis=8934.7s, Completed=364/369, ETA=2025-09-09 16:50:59
[344/369] PAMTOO_clean_DDEC_CO2_298.0K_5.0bar_12.5 Done. TimeForThis=15568.4s, Completed=365/369, ETA=2025-09-09 16:50:32
[343/369] ETEJOD_clean_DDEC_CO2_298.0K_5.0bar_12.5 Done. TimeForThis=15927.8s, Completed=366/369, ETA=2025-09-09 16:51:52
[291/369] IDIWUN_clean_DDEC_CO2_298.0K_5.0bar_12.5 Done. TimeForThis=30506.3s, Completed=367/369, ETA=2025-09-09 17:13:19
[365/369] WOPSAX_clean_DDEC_CO2_298.0K_5.0bar_12.5 Done. TimeForThis=11331.3s, Completed=368/369, ETA=2025-09-09 17:20:47
---- ALL DONE at 2025-09-09 17:16:34 ----
